<?xml version="1.0" encoding="utf-8"?>
<TestRun id="35595a99-cef7-4c6e-a4c8-76781d551ce8" name="@runnervmejwal 2026-09-05 06:37:51" xmlns="http://microsoft.com/schemas/VisualStudio/TeamTest/2010">
  <Times creation="2026-09-05T06:37:51.4440920+00:00" queuing="2026-09-05T06:37:51.4440921+00:00" start="2026-09-05T06:37:49.5558936+00:00" finish="2026-09-05T06:38:16.8723525+00:00" />
  <TestSettings name="default" id="5c4d7f23-f5e9-439a-8e6a-236668a47caa">
    <Deployment runDeploymentRoot="_runnervmejwal_2026-09-05_06_37_51" />
  </TestSettings>
  <Results>
    <UnitTestResult executionId="de3c22c8-efac-4f6f-8ebc-62d31e75b5cd" testId="acb2f3ab-260f-16f2-daed-19b4d6b5945b" testName="SonnetDB.Parity.Runner.ResultDifferTests.DiffSqlResults_WithTimeBucketContract_NormalizesWindowStopOnEitherSide" computerName="runnervmejwal" duration="00:00:00.0001998" startTime="2026-09-05T06:37:50.2423019+00:00" endTime="2026-09-05T06:37:50.2423477+00:00" testType="13cdc9d9-ddb5-4fa4-a97d-d965ccfc6d4b" outcome="Passed" testListId="8c84fa94-04c1-424b-9868-57a2d4851a1d" relativeResultsDirectory="de3c22c8-efac-4f6f-8ebc-62d31e75b5cd" />
    <UnitTestResult executionId="440453ea-bd35-4a1c-8af0-e633af1310ec" testId="0c4b18d7-aafc-8287-45d4-75233304d011" testName="SonnetDB.Parity.Runner.ParityRunner.FullTextSuite_SonnetDbMatchesMeilisearch" computerName="runnervmejwal" duration="00:00:00.3982936" startTime="2026-09-05T06:38:14.1155169+00:00" endTime="2026-09-05T06:38:14.5140242+00:00" testType="13cdc9d9-ddb5-4fa4-a97d-d965ccfc6d4b" outcome="Passed" testListId="8c84fa94-04c1-424b-9868-57a2d4851a1d" relativeResultsDirectory="440453ea-bd35-4a1c-8af0-e633af1310ec" />
    <UnitTestResult executionId="6496e974-70e1-4cf4-9a39-e4dd94e85fa0" testId="326f18ea-ff47-0d78-2a31-253eef3e3b9d" testName="SonnetDB.Parity.Runner.ResultDifferTests.DiffSqlResults_WithTimeBucketContract_KeepsValueColumnsStrict" computerName="runnervmejwal" duration="00:00:00.0066959" startTime="2026-09-05T06:37:50.2157475+00:00" endTime="2026-09-05T06:37:50.2304554+00:00" testType="13cdc9d9-ddb5-4fa4-a97d-d965ccfc6d4b" outcome="Passed" testListId="8c84fa94-04c1-424b-9868-57a2d4851a1d" relativeResultsDirectory="6496e974-70e1-4cf4-9a39-e4dd94e85fa0" />
    <UnitTestResult executionId="f7e2b2e8-e833-4772-abb3-5586561e9a2c" testId="9d48f0d2-2ffa-3aeb-e036-ad27082d0bb4" testName="SonnetDB.Parity.Adapters.RelationalResultMaterializerTests.ReadAsync_WithFractionalDecimal_NormalizesToDouble" computerName="runnervmejwal" duration="00:00:00.1322043" startTime="2026-09-05T06:37:50.2142755+00:00" endTime="2026-09-05T06:37:50.3537667+00:00" testType="13cdc9d9-ddb5-4fa4-a97d-d965ccfc6d4b" outcome="Passed" testListId="8c84fa94-04c1-424b-9868-57a2d4851a1d" relativeResultsDirectory="f7e2b2e8-e833-4772-abb3-5586561e9a2c" />
    <UnitTestResult executionId="41ebc85e-df0d-4945-97f4-8cca8520d659" testId="45a94119-4f7f-2202-c475-1c2e4d283298" testName="SonnetDB.Parity.Runner.ResultDifferTests.DiffSqlResults_WithTimeBucketContract_NormalizesWindowStopToBucketStart" computerName="runnervmejwal" duration="00:00:00.0004407" startTime="2026-09-05T06:37:50.2414011+00:00" endTime="2026-09-05T06:37:50.2414863+00:00" testType="13cdc9d9-ddb5-4fa4-a97d-d965ccfc6d4b" outcome="Passed" testListId="8c84fa94-04c1-424b-9868-57a2d4851a1d" relativeResultsDirectory="41ebc85e-df0d-4945-97f4-8cca8520d659" />
    <UnitTestResult executionId="edc3206f-6eaf-433d-91ba-b7310bc7744f" testId="707c162a-e09a-96a2-445c-c45322d5e8e8" testName="SonnetDB.Parity.Runner.ParityRunner.MqSuite_SonnetMqMatchesNatsJetStream" computerName="runnervmejwal" duration="00:00:01.0497316" startTime="2026-09-05T06:38:15.0510050+00:00" endTime="2026-09-05T06:38:16.1010099+00:00" testType="13cdc9d9-ddb5-4fa4-a97d-d965ccfc6d4b" outcome="Passed" testListId="8c84fa94-04c1-424b-9868-57a2d4851a1d" relativeResultsDirectory="edc3206f-6eaf-433d-91ba-b7310bc7744f" />
    <UnitTestResult executionId="6e59fe7a-63d5-4bba-a1d2-93906b36fa82" testId="66a88082-7872-fe6d-92d1-1ef9f0689ba7" testName="SonnetDB.Parity.Runner.ParityRunner.ObjectSuite_SonnetDbMatchesMinio" computerName="runnervmejwal" duration="00:00:00.8751443" startTime="2026-09-05T06:38:10.7184598+00:00" endTime="2026-09-05T06:38:11.5938699+00:00" testType="13cdc9d9-ddb5-4fa4-a97d-d965ccfc6d4b" outcome="Passed" testListId="8c84fa94-04c1-424b-9868-57a2d4851a1d" relativeResultsDirectory="6e59fe7a-63d5-4bba-a1d2-93906b36fa82" />
    <UnitTestResult executionId="42f1ed60-0648-4a4d-b6c4-1341df40491d" testId="7a2f4258-eca0-9ab2-de74-b48e51c31b91" testName="SonnetDB.Parity.Runner.ProtocolIngestParitySuite.LineProtocol_HttpUdpMqttAndCoap_ProduceEquivalentRows" computerName="runnervmejwal" duration="00:00:00.1441624" startTime="2026-09-05T06:38:16.1018486+00:00" endTime="2026-09-05T06:38:16.7898956+00:00" testType="13cdc9d9-ddb5-4fa4-a97d-d965ccfc6d4b" outcome="Passed" testListId="8c84fa94-04c1-424b-9868-57a2d4851a1d" relativeResultsDirectory="42f1ed60-0648-4a4d-b6c4-1341df40491d" />
    <UnitTestResult executionId="e3448e35-8fc2-44c2-b28a-50d1d067c083" testId="b2f087cf-30a2-36dc-426f-7c7c70967bf0" testName="SonnetDB.Parity.Runner.ParityRunner.KvSuite_SonnetDbMatchesRedis" computerName="runnervmejwal" duration="00:00:17.3567133" startTime="2026-09-05T06:37:50.7575562+00:00" endTime="2026-09-05T06:38:08.1147700+00:00" testType="13cdc9d9-ddb5-4fa4-a97d-d965ccfc6d4b" outcome="Passed" testListId="8c84fa94-04c1-424b-9868-57a2d4851a1d" relativeResultsDirectory="e3448e35-8fc2-44c2-b28a-50d1d067c083" />
    <UnitTestResult executionId="76c9ccf7-4988-4d9b-90b5-a0bcbc531d72" testId="da0cedfe-ae28-1d5e-524f-235c86149b72" testName="SonnetDB.Parity.Runner.ParityRunner.DocumentSuite_SonnetDbMatchesMongoDbSemantics" computerName="runnervmejwal" duration="00:00:02.3900772" startTime="2026-09-05T06:38:08.1152644+00:00" endTime="2026-09-05T06:38:10.5053705+00:00" testType="13cdc9d9-ddb5-4fa4-a97d-d965ccfc6d4b" outcome="Passed" testListId="8c84fa94-04c1-424b-9868-57a2d4851a1d" relativeResultsDirectory="76c9ccf7-4988-4d9b-90b5-a0bcbc531d72" />
    <UnitTestResult executionId="490ce17d-a456-4243-aa19-5a941cccb68b" testId="66e61c5f-c702-a767-f8b5-e32fbd491049" testName="SonnetDB.Parity.Runner.FrameRestTransportParitySuite.FrameHttp2_And_Rest_AreSemanticallyEquivalent_ForAllServices" computerName="runnervmejwal" duration="00:00:01.0608820" startTime="2026-09-05T06:37:50.3921309+00:00" endTime="2026-09-05T06:37:53.4181563+00:00" testType="13cdc9d9-ddb5-4fa4-a97d-d965ccfc6d4b" outcome="Passed" testListId="8c84fa94-04c1-424b-9868-57a2d4851a1d" relativeResultsDirectory="490ce17d-a456-4243-aa19-5a941cccb68b" />
    <UnitTestResult executionId="633ff9d9-2edd-48ce-953b-192b9918418d" testId="ee07b8ae-2701-101a-fee5-0fb9b5b109b4" testName="SonnetDB.Parity.Runner.ResultDifferTests.DiffSqlResults_WithBucketAlias_AcceptsEquivalentTimeColumnName" computerName="runnervmejwal" duration="00:00:00.0002006" startTime="2026-09-05T06:37:50.2420741+00:00" endTime="2026-09-05T06:37:50.2421481+00:00" testType="13cdc9d9-ddb5-4fa4-a97d-d965ccfc6d4b" outcome="Passed" testListId="8c84fa94-04c1-424b-9868-57a2d4851a1d" relativeResultsDirectory="633ff9d9-2edd-48ce-953b-192b9918418d" />
    <UnitTestResult executionId="384c91ff-23b9-45f6-bbe4-14fa9f6ff43b" testId="6cfb7d90-74fc-c7a3-287d-37b4650aa54d" testName="SonnetDB.Parity.Runner.ParityRunner.VectorSuite_SonnetDbMatchesQdrant" computerName="runnervmejwal" duration="00:00:01.8307539" startTime="2026-09-05T06:38:12.2842789+00:00" endTime="2026-09-05T06:38:14.1152762+00:00" testType="13cdc9d9-ddb5-4fa4-a97d-d965ccfc6d4b" outcome="Passed" testListId="8c84fa94-04c1-424b-9868-57a2d4851a1d" relativeResultsDirectory="384c91ff-23b9-45f6-bbe4-14fa9f6ff43b" />
    <UnitTestResult executionId="a2a4289a-ca7d-4486-81cf-eda643b73554" testId="56b0765d-9cc2-4c9e-e01f-ce69614fa9ee" testName="SonnetDB.Parity.Runner.ParityRunner.AnalyticsSuite_SonnetDbMatchesClickHouse" computerName="runnervmejwal" duration="00:00:00.2124101" startTime="2026-09-05T06:38:10.5061516+00:00" endTime="2026-09-05T06:38:10.7182050+00:00" testType="13cdc9d9-ddb5-4fa4-a97d-d965ccfc6d4b" outcome="Passed" testListId="8c84fa94-04c1-424b-9868-57a2d4851a1d" relativeResultsDirectory="a2a4289a-ca7d-4486-81cf-eda643b73554" />
    <UnitTestResult executionId="ae9c15f2-106d-4af4-8570-8cd2bb26e3f0" testId="a3dce82f-2060-f755-ba41-589eaef086cf" testName="SonnetDB.Parity.Runner.ParityRunner.RelationalSuite_SonnetDbMatchesPostgres" computerName="runnervmejwal" duration="00:00:00.5363326" startTime="2026-09-05T06:38:14.5142348+00:00" endTime="2026-09-05T06:38:15.0507835+00:00" testType="13cdc9d9-ddb5-4fa4-a97d-d965ccfc6d4b" outcome="Passed" testListId="8c84fa94-04c1-424b-9868-57a2d4851a1d" relativeResultsDirectory="ae9c15f2-106d-4af4-8570-8cd2bb26e3f0" />
    <UnitTestResult executionId="be616c4f-6f54-4a77-b057-deae745a943c" testId="e7b8d2f1-2350-3ae7-4d72-5c147a8fd3cb" testName="SonnetDB.Parity.Adapters.RelationalResultMaterializerTests.ReadAsync_WithIntegralDecimal_NormalizesToInt64" computerName="runnervmejwal" duration="00:00:00.0375715" startTime="2026-09-05T06:37:50.3541169+00:00" endTime="2026-09-05T06:37:50.3914651+00:00" testType="13cdc9d9-ddb5-4fa4-a97d-d965ccfc6d4b" outcome="Passed" testListId="8c84fa94-04c1-424b-9868-57a2d4851a1d" relativeResultsDirectory="be616c4f-6f54-4a77-b057-deae745a943c" />
    <UnitTestResult executionId="9f71e6b7-6b86-4a1e-880f-73463a1af53d" testId="da7990f2-5dd5-68c9-cd8b-83165d59ca0a" testName="SonnetDB.Parity.Runner.ParityRunner.TsdbSuite_SonnetDbMatchesInfluxDbAndVictoriaMetrics" computerName="runnervmejwal" duration="00:00:00.6896226" startTime="2026-09-05T06:38:11.5941542+00:00" endTime="2026-09-05T06:38:12.2840403+00:00" testType="13cdc9d9-ddb5-4fa4-a97d-d965ccfc6d4b" outcome="Passed" testListId="8c84fa94-04c1-424b-9868-57a2d4851a1d" relativeResultsDirectory="9f71e6b7-6b86-4a1e-880f-73463a1af53d" />
    <UnitTestResult executionId="18f81963-ce39-4952-afe6-14104dbbe54e" testId="907c1091-f136-9237-2fef-0d4a35743dd3" testName="SonnetDB.Parity.Runner.ParityRunner.GraphBetaSuite_SonnetDbPassesAndExternalParityRemainsNotRun" computerName="runnervmejwal" duration="00:00:00.5187925" startTime="2026-09-05T06:37:50.2437553+00:00" endTime="2026-09-05T06:37:50.7562064+00:00" testType="13cdc9d9-ddb5-4fa4-a97d-d965ccfc6d4b" outcome="Passed" testListId="8c84fa94-04c1-424b-9868-57a2d4851a1d" relativeResultsDirectory="18f81963-ce39-4952-afe6-14104dbbe54e" />
  </Results>
  <TestDefinitions>
    <UnitTest name="SonnetDB.Parity.Runner.ParityRunner.DocumentSuite_SonnetDbMatchesMongoDbSemantics" storage="/home/runner/work/sonnetdb/sonnetdb/tests/sonnetdb.parity/bin/release/net10.0/sonnetdb.parity.dll" id="da0cedfe-ae28-1d5e-524f-235c86149b72">
      <Execution id="76c9ccf7-4988-4d9b-90b5-a0bcbc531d72" />
      <TestMethod codeBase="/home/runner/work/SonnetDB/SonnetDB/tests/SonnetDB.Parity/bin/Release/net10.0/SonnetDB.Parity.dll" adapterTypeName="executor://xunit/VsTestRunner3/netcore/" className="SonnetDB.Parity.Runner.ParityRunner" name="DocumentSuite_SonnetDbMatchesMongoDbSemantics" />
    </UnitTest>
    <UnitTest name="SonnetDB.Parity.Runner.ParityRunner.TsdbSuite_SonnetDbMatchesInfluxDbAndVictoriaMetrics" storage="/home/runner/work/sonnetdb/sonnetdb/tests/sonnetdb.parity/bin/release/net10.0/sonnetdb.parity.dll" id="da7990f2-5dd5-68c9-cd8b-83165d59ca0a">
      <Execution id="9f71e6b7-6b86-4a1e-880f-73463a1af53d" />
      <TestMethod codeBase="/home/runner/work/SonnetDB/SonnetDB/tests/SonnetDB.Parity/bin/Release/net10.0/SonnetDB.Parity.dll" adapterTypeName="executor://xunit/VsTestRunner3/netcore/" className="SonnetDB.Parity.Runner.ParityRunner" name="TsdbSuite_SonnetDbMatchesInfluxDbAndVictoriaMetrics" />
    </UnitTest>
    <UnitTest name="SonnetDB.Parity.Runner.ParityRunner.GraphBetaSuite_SonnetDbPassesAndExternalParityRemainsNotRun" storage="/home/runner/work/sonnetdb/sonnetdb/tests/sonnetdb.parity/bin/release/net10.0/sonnetdb.parity.dll" id="907c1091-f136-9237-2fef-0d4a35743dd3">
      <Execution id="18f81963-ce39-4952-afe6-14104dbbe54e" />
      <TestMethod codeBase="/home/runner/work/SonnetDB/SonnetDB/tests/SonnetDB.Parity/bin/Release/net10.0/SonnetDB.Parity.dll" adapterTypeName="executor://xunit/VsTestRunner3/netcore/" className="SonnetDB.Parity.Runner.ParityRunner" name="GraphBetaSuite_SonnetDbPassesAndExternalParityRemainsNotRun" />
    </UnitTest>
    <UnitTest name="SonnetDB.Parity.Runner.ParityRunner.RelationalSuite_SonnetDbMatchesPostgres" storage="/home/runner/work/sonnetdb/sonnetdb/tests/sonnetdb.parity/bin/release/net10.0/sonnetdb.parity.dll" id="a3dce82f-2060-f755-ba41-589eaef086cf">
      <Execution id="ae9c15f2-106d-4af4-8570-8cd2bb26e3f0" />
      <TestMethod codeBase="/home/runner/work/SonnetDB/SonnetDB/tests/SonnetDB.Parity/bin/Release/net10.0/SonnetDB.Parity.dll" adapterTypeName="executor://xunit/VsTestRunner3/netcore/" className="SonnetDB.Parity.Runner.ParityRunner" name="RelationalSuite_SonnetDbMatchesPostgres" />
    </UnitTest>
    <UnitTest name="SonnetDB.Parity.Adapters.RelationalResultMaterializerTests.ReadAsync_WithIntegralDecimal_NormalizesToInt64" storage="/home/runner/work/sonnetdb/sonnetdb/tests/sonnetdb.parity/bin/release/net10.0/sonnetdb.parity.dll" id="e7b8d2f1-2350-3ae7-4d72-5c147a8fd3cb">
      <Execution id="be616c4f-6f54-4a77-b057-deae745a943c" />
      <TestMethod codeBase="/home/runner/work/SonnetDB/SonnetDB/tests/SonnetDB.Parity/bin/Release/net10.0/SonnetDB.Parity.dll" adapterTypeName="executor://xunit/VsTestRunner3/netcore/" className="SonnetDB.Parity.Adapters.RelationalResultMaterializerTests" name="ReadAsync_WithIntegralDecimal_NormalizesToInt64" />
    </UnitTest>
    <UnitTest name="SonnetDB.Parity.Runner.ProtocolIngestParitySuite.LineProtocol_HttpUdpMqttAndCoap_ProduceEquivalentRows" storage="/home/runner/work/sonnetdb/sonnetdb/tests/sonnetdb.parity/bin/release/net10.0/sonnetdb.parity.dll" id="7a2f4258-eca0-9ab2-de74-b48e51c31b91">
      <Execution id="42f1ed60-0648-4a4d-b6c4-1341df40491d" />
      <TestMethod codeBase="/home/runner/work/SonnetDB/SonnetDB/tests/SonnetDB.Parity/bin/Release/net10.0/SonnetDB.Parity.dll" adapterTypeName="executor://xunit/VsTestRunner3/netcore/" className="SonnetDB.Parity.Runner.ProtocolIngestParitySuite" name="LineProtocol_HttpUdpMqttAndCoap_ProduceEquivalentRows" />
    </UnitTest>
    <UnitTest name="SonnetDB.Parity.Runner.FrameRestTransportParitySuite.FrameHttp2_And_Rest_AreSemanticallyEquivalent_ForAllServices" storage="/home/runner/work/sonnetdb/sonnetdb/tests/sonnetdb.parity/bin/release/net10.0/sonnetdb.parity.dll" id="66e61c5f-c702-a767-f8b5-e32fbd491049">
      <Execution id="490ce17d-a456-4243-aa19-5a941cccb68b" />
      <TestMethod codeBase="/home/runner/work/SonnetDB/SonnetDB/tests/SonnetDB.Parity/bin/Release/net10.0/SonnetDB.Parity.dll" adapterTypeName="executor://xunit/VsTestRunner3/netcore/" className="SonnetDB.Parity.Runner.FrameRestTransportParitySuite" name="FrameHttp2_And_Rest_AreSemanticallyEquivalent_ForAllServices" />
    </UnitTest>
    <UnitTest name="SonnetDB.Parity.Runner.ResultDifferTests.DiffSqlResults_WithTimeBucketContract_KeepsValueColumnsStrict" storage="/home/runner/work/sonnetdb/sonnetdb/tests/sonnetdb.parity/bin/release/net10.0/sonnetdb.parity.dll" id="326f18ea-ff47-0d78-2a31-253eef3e3b9d">
      <Execution id="6496e974-70e1-4cf4-9a39-e4dd94e85fa0" />
      <TestMethod codeBase="/home/runner/work/SonnetDB/SonnetDB/tests/SonnetDB.Parity/bin/Release/net10.0/SonnetDB.Parity.dll" adapterTypeName="executor://xunit/VsTestRunner3/netcore/" className="SonnetDB.Parity.Runner.ResultDifferTests" name="DiffSqlResults_WithTimeBucketContract_KeepsValueColumnsStrict" />
    </UnitTest>
    <UnitTest name="SonnetDB.Parity.Runner.ParityRunner.MqSuite_SonnetMqMatchesNatsJetStream" storage="/home/runner/work/sonnetdb/sonnetdb/tests/sonnetdb.parity/bin/release/net10.0/sonnetdb.parity.dll" id="707c162a-e09a-96a2-445c-c45322d5e8e8">
      <Execution id="edc3206f-6eaf-433d-91ba-b7310bc7744f" />
      <TestMethod codeBase="/home/runner/work/SonnetDB/SonnetDB/tests/SonnetDB.Parity/bin/Release/net10.0/SonnetDB.Parity.dll" adapterTypeName="executor://xunit/VsTestRunner3/netcore/" className="SonnetDB.Parity.Runner.ParityRunner" name="MqSuite_SonnetMqMatchesNatsJetStream" />
    </UnitTest>
    <UnitTest name="SonnetDB.Parity.Adapters.RelationalResultMaterializerTests.ReadAsync_WithFractionalDecimal_NormalizesToDouble" storage="/home/runner/work/sonnetdb/sonnetdb/tests/sonnetdb.parity/bin/release/net10.0/sonnetdb.parity.dll" id="9d48f0d2-2ffa-3aeb-e036-ad27082d0bb4">
      <Execution id="f7e2b2e8-e833-4772-abb3-5586561e9a2c" />
      <TestMethod codeBase="/home/runner/work/SonnetDB/SonnetDB/tests/SonnetDB.Parity/bin/Release/net10.0/SonnetDB.Parity.dll" adapterTypeName="executor://xunit/VsTestRunner3/netcore/" className="SonnetDB.Parity.Adapters.RelationalResultMaterializerTests" name="ReadAsync_WithFractionalDecimal_NormalizesToDouble" />
    </UnitTest>
    <UnitTest name="SonnetDB.Parity.Runner.ResultDifferTests.DiffSqlResults_WithTimeBucketContract_NormalizesWindowStopToBucketStart" storage="/home/runner/work/sonnetdb/sonnetdb/tests/sonnetdb.parity/bin/release/net10.0/sonnetdb.parity.dll" id="45a94119-4f7f-2202-c475-1c2e4d283298">
      <Execution id="41ebc85e-df0d-4945-97f4-8cca8520d659" />
      <TestMethod codeBase="/home/runner/work/SonnetDB/SonnetDB/tests/SonnetDB.Parity/bin/Release/net10.0/SonnetDB.Parity.dll" adapterTypeName="executor://xunit/VsTestRunner3/netcore/" className="SonnetDB.Parity.Runner.ResultDifferTests" name="DiffSqlResults_WithTimeBucketContract_NormalizesWindowStopToBucketStart" />
    </UnitTest>
    <UnitTest name="SonnetDB.Parity.Runner.ParityRunner.ObjectSuite_SonnetDbMatchesMinio" storage="/home/runner/work/sonnetdb/sonnetdb/tests/sonnetdb.parity/bin/release/net10.0/sonnetdb.parity.dll" id="66a88082-7872-fe6d-92d1-1ef9f0689ba7">
      <Execution id="6e59fe7a-63d5-4bba-a1d2-93906b36fa82" />
      <TestMethod codeBase="/home/runner/work/SonnetDB/SonnetDB/tests/SonnetDB.Parity/bin/Release/net10.0/SonnetDB.Parity.dll" adapterTypeName="executor://xunit/VsTestRunner3/netcore/" className="SonnetDB.Parity.Runner.ParityRunner" name="ObjectSuite_SonnetDbMatchesMinio" />
    </UnitTest>
    <UnitTest name="SonnetDB.Parity.Runner.ParityRunner.KvSuite_SonnetDbMatchesRedis" storage="/home/runner/work/sonnetdb/sonnetdb/tests/sonnetdb.parity/bin/release/net10.0/sonnetdb.parity.dll" id="b2f087cf-30a2-36dc-426f-7c7c70967bf0">
      <Execution id="e3448e35-8fc2-44c2-b28a-50d1d067c083" />
      <TestMethod codeBase="/home/runner/work/SonnetDB/SonnetDB/tests/SonnetDB.Parity/bin/Release/net10.0/SonnetDB.Parity.dll" adapterTypeName="executor://xunit/VsTestRunner3/netcore/" className="SonnetDB.Parity.Runner.ParityRunner" name="KvSuite_SonnetDbMatchesRedis" />
    </UnitTest>
    <UnitTest name="SonnetDB.Parity.Runner.ParityRunner.FullTextSuite_SonnetDbMatchesMeilisearch" storage="/home/runner/work/sonnetdb/sonnetdb/tests/sonnetdb.parity/bin/release/net10.0/sonnetdb.parity.dll" id="0c4b18d7-aafc-8287-45d4-75233304d011">
      <Execution id="440453ea-bd35-4a1c-8af0-e633af1310ec" />
      <TestMethod codeBase="/home/runner/work/SonnetDB/SonnetDB/tests/SonnetDB.Parity/bin/Release/net10.0/SonnetDB.Parity.dll" adapterTypeName="executor://xunit/VsTestRunner3/netcore/" className="SonnetDB.Parity.Runner.ParityRunner" name="FullTextSuite_SonnetDbMatchesMeilisearch" />
    </UnitTest>
    <UnitTest name="SonnetDB.Parity.Runner.ParityRunner.AnalyticsSuite_SonnetDbMatchesClickHouse" storage="/home/runner/work/sonnetdb/sonnetdb/tests/sonnetdb.parity/bin/release/net10.0/sonnetdb.parity.dll" id="56b0765d-9cc2-4c9e-e01f-ce69614fa9ee">
      <Execution id="a2a4289a-ca7d-4486-81cf-eda643b73554" />
      <TestMethod codeBase="/home/runner/work/SonnetDB/SonnetDB/tests/SonnetDB.Parity/bin/Release/net10.0/SonnetDB.Parity.dll" adapterTypeName="executor://xunit/VsTestRunner3/netcore/" className="SonnetDB.Parity.Runner.ParityRunner" name="AnalyticsSuite_SonnetDbMatchesClickHouse" />
    </UnitTest>
    <UnitTest name="SonnetDB.Parity.Runner.ResultDifferTests.DiffSqlResults_WithTimeBucketContract_NormalizesWindowStopOnEitherSide" storage="/home/runner/work/sonnetdb/sonnetdb/tests/sonnetdb.parity/bin/release/net10.0/sonnetdb.parity.dll" id="acb2f3ab-260f-16f2-daed-19b4d6b5945b">
      <Execution id="de3c22c8-efac-4f6f-8ebc-62d31e75b5cd" />
      <TestMethod codeBase="/home/runner/work/SonnetDB/SonnetDB/tests/SonnetDB.Parity/bin/Release/net10.0/SonnetDB.Parity.dll" adapterTypeName="executor://xunit/VsTestRunner3/netcore/" className="SonnetDB.Parity.Runner.ResultDifferTests" name="DiffSqlResults_WithTimeBucketContract_NormalizesWindowStopOnEitherSide" />
    </UnitTest>
    <UnitTest name="SonnetDB.Parity.Runner.ResultDifferTests.DiffSqlResults_WithBucketAlias_AcceptsEquivalentTimeColumnName" storage="/home/runner/work/sonnetdb/sonnetdb/tests/sonnetdb.parity/bin/release/net10.0/sonnetdb.parity.dll" id="ee07b8ae-2701-101a-fee5-0fb9b5b109b4">
      <Execution id="633ff9d9-2edd-48ce-953b-192b9918418d" />
      <TestMethod codeBase="/home/runner/work/SonnetDB/SonnetDB/tests/SonnetDB.Parity/bin/Release/net10.0/SonnetDB.Parity.dll" adapterTypeName="executor://xunit/VsTestRunner3/netcore/" className="SonnetDB.Parity.Runner.ResultDifferTests" name="DiffSqlResults_WithBucketAlias_AcceptsEquivalentTimeColumnName" />
    </UnitTest>
    <UnitTest name="SonnetDB.Parity.Runner.ParityRunner.VectorSuite_SonnetDbMatchesQdrant" storage="/home/runner/work/sonnetdb/sonnetdb/tests/sonnetdb.parity/bin/release/net10.0/sonnetdb.parity.dll" id="6cfb7d90-74fc-c7a3-287d-37b4650aa54d">
      <Execution id="384c91ff-23b9-45f6-bbe4-14fa9f6ff43b" />
      <TestMethod codeBase="/home/runner/work/SonnetDB/SonnetDB/tests/SonnetDB.Parity/bin/Release/net10.0/SonnetDB.Parity.dll" adapterTypeName="executor://xunit/VsTestRunner3/netcore/" className="SonnetDB.Parity.Runner.ParityRunner" name="VectorSuite_SonnetDbMatchesQdrant" />
    </UnitTest>
  </TestDefinitions>
  <TestEntries>
    <TestEntry testId="acb2f3ab-260f-16f2-daed-19b4d6b5945b" executionId="de3c22c8-efac-4f6f-8ebc-62d31e75b5cd" testListId="8c84fa94-04c1-424b-9868-57a2d4851a1d" />
    <TestEntry testId="0c4b18d7-aafc-8287-45d4-75233304d011" executionId="440453ea-bd35-4a1c-8af0-e633af1310ec" testListId="8c84fa94-04c1-424b-9868-57a2d4851a1d" />
    <TestEntry testId="326f18ea-ff47-0d78-2a31-253eef3e3b9d" executionId="6496e974-70e1-4cf4-9a39-e4dd94e85fa0" testListId="8c84fa94-04c1-424b-9868-57a2d4851a1d" />
    <TestEntry testId="9d48f0d2-2ffa-3aeb-e036-ad27082d0bb4" executionId="f7e2b2e8-e833-4772-abb3-5586561e9a2c" testListId="8c84fa94-04c1-424b-9868-57a2d4851a1d" />
    <TestEntry testId="45a94119-4f7f-2202-c475-1c2e4d283298" executionId="41ebc85e-df0d-4945-97f4-8cca8520d659" testListId="8c84fa94-04c1-424b-9868-57a2d4851a1d" />
    <TestEntry testId="707c162a-e09a-96a2-445c-c45322d5e8e8" executionId="edc3206f-6eaf-433d-91ba-b7310bc7744f" testListId="8c84fa94-04c1-424b-9868-57a2d4851a1d" />
    <TestEntry testId="66a88082-7872-fe6d-92d1-1ef9f0689ba7" executionId="6e59fe7a-63d5-4bba-a1d2-93906b36fa82" testListId="8c84fa94-04c1-424b-9868-57a2d4851a1d" />
    <TestEntry testId="7a2f4258-eca0-9ab2-de74-b48e51c31b91" executionId="42f1ed60-0648-4a4d-b6c4-1341df40491d" testListId="8c84fa94-04c1-424b-9868-57a2d4851a1d" />
    <TestEntry testId="b2f087cf-30a2-36dc-426f-7c7c70967bf0" executionId="e3448e35-8fc2-44c2-b28a-50d1d067c083" testListId="8c84fa94-04c1-424b-9868-57a2d4851a1d" />
    <TestEntry testId="da0cedfe-ae28-1d5e-524f-235c86149b72" executionId="76c9ccf7-4988-4d9b-90b5-a0bcbc531d72" testListId="8c84fa94-04c1-424b-9868-57a2d4851a1d" />
    <TestEntry testId="66e61c5f-c702-a767-f8b5-e32fbd491049" executionId="490ce17d-a456-4243-aa19-5a941cccb68b" testListId="8c84fa94-04c1-424b-9868-57a2d4851a1d" />
    <TestEntry testId="ee07b8ae-2701-101a-fee5-0fb9b5b109b4" executionId="633ff9d9-2edd-48ce-953b-192b9918418d" testListId="8c84fa94-04c1-424b-9868-57a2d4851a1d" />
    <TestEntry testId="6cfb7d90-74fc-c7a3-287d-37b4650aa54d" executionId="384c91ff-23b9-45f6-bbe4-14fa9f6ff43b" testListId="8c84fa94-04c1-424b-9868-57a2d4851a1d" />
    <TestEntry testId="56b0765d-9cc2-4c9e-e01f-ce69614fa9ee" executionId="a2a4289a-ca7d-4486-81cf-eda643b73554" testListId="8c84fa94-04c1-424b-9868-57a2d4851a1d" />
    <TestEntry testId="a3dce82f-2060-f755-ba41-589eaef086cf" executionId="ae9c15f2-106d-4af4-8570-8cd2bb26e3f0" testListId="8c84fa94-04c1-424b-9868-57a2d4851a1d" />
    <TestEntry testId="e7b8d2f1-2350-3ae7-4d72-5c147a8fd3cb" executionId="be616c4f-6f54-4a77-b057-deae745a943c" testListId="8c84fa94-04c1-424b-9868-57a2d4851a1d" />
    <TestEntry testId="da7990f2-5dd5-68c9-cd8b-83165d59ca0a" executionId="9f71e6b7-6b86-4a1e-880f-73463a1af53d" testListId="8c84fa94-04c1-424b-9868-57a2d4851a1d" />
    <TestEntry testId="907c1091-f136-9237-2fef-0d4a35743dd3" executionId="18f81963-ce39-4952-afe6-14104dbbe54e" testListId="8c84fa94-04c1-424b-9868-57a2d4851a1d" />
  </TestEntries>
  <TestLists>
    <TestList name="Results Not in a List" id="8c84fa94-04c1-424b-9868-57a2d4851a1d" />
    <TestList name="All Loaded Results" id="19431567-8539-422a-85d7-44ee4e166bda" />
  </TestLists>
  <ResultSummary outcome="Completed">
    <Counters total="18" executed="18" passed="18" failed="0" error="0" timeout="0" aborted="0" inconclusive="0" passedButRunAborted="0" notRunnable="0" notExecuted="0" disconnected="0" warning="0" completed="0" inProgress="0" pending="0" />
    <Output>
      <StdOut>[xUnit.net 00:00:00.00] xUnit.net VSTest Adapter v3.1.5+1b188a7b0a (64-bit .NET 10.0.11)
[xUnit.net 00:00:00.15]   Discovering: SonnetDB.Parity
[xUnit.net 00:00:00.21]   Discovered:  SonnetDB.Parity
[xUnit.net 00:00:00.23]   Starting:    SonnetDB.Parity
{"Timestamp":"2026-09-05T06:37:51.835Z","EventId":14,"LogLevel":"Information","Category":"Microsoft.Hosting.Lifetime","Message":"Now listening on: http://127.0.0.1:38547","State":{"address":"http://127.0.0.1:38547","{OriginalFormat}":"Now listening on: {address}"},"Scopes":[]}
{"Timestamp":"2026-09-05T06:37:51.836Z","EventId":14,"LogLevel":"Information","Category":"Microsoft.Hosting.Lifetime","Message":"Now listening on: http://127.0.0.1:43457","State":{"address":"http://127.0.0.1:43457","{OriginalFormat}":"Now listening on: {address}"},"Scopes":[]}
{"Timestamp":"2026-09-05T06:37:51.838Z","EventId":0,"LogLevel":"Information","Category":"Microsoft.Hosting.Lifetime","Message":"Application started. Press Ctrl\u002BC to shut down.","State":{"{OriginalFormat}":"Application started. Press Ctrl\u002BC to shut down."},"Scopes":[]}
{"Timestamp":"2026-09-05T06:37:51.839Z","EventId":0,"LogLevel":"Information","Category":"Microsoft.Hosting.Lifetime","Message":"Hosting environment: Production","State":{"EnvName":"Production","{OriginalFormat}":"Hosting environment: {EnvName}"},"Scopes":[]}
{"Timestamp":"2026-09-05T06:37:51.839Z","EventId":0,"LogLevel":"Information","Category":"Microsoft.Hosting.Lifetime","Message":"Content root path: /tmp/sonnetdb-parity-host-c71b310305ed461e8e98c492f8042bbe","State":{"ContentRoot":"/tmp/sonnetdb-parity-host-c71b310305ed461e8e98c492f8042bbe","{OriginalFormat}":"Content root path: {ContentRoot}"},"Scopes":[]}
{"Timestamp":"2026-09-05T06:37:51.944Z","EventId":1,"LogLevel":"Information","Category":"Microsoft.AspNetCore.Hosting.Diagnostics","Message":"Request starting HTTP/1.1 GET http://127.0.0.1:43457/healthz - - -","State":{"Protocol":"HTTP/1.1","Method":"GET","ContentType":null,"ContentLength":null,"Scheme":"http","Host":"127.0.0.1:43457","PathBase":"","Path":"/healthz","QueryString":"","{OriginalFormat}":"Request starting {Protocol} {Method} {Scheme}://{Host}{PathBase}{Path}{QueryString} - {ContentType} {ContentLength}"},"Scopes":[{"Message":"SpanId:6daecce8b2e65fee, TraceId:3f3635ef3e1859f0fd667a894c9d0508, ParentId:69aa5d1c5a14504c","SpanId":"6daecce8b2e65fee","TraceId":"3f3635ef3e1859f0fd667a894c9d0508","ParentId":"69aa5d1c5a14504c"},{"Message":"http.request.method:GET, server.address:127.0.0.1, server.port:43457, url.scheme:http, url.path:/healthz, network.protocol.version:1.1","http.request.method":"GET","server.address":"127.0.0.1","server.port":43457,"url.scheme":"http","url.path":"/healthz","network.protocol.version":"1.1"},{"Message":"ConnectionId:0HNOB30QRV14L","ConnectionId":"0HNOB30QRV14L"},{"Message":"RequestPath:/healthz RequestId:0HNOB30QRV14L:00000001","RequestId":"0HNOB30QRV14L:00000001","RequestPath":"/healthz"}]}
{"Timestamp":"2026-09-05T06:37:52.028Z","EventId":0,"LogLevel":"Information","Category":"Microsoft.AspNetCore.Routing.EndpointMiddleware","Message":"Executing endpoint \u0027HTTP: GET /healthz\u0027","State":{"EndpointName":"HTTP: GET /healthz","{OriginalFormat}":"Executing endpoint \u0027{EndpointName}\u0027"},"Scopes":[{"Message":"SpanId:6daecce8b2e65fee, TraceId:3f3635ef3e1859f0fd667a894c9d0508, ParentId:69aa5d1c5a14504c","SpanId":"6daecce8b2e65fee","TraceId":"3f3635ef3e1859f0fd667a894c9d0508","ParentId":"69aa5d1c5a14504c"},{"Message":"http.request.method:GET, server.address:127.0.0.1, server.port:43457, url.scheme:http, url.path:/healthz, network.protocol.version:1.1","http.request.method":"GET","server.address":"127.0.0.1","server.port":43457,"url.scheme":"http","url.path":"/healthz","network.protocol.version":"1.1"},{"Message":"ConnectionId:0HNOB30QRV14L","ConnectionId":"0HNOB30QRV14L"},{"Message":"RequestPath:/healthz RequestId:0HNOB30QRV14L:00000001","RequestId":"0HNOB30QRV14L:00000001","RequestPath":"/healthz"}]}
{"Timestamp":"2026-09-05T06:37:52.052Z","EventId":3,"LogLevel":"Information","Category":"Microsoft.AspNetCore.Http.Result.JsonResult","Message":"Writing value of type \u0027HealthResponse\u0027 as Json.","State":{"Type":"HealthResponse","{OriginalFormat}":"Writing value of type \u0027{Type}\u0027 as Json."},"Scopes":[{"Message":"SpanId:6daecce8b2e65fee, TraceId:3f3635ef3e1859f0fd667a894c9d0508, ParentId:69aa5d1c5a14504c","SpanId":"6daecce8b2e65fee","TraceId":"3f3635ef3e1859f0fd667a894c9d0508","ParentId":"69aa5d1c5a14504c"},{"Message":"http.request.method:GET, server.address:127.0.0.1, server.port:43457, url.scheme:http, url.path:/healthz, network.protocol.version:1.1","http.request.method":"GET","server.address":"127.0.0.1","server.port":43457,"url.scheme":"http","url.path":"/healthz","network.protocol.version":"1.1"},{"Message":"ConnectionId:0HNOB30QRV14L","ConnectionId":"0HNOB30QRV14L"},{"Message":"RequestPath:/healthz RequestId:0HNOB30QRV14L:00000001","RequestId":"0HNOB30QRV14L:00000001","RequestPath":"/healthz"}]}
{"Timestamp":"2026-09-05T06:37:52.071Z","EventId":1,"LogLevel":"Information","Category":"Microsoft.AspNetCore.Routing.EndpointMiddleware","Message":"Executed endpoint \u0027HTTP: GET /healthz\u0027","State":{"EndpointName":"HTTP: GET /healthz","{OriginalFormat}":"Executed endpoint \u0027{EndpointName}\u0027"},"Scopes":[{"Message":"SpanId:6daecce8b2e65fee, TraceId:3f3635ef3e1859f0fd667a894c9d0508, ParentId:69aa5d1c5a14504c","SpanId":"6daecce8b2e65fee","TraceId":"3f3635ef3e1859f0fd667a894c9d0508","ParentId":"69aa5d1c5a14504c"},{"Message":"http.request.method:GET, server.address:127.0.0.1, server.port:43457, url.scheme:http, url.path:/healthz, network.protocol.version:1.1","http.request.method":"GET","server.address":"127.0.0.1","server.port":43457,"url.scheme":"http","url.path":"/healthz","network.protocol.version":"1.1"},{"Message":"ConnectionId:0HNOB30QRV14L","ConnectionId":"0HNOB30QRV14L"},{"Message":"RequestPath:/healthz RequestId:0HNOB30QRV14L:00000001","RequestId":"0HNOB30QRV14L:00000001","RequestPath":"/healthz"}]}
{"Timestamp":"2026-09-05T06:37:52.073Z","EventId":2,"LogLevel":"Information","Category":"Microsoft.AspNetCore.Hosting.Diagnostics","Message":"Request finished HTTP/1.1 GET http://127.0.0.1:43457/healthz - 200 - application/json;\u002Bcharset=utf-8 129.3113ms","State":{"ElapsedMilliseconds":129.3113,"StatusCode":200,"ContentType":"application/json; charset=utf-8","ContentLength":null,"Protocol":"HTTP/1.1","Method":"GET","Scheme":"http","Host":"127.0.0.1:43457","PathBase":"","Path":"/healthz","QueryString":"","{OriginalFormat}":"Request finished {Protocol} {Method} {Scheme}://{Host}{PathBase}{Path}{QueryString} - {StatusCode} {ContentLength} {ContentType} {ElapsedMilliseconds}ms"},"Scopes":[{"Message":"SpanId:6daecce8b2e65fee, TraceId:3f3635ef3e1859f0fd667a894c9d0508, ParentId:69aa5d1c5a14504c","SpanId":"6daecce8b2e65fee","TraceId":"3f3635ef3e1859f0fd667a894c9d0508","ParentId":"69aa5d1c5a14504c"},{"Message":"http.request.method:GET, server.address:127.0.0.1, server.port:43457, url.scheme:http, url.path:/healthz, network.protocol.version:1.1","http.request.method":"GET","server.address":"127.0.0.1","server.port":43457,"url.scheme":"http","url.path":"/healthz","network.protocol.version":"1.1"},{"Message":"ConnectionId:0HNOB30QRV14L","ConnectionId":"0HNOB30QRV14L"},{"Message":"RequestPath:/healthz RequestId:0HNOB30QRV14L:00000001","RequestId":"0HNOB30QRV14L:00000001","RequestPath":"/healthz"}]}
{"Timestamp":"2026-09-05T06:37:52.077Z","EventId":1,"LogLevel":"Information","Category":"Microsoft.AspNetCore.Hosting.Diagnostics","Message":"Request starting HTTP/1.1 POST http://127.0.0.1:43457/v1/db - application/json;\u002Bcharset=utf-8 27","State":{"Protocol":"HTTP/1.1","Method":"POST","ContentType":"application/json; charset=utf-8","ContentLength":27,"Scheme":"http","Host":"127.0.0.1:43457","PathBase":"","Path":"/v1/db","QueryString":"","{OriginalFormat}":"Request starting {Protocol} {Method} {Scheme}://{Host}{PathBase}{Path}{QueryString} - {ContentType} {ContentLength}"},"Scopes":[{"Message":"SpanId:ea56fda2636d8a24, TraceId:1178ba4ac970b32d3ef792a065858200, ParentId:1a6082cd626bf7b6","SpanId":"ea56fda2636d8a24","TraceId":"1178ba4ac970b32d3ef792a065858200","ParentId":"1a6082cd626bf7b6"},{"Message":"http.request.method:POST, server.address:127.0.0.1, server.port:43457, url.scheme:http, url.path:/v1/db, network.protocol.version:1.1","http.request.method":"POST","server.address":"127.0.0.1","server.port":43457,"url.scheme":"http","url.path":"/v1/db","network.protocol.version":"1.1"},{"Message":"ConnectionId:0HNOB30QRV14M","ConnectionId":"0HNOB30QRV14M"},{"Message":"RequestPath:/v1/db RequestId:0HNOB30QRV14M:00000001","RequestId":"0HNOB30QRV14M:00000001","RequestPath":"/v1/db"}]}
{"Timestamp":"2026-09-05T06:37:52.079Z","EventId":0,"LogLevel":"Information","Category":"Microsoft.AspNetCore.Routing.EndpointMiddleware","Message":"Executing endpoint \u0027HTTP: POST /v1/db\u0027","State":{"EndpointName":"HTTP: POST /v1/db","{OriginalFormat}":"Executing endpoint \u0027{EndpointName}\u0027"},"Scopes":[{"Message":"SpanId:ea56fda2636d8a24, TraceId:1178ba4ac970b32d3ef792a065858200, ParentId:1a6082cd626bf7b6","SpanId":"ea56fda2636d8a24","TraceId":"1178ba4ac970b32d3ef792a065858200","ParentId":"1a6082cd626bf7b6"},{"Message":"http.request.method:POST, server.address:127.0.0.1, server.port:43457, url.scheme:http, url.path:/v1/db, network.protocol.version:1.1","http.request.method":"POST","server.address":"127.0.0.1","server.port":43457,"url.scheme":"http","url.path":"/v1/db","network.protocol.version":"1.1"},{"Message":"ConnectionId:0HNOB30QRV14M","ConnectionId":"0HNOB30QRV14M"},{"Message":"RequestPath:/v1/db RequestId:0HNOB30QRV14M:00000001","RequestId":"0HNOB30QRV14M:00000001","RequestPath":"/v1/db"}]}
{"Timestamp":"2026-09-05T06:37:52.100Z","EventId":1,"LogLevel":"Information","Category":"Microsoft.AspNetCore.Http.Result.JsonResult","Message":"Setting HTTP status code 201.","State":{"StatusCode":201,"{OriginalFormat}":"Setting HTTP status code {StatusCode}."},"Scopes":[{"Message":"SpanId:ea56fda2636d8a24, TraceId:1178ba4ac970b32d3ef792a065858200, ParentId:1a6082cd626bf7b6","SpanId":"ea56fda2636d8a24","TraceId":"1178ba4ac970b32d3ef792a065858200","ParentId":"1a6082cd626bf7b6"},{"Message":"http.request.method:POST, server.address:127.0.0.1, server.port:43457, url.scheme:http, url.path:/v1/db, network.protocol.version:1.1","http.request.method":"POST","server.address":"127.0.0.1","server.port":43457,"url.scheme":"http","url.path":"/v1/db","network.protocol.version":"1.1"},{"Message":"ConnectionId:0HNOB30QRV14M","ConnectionId":"0HNOB30QRV14M"},{"Message":"RequestPath:/v1/db RequestId:0HNOB30QRV14M:00000001","RequestId":"0HNOB30QRV14M:00000001","RequestPath":"/v1/db"}]}
{"Timestamp":"2026-09-05T06:37:52.101Z","EventId":3,"LogLevel":"Information","Category":"Microsoft.AspNetCore.Http.Result.JsonResult","Message":"Writing value of type \u0027DatabaseOperationResponse\u0027 as Json.","State":{"Type":"DatabaseOperationResponse","{OriginalFormat}":"Writing value of type \u0027{Type}\u0027 as Json."},"Scopes":[{"Message":"SpanId:ea56fda2636d8a24, TraceId:1178ba4ac970b32d3ef792a065858200, ParentId:1a6082cd626bf7b6","SpanId":"ea56fda2636d8a24","TraceId":"1178ba4ac970b32d3ef792a065858200","ParentId":"1a6082cd626bf7b6"},{"Message":"http.request.method:POST, server.address:127.0.0.1, server.port:43457, url.scheme:http, url.path:/v1/db, network.protocol.version:1.1","http.request.method":"POST","server.address":"127.0.0.1","server.port":43457,"url.scheme":"http","url.path":"/v1/db","network.protocol.version":"1.1"},{"Message":"ConnectionId:0HNOB30QRV14M","ConnectionId":"0HNOB30QRV14M"},{"Message":"RequestPath:/v1/db RequestId:0HNOB30QRV14M:00000001","RequestId":"0HNOB30QRV14M:00000001","RequestPath":"/v1/db"}]}
{"Timestamp":"2026-09-05T06:37:52.102Z","EventId":1,"LogLevel":"Information","Category":"Microsoft.AspNetCore.Routing.EndpointMiddleware","Message":"Executed endpoint \u0027HTTP: POST /v1/db\u0027","State":{"EndpointName":"HTTP: POST /v1/db","{OriginalFormat}":"Executed endpoint \u0027{EndpointName}\u0027"},"Scopes":[{"Message":"SpanId:ea56fda2636d8a24, TraceId:1178ba4ac970b32d3ef792a065858200, ParentId:1a6082cd626bf7b6","SpanId":"ea56fda2636d8a24","TraceId":"1178ba4ac970b32d3ef792a065858200","ParentId":"1a6082cd626bf7b6"},{"Message":"http.request.method:POST, server.address:127.0.0.1, server.port:43457, url.scheme:http, url.path:/v1/db, network.protocol.version:1.1","http.request.method":"POST","server.address":"127.0.0.1","server.port":43457,"url.scheme":"http","url.path":"/v1/db","network.protocol.version":"1.1"},{"Message":"ConnectionId:0HNOB30QRV14M","ConnectionId":"0HNOB30QRV14M"},{"Message":"RequestPath:/v1/db RequestId:0HNOB30QRV14M:00000001","RequestId":"0HNOB30QRV14M:00000001","RequestPath":"/v1/db"}]}
{"Timestamp":"2026-09-05T06:37:52.102Z","EventId":2,"LogLevel":"Information","Category":"Microsoft.AspNetCore.Hosting.Diagnostics","Message":"Request finished HTTP/1.1 POST http://127.0.0.1:43457/v1/db - 201 - application/json;\u002Bcharset=utf-8 24.2594ms","State":{"ElapsedMilliseconds":24.2594,"StatusCode":201,"ContentType":"application/json; charset=utf-8","ContentLength":null,"Protocol":"HTTP/1.1","Method":"POST","Scheme":"http","Host":"127.0.0.1:43457","PathBase":"","Path":"/v1/db","QueryString":"","{OriginalFormat}":"Request finished {Protocol} {Method} {Scheme}://{Host}{PathBase}{Path}{QueryString} - {StatusCode} {ContentLength} {ContentType} {ElapsedMilliseconds}ms"},"Scopes":[{"Message":"SpanId:ea56fda2636d8a24, TraceId:1178ba4ac970b32d3ef792a065858200, ParentId:1a6082cd626bf7b6","SpanId":"ea56fda2636d8a24","TraceId":"1178ba4ac970b32d3ef792a065858200","ParentId":"1a6082cd626bf7b6"},{"Message":"http.request.method:POST, server.address:127.0.0.1, server.port:43457, url.scheme:http, url.path:/v1/db, network.protocol.version:1.1","http.request.method":"POST","server.address":"127.0.0.1","server.port":43457,"url.scheme":"http","url.path":"/v1/db","network.protocol.version":"1.1"},{"Message":"ConnectionId:0HNOB30QRV14M","ConnectionId":"0HNOB30QRV14M"},{"Message":"RequestPath:/v1/db RequestId:0HNOB30QRV14M:00000001","RequestId":"0HNOB30QRV14M:00000001","RequestPath":"/v1/db"}]}
{"Timestamp":"2026-09-05T06:37:52.136Z","EventId":1,"LogLevel":"Information","Category":"Microsoft.AspNetCore.Hosting.Diagnostics","Message":"Request starting HTTP/2 POST http://127.0.0.1:38547/v1/frame - application/x-sonnetdb-frame 73","State":{"Protocol":"HTTP/2","Method":"POST","ContentType":"application/x-sonnetdb-frame","ContentLength":73,"Scheme":"http","Host":"127.0.0.1:38547","PathBase":"","Path":"/v1/frame","QueryString":"","{OriginalFormat}":"Request starting {Protocol} {Method} {Scheme}://{Host}{PathBase}{Path}{QueryString} - {ContentType} {ContentLength}"},"Scopes":[{"Message":"SpanId:489b545efcab2db3, TraceId:714cc0cdc9bbea5cdd4a767487a8a126, ParentId:5f5da0014b295e53","SpanId":"489b545efcab2db3","TraceId":"714cc0cdc9bbea5cdd4a767487a8a126","ParentId":"5f5da0014b295e53"},{"Message":"http.request.method:POST, server.address:127.0.0.1, server.port:38547, url.scheme:http, url.path:/v1/frame, network.protocol.version:2","http.request.method":"POST","server.address":"127.0.0.1","server.port":38547,"url.scheme":"http","url.path":"/v1/frame","network.protocol.version":"2"},{"Message":"ConnectionId:0HNOB30QRV14N","ConnectionId":"0HNOB30QRV14N"},{"Message":"RequestPath:/v1/frame RequestId:0HNOB30QRV14N:00000001","RequestId":"0HNOB30QRV14N:00000001","RequestPath":"/v1/frame"}]}
{"Timestamp":"2026-09-05T06:37:52.137Z","EventId":0,"LogLevel":"Information","Category":"Microsoft.AspNetCore.Routing.EndpointMiddleware","Message":"Executing endpoint \u0027HTTP: POST /v1/frame\u0027","State":{"EndpointName":"HTTP: POST /v1/frame","{OriginalFormat}":"Executing endpoint \u0027{EndpointName}\u0027"},"Scopes":[{"Message":"SpanId:489b545efcab2db3, TraceId:714cc0cdc9bbea5cdd4a767487a8a126, ParentId:5f5da0014b295e53","SpanId":"489b545efcab2db3","TraceId":"714cc0cdc9bbea5cdd4a767487a8a126","ParentId":"5f5da0014b295e53"},{"Message":"http.request.method:POST, server.address:127.0.0.1, server.port:38547, url.scheme:http, url.path:/v1/frame, network.protocol.version:2","http.request.method":"POST","server.address":"127.0.0.1","server.port":38547,"url.scheme":"http","url.path":"/v1/frame","network.protocol.version":"2"},{"Message":"ConnectionId:0HNOB30QRV14N","ConnectionId":"0HNOB30QRV14N"},{"Message":"RequestPath:/v1/frame RequestId:0HNOB30QRV14N:00000001","RequestId":"0HNOB30QRV14N:00000001","RequestPath":"/v1/frame"}]}
{"Timestamp":"2026-09-05T06:37:52.167Z","EventId":1,"LogLevel":"Information","Category":"Microsoft.AspNetCore.Routing.EndpointMiddleware","Message":"Executed endpoint \u0027HTTP: POST /v1/frame\u0027","State":{"EndpointName":"HTTP: POST /v1/frame","{OriginalFormat}":"Executed endpoint \u0027{EndpointName}\u0027"},"Scopes":[{"Message":"SpanId:489b545efcab2db3, TraceId:714cc0cdc9bbea5cdd4a767487a8a126, ParentId:5f5da0014b295e53","SpanId":"489b545efcab2db3","TraceId":"714cc0cdc9bbea5cdd4a767487a8a126","ParentId":"5f5da0014b295e53"},{"Message":"http.request.method:POST, server.address:127.0.0.1, server.port:38547, url.scheme:http, url.path:/v1/frame, network.protocol.version:2","http.request.method":"POST","server.address":"127.0.0.1","server.port":38547,"url.scheme":"http","url.path":"/v1/frame","network.protocol.version":"2"},{"Message":"ConnectionId:0HNOB30QRV14N","ConnectionId":"0HNOB30QRV14N"},{"Message":"RequestPath:/v1/frame RequestId:0HNOB30QRV14N:00000001","RequestId":"0HNOB30QRV14N:00000001","RequestPath":"/v1/frame"}]}
{"Timestamp":"2026-09-05T06:37:52.167Z","EventId":2,"LogLevel":"Information","Category":"Microsoft.AspNetCore.Hosting.Diagnostics","Message":"Request finished HTTP/2 POST http://127.0.0.1:38547/v1/frame - 200 - application/x-sonnetdb-frame 31.7408ms","State":{"ElapsedMilliseconds":31.7408,"StatusCode":200,"ContentType":"application/x-sonnetdb-frame","ContentLength":null,"Protocol":"HTTP/2","Method":"POST","Scheme":"http","Host":"127.0.0.1:38547","PathBase":"","Path":"/v1/frame","QueryString":"","{OriginalFormat}":"Request finished {Protocol} {Method} {Scheme}://{Host}{PathBase}{Path}{QueryString} - {StatusCode} {ContentLength} {ContentType} {ElapsedMilliseconds}ms"},"Scopes":[{"Message":"SpanId:489b545efcab2db3, TraceId:714cc0cdc9bbea5cdd4a767487a8a126, ParentId:5f5da0014b295e53","SpanId":"489b545efcab2db3","TraceId":"714cc0cdc9bbea5cdd4a767487a8a126","ParentId":"5f5da0014b295e53"},{"Message":"http.request.method:POST, server.address:127.0.0.1, server.port:38547, url.scheme:http, url.path:/v1/frame, network.protocol.version:2","http.request.method":"POST","server.address":"127.0.0.1","server.port":38547,"url.scheme":"http","url.path":"/v1/frame","network.protocol.version":"2"},{"Message":"ConnectionId:0HNOB30QRV14N","ConnectionId":"0HNOB30QRV14N"},{"Message":"RequestPath:/v1/frame RequestId:0HNOB30QRV14N:00000001","RequestId":"0HNOB30QRV14N:00000001","RequestPath":"/v1/frame"}]}
{"Timestamp":"2026-09-05T06:37:52.180Z","EventId":1,"LogLevel":"Information","Category":"Microsoft.AspNetCore.Hosting.Diagnostics","Message":"Request starting HTTP/2 POST http://127.0.0.1:38547/v1/frame - application/x-sonnetdb-frame 61","State":{"Protocol":"HTTP/2","Method":"POST","ContentType":"application/x-sonnetdb-frame","ContentLength":61,"Scheme":"http","Host":"127.0.0.1:38547","PathBase":"","Path":"/v1/frame","QueryString":"","{OriginalFormat}":"Request starting {Protocol} {Method} {Scheme}://{Host}{PathBase}{Path}{QueryString} - {ContentType} {ContentLength}"},"Scopes":[{"Message":"SpanId:783251d971730c69, TraceId:734c4f2974d4770d5cdefecea937a43f, ParentId:64e155f25cb5aedb","SpanId":"783251d971730c69","TraceId":"734c4f2974d4770d5cdefecea937a43f","ParentId":"64e155f25cb5aedb"},{"Message":"http.request.method:POST, server.address:127.0.0.1, server.port:38547, url.scheme:http, url.path:/v1/frame, network.protocol.version:2","http.request.method":"POST","server.address":"127.0.0.1","server.port":38547,"url.scheme":"http","url.path":"/v1/frame","network.protocol.version":"2"},{"Message":"ConnectionId:0HNOB30QRV14N","ConnectionId":"0HNOB30QRV14N"},{"Message":"RequestPath:/v1/frame RequestId:0HNOB30QRV14N:00000003","RequestId":"0HNOB30QRV14N:00000003","RequestPath":"/v1/frame"}]}
{"Timestamp":"2026-09-05T06:37:52.181Z","EventId":0,"LogLevel":"Information","Category":"Microsoft.AspNetCore.Routing.EndpointMiddleware","Message":"Executing endpoint \u0027HTTP: POST /v1/frame\u0027","State":{"EndpointName":"HTTP: POST /v1/frame","{OriginalFormat}":"Executing endpoint \u0027{EndpointName}\u0027"},"Scopes":[{"Message":"SpanId:783251d971730c69, TraceId:734c4f2974d4770d5cdefecea937a43f, ParentId:64e155f25cb5aedb","SpanId":"783251d971730c69","TraceId":"734c4f2974d4770d5cdefecea937a43f","ParentId":"64e155f25cb5aedb"},{"Message":"http.request.method:POST, server.address:127.0.0.1, server.port:38547, url.scheme:http, url.path:/v1/frame, network.protocol.version:2","http.request.method":"POST","server.address":"127.0.0.1","server.port":38547,"url.scheme":"http","url.path":"/v1/frame","network.protocol.version":"2"},{"Message":"ConnectionId:0HNOB30QRV14N","ConnectionId":"0HNOB30QRV14N"},{"Message":"RequestPath:/v1/frame RequestId:0HNOB30QRV14N:00000003","RequestId":"0HNOB30QRV14N:00000003","RequestPath":"/v1/frame"}]}
{"Timestamp":"2026-09-05T06:37:52.183Z","EventId":1,"LogLevel":"Information","Category":"Microsoft.AspNetCore.Routing.EndpointMiddleware","Message":"Executed endpoint \u0027HTTP: POST /v1/frame\u0027","State":{"EndpointName":"HTTP: POST /v1/frame","{OriginalFormat}":"Executed endpoint \u0027{EndpointName}\u0027"},"Scopes":[{"Message":"SpanId:783251d971730c69, TraceId:734c4f2974d4770d5cdefecea937a43f, ParentId:64e155f25cb5aedb","SpanId":"783251d971730c69","TraceId":"734c4f2974d4770d5cdefecea937a43f","ParentId":"64e155f25cb5aedb"},{"Message":"http.request.method:POST, server.address:127.0.0.1, server.port:38547, url.scheme:http, url.path:/v1/frame, network.protocol.version:2","http.request.method":"POST","server.address":"127.0.0.1","server.port":38547,"url.scheme":"http","url.path":"/v1/frame","network.protocol.version":"2"},{"Message":"ConnectionId:0HNOB30QRV14N","ConnectionId":"0HNOB30QRV14N"},{"Message":"RequestPath:/v1/frame RequestId:0HNOB30QRV14N:00000003","RequestId":"0HNOB30QRV14N:00000003","RequestPath":"/v1/frame"}]}
{"Timestamp":"2026-09-05T06:37:52.183Z","EventId":2,"LogLevel":"Information","Category":"Microsoft.AspNetCore.Hosting.Diagnostics","Message":"Request finished HTTP/2 POST http://127.0.0.1:38547/v1/frame - 200 - application/x-sonnetdb-frame 2.2748ms","State":{"ElapsedMilliseconds":2.2748,"StatusCode":200,"ContentType":"application/x-sonnetdb-frame","ContentLength":null,"Protocol":"HTTP/2","Method":"POST","Scheme":"http","Host":"127.0.0.1:38547","PathBase":"","Path":"/v1/frame","QueryString":"","{OriginalFormat}":"Request finished {Protocol} {Method} {Scheme}://{Host}{PathBase}{Path}{QueryString} - {StatusCode} {ContentLength} {ContentType} {ElapsedMilliseconds}ms"},"Scopes":[{"Message":"SpanId:783251d971730c69, TraceId:734c4f2974d4770d5cdefecea937a43f, ParentId:64e155f25cb5aedb","SpanId":"783251d971730c69","TraceId":"734c4f2974d4770d5cdefecea937a43f","ParentId":"64e155f25cb5aedb"},{"Message":"http.request.method:POST, server.address:127.0.0.1, server.port:38547, url.scheme:http, url.path:/v1/frame, network.protocol.version:2","http.request.method":"POST","server.address":"127.0.0.1","server.port":38547,"url.scheme":"http","url.path":"/v1/frame","network.protocol.version":"2"},{"Message":"ConnectionId:0HNOB30QRV14N","ConnectionId":"0HNOB30QRV14N"},{"Message":"RequestPath:/v1/frame RequestId:0HNOB30QRV14N:00000003","RequestId":"0HNOB30QRV14N:00000003","RequestPath":"/v1/frame"}]}
{"Timestamp":"2026-09-05T06:37:52.186Z","EventId":1,"LogLevel":"Information","Category":"Microsoft.AspNetCore.Hosting.Diagnostics","Message":"Request starting HTTP/2 POST http://127.0.0.1:38547/v1/frame - application/x-sonnetdb-frame 47","State":{"Protocol":"HTTP/2","Method":"POST","ContentType":"application/x-sonnetdb-frame","ContentLength":47,"Scheme":"http","Host":"127.0.0.1:38547","PathBase":"","Path":"/v1/frame","QueryString":"","{OriginalFormat}":"Request starting {Protocol} {Method} {Scheme}://{Host}{PathBase}{Path}{QueryString} - {ContentType} {ContentLength}"},"Scopes":[{"Message":"SpanId:c492e668a0bd852a, TraceId:ffc365b237856e8aa420b16856161639, ParentId:8cae977d5b059b59","SpanId":"c492e668a0bd852a","TraceId":"ffc365b237856e8aa420b16856161639","ParentId":"8cae977d5b059b59"},{"Message":"http.request.method:POST, server.address:127.0.0.1, server.port:38547, url.scheme:http, url.path:/v1/frame, network.protocol.version:2","http.request.method":"POST","server.address":"127.0.0.1","server.port":38547,"url.scheme":"http","url.path":"/v1/frame","network.protocol.version":"2"},{"Message":"ConnectionId:0HNOB30QRV14N","ConnectionId":"0HNOB30QRV14N"},{"Message":"RequestPath:/v1/frame RequestId:0HNOB30QRV14N:00000005","RequestId":"0HNOB30QRV14N:00000005","RequestPath":"/v1/frame"}]}
{"Timestamp":"2026-09-05T06:37:52.186Z","EventId":0,"LogLevel":"Information","Category":"Microsoft.AspNetCore.Routing.EndpointMiddleware","Message":"Executing endpoint \u0027HTTP: POST /v1/frame\u0027","State":{"EndpointName":"HTTP: POST /v1/frame","{OriginalFormat}":"Executing endpoint \u0027{EndpointName}\u0027"},"Scopes":[{"Message":"SpanId:c492e668a0bd852a, TraceId:ffc365b237856e8aa420b16856161639, ParentId:8cae977d5b059b59","SpanId":"c492e668a0bd852a","TraceId":"ffc365b237856e8aa420b16856161639","ParentId":"8cae977d5b059b59"},{"Message":"http.request.method:POST, server.address:127.0.0.1, server.port:38547, url.scheme:http, url.path:/v1/frame, network.protocol.version:2","http.request.method":"POST","server.address":"127.0.0.1","server.port":38547,"url.scheme":"http","url.path":"/v1/frame","network.protocol.version":"2"},{"Message":"ConnectionId:0HNOB30QRV14N","ConnectionId":"0HNOB30QRV14N"},{"Message":"RequestPath:/v1/frame RequestId:0HNOB30QRV14N:00000005","RequestId":"0HNOB30QRV14N:00000005","RequestPath":"/v1/frame"}]}
{"Timestamp":"2026-09-05T06:37:52.189Z","EventId":1,"LogLevel":"Information","Category":"Microsoft.AspNetCore.Routing.EndpointMiddleware","Message":"Executed endpoint \u0027HTTP: POST /v1/frame\u0027","State":{"EndpointName":"HTTP: POST /v1/frame","{OriginalFormat}":"Executed endpoint \u0027{EndpointName}\u0027"},"Scopes":[{"Message":"SpanId:c492e668a0bd852a, TraceId:ffc365b237856e8aa420b16856161639, ParentId:8cae977d5b059b59","SpanId":"c492e668a0bd852a","TraceId":"ffc365b237856e8aa420b16856161639","ParentId":"8cae977d5b059b59"},{"Message":"http.request.method:POST, server.address:127.0.0.1, server.port:38547, url.scheme:http, url.path:/v1/frame, network.protocol.version:2","http.request.method":"POST","server.address":"127.0.0.1","server.port":38547,"url.scheme":"http","url.path":"/v1/frame","network.protocol.version":"2"},{"Message":"ConnectionId:0HNOB30QRV14N","ConnectionId":"0HNOB30QRV14N"},{"Message":"RequestPath:/v1/frame RequestId:0HNOB30QRV14N:00000005","RequestId":"0HNOB30QRV14N:00000005","RequestPath":"/v1/frame"}]}
{"Timestamp":"2026-09-05T06:37:52.189Z","EventId":2,"LogLevel":"Information","Category":"Microsoft.AspNetCore.Hosting.Diagnostics","Message":"Request finished HTTP/2 POST http://127.0.0.1:38547/v1/frame - 200 - application/x-sonnetdb-frame 2.9580ms","State":{"ElapsedMilliseconds":2.958,"StatusCode":200,"ContentType":"application/x-sonnetdb-frame","ContentLength":null,"Protocol":"HTTP/2","Method":"POST","Scheme":"http","Host":"127.0.0.1:38547","PathBase":"","Path":"/v1/frame","QueryString":"","{OriginalFormat}":"Request finished {Protocol} {Method} {Scheme}://{Host}{PathBase}{Path}{QueryString} - {StatusCode} {ContentLength} {ContentType} {ElapsedMilliseconds}ms"},"Scopes":[{"Message":"SpanId:c492e668a0bd852a, TraceId:ffc365b237856e8aa420b16856161639, ParentId:8cae977d5b059b59","SpanId":"c492e668a0bd852a","TraceId":"ffc365b237856e8aa420b16856161639","ParentId":"8cae977d5b059b59"},{"Message":"http.request.method:POST, server.address:127.0.0.1, server.port:38547, url.scheme:http, url.path:/v1/frame, network.protocol.version:2","http.request.method":"POST","server.address":"127.0.0.1","server.port":38547,"url.scheme":"http","url.path":"/v1/frame","network.protocol.version":"2"},{"Message":"ConnectionId:0HNOB30QRV14N","ConnectionId":"0HNOB30QRV14N"},{"Message":"RequestPath:/v1/frame RequestId:0HNOB30QRV14N:00000005","RequestId":"0HNOB30QRV14N:00000005","RequestPath":"/v1/frame"}]}
{"Timestamp":"2026-09-05T06:37:52.194Z","EventId":1,"LogLevel":"Information","Category":"Microsoft.AspNetCore.Hosting.Diagnostics","Message":"Request starting HTTP/2 POST http://127.0.0.1:38547/v1/frame - application/x-sonnetdb-frame 47","State":{"Protocol":"HTTP/2","Method":"POST","ContentType":"application/x-sonnetdb-frame","ContentLength":47,"Scheme":"http","Host":"127.0.0.1:38547","PathBase":"","Path":"/v1/frame","QueryString":"","{OriginalFormat}":"Request starting {Protocol} {Method} {Scheme}://{Host}{PathBase}{Path}{QueryString} - {ContentType} {ContentLength}"},"Scopes":[{"Message":"SpanId:3299650c75977c16, TraceId:7ad058a4c42842ae9be4fe14a19a92c1, ParentId:aebce1bef7f311c7","SpanId":"3299650c75977c16","TraceId":"7ad058a4c42842ae9be4fe14a19a92c1","ParentId":"aebce1bef7f311c7"},{"Message":"http.request.method:POST, server.address:127.0.0.1, server.port:38547, url.scheme:http, url.path:/v1/frame, network.protocol.version:2","http.request.method":"POST","server.address":"127.0.0.1","server.port":38547,"url.scheme":"http","url.path":"/v1/frame","network.protocol.version":"2"},{"Message":"ConnectionId:0HNOB30QRV14N","ConnectionId":"0HNOB30QRV14N"},{"Message":"RequestPath:/v1/frame RequestId:0HNOB30QRV14N:00000007","RequestId":"0HNOB30QRV14N:00000007","RequestPath":"/v1/frame"}]}
{"Timestamp":"2026-09-05T06:37:52.194Z","EventId":0,"LogLevel":"Information","Category":"Microsoft.AspNetCore.Routing.EndpointMiddleware","Message":"Executing endpoint \u0027HTTP: POST /v1/frame\u0027","State":{"EndpointName":"HTTP: POST /v1/frame","{OriginalFormat}":"Executing endpoint \u0027{EndpointName}\u0027"},"Scopes":[{"Message":"SpanId:3299650c75977c16, TraceId:7ad058a4c42842ae9be4fe14a19a92c1, ParentId:aebce1bef7f311c7","SpanId":"3299650c75977c16","TraceId":"7ad058a4c42842ae9be4fe14a19a92c1","ParentId":"aebce1bef7f311c7"},{"Message":"http.request.method:POST, server.address:127.0.0.1, server.port:38547, url.scheme:http, url.path:/v1/frame, network.protocol.version:2","http.request.method":"POST","server.address":"127.0.0.1","server.port":38547,"url.scheme":"http","url.path":"/v1/frame","network.protocol.version":"2"},{"Message":"ConnectionId:0HNOB30QRV14N","ConnectionId":"0HNOB30QRV14N"},{"Message":"RequestPath:/v1/frame RequestId:0HNOB30QRV14N:00000007","RequestId":"0HNOB30QRV14N:00000007","RequestPath":"/v1/frame"}]}
{"Timestamp":"2026-09-05T06:37:52.199Z","EventId":1,"LogLevel":"Information","Category":"Microsoft.AspNetCore.Routing.EndpointMiddleware","Message":"Executed endpoint \u0027HTTP: POST /v1/frame\u0027","State":{"EndpointName":"HTTP: POST /v1/frame","{OriginalFormat}":"Executed endpoint \u0027{EndpointName}\u0027"},"Scopes":[{"Message":"SpanId:3299650c75977c16, TraceId:7ad058a4c42842ae9be4fe14a19a92c1, ParentId:aebce1bef7f311c7","SpanId":"3299650c75977c16","TraceId":"7ad058a4c42842ae9be4fe14a19a92c1","ParentId":"aebce1bef7f311c7"},{"Message":"http.request.method:POST, server.address:127.0.0.1, server.port:38547, url.scheme:http, url.path:/v1/frame, network.protocol.version:2","http.request.method":"POST","server.address":"127.0.0.1","server.port":38547,"url.scheme":"http","url.path":"/v1/frame","network.protocol.version":"2"},{"Message":"ConnectionId:0HNOB30QRV14N","ConnectionId":"0HNOB30QRV14N"},{"Message":"RequestPath:/v1/frame RequestId:0HNOB30QRV14N:00000007","RequestId":"0HNOB30QRV14N:00000007","RequestPath":"/v1/frame"}]}
{"Timestamp":"2026-09-05T06:37:52.199Z","EventId":2,"LogLevel":"Information","Category":"Microsoft.AspNetCore.Hosting.Diagnostics","Message":"Request finished HTTP/2 POST http://127.0.0.1:38547/v1/frame - 200 - application/x-sonnetdb-frame 5.9210ms","State":{"ElapsedMilliseconds":5.921,"StatusCode":200,"ContentType":"application/x-sonnetdb-frame","ContentLength":null,"Protocol":"HTTP/2","Method":"POST","Scheme":"http","Host":"127.0.0.1:38547","PathBase":"","Path":"/v1/frame","QueryString":"","{OriginalFormat}":"Request finished {Protocol} {Method} {Scheme}://{Host}{PathBase}{Path}{QueryString} - {StatusCode} {ContentLength} {ContentType} {ElapsedMilliseconds}ms"},"Scopes":[{"Message":"SpanId:3299650c75977c16, TraceId:7ad058a4c42842ae9be4fe14a19a92c1, ParentId:aebce1bef7f311c7","SpanId":"3299650c75977c16","TraceId":"7ad058a4c42842ae9be4fe14a19a92c1","ParentId":"aebce1bef7f311c7"},{"Message":"http.request.method:POST, server.address:127.0.0.1, server.port:38547, url.scheme:http, url.path:/v1/frame, network.protocol.version:2","http.request.method":"POST","server.address":"127.0.0.1","server.port":38547,"url.scheme":"http","url.path":"/v1/frame","network.protocol.version":"2"},{"Message":"ConnectionId:0HNOB30QRV14N","ConnectionId":"0HNOB30QRV14N"},{"Message":"RequestPath:/v1/frame RequestId:0HNOB30QRV14N:00000007","RequestId":"0HNOB30QRV14N:00000007","RequestPath":"/v1/frame"}]}
{"Timestamp":"2026-09-05T06:37:52.226Z","EventId":1,"LogLevel":"Information","Category":"Microsoft.AspNetCore.Hosting.Diagnostics","Message":"Request starting HTTP/2 POST http://127.0.0.1:38547/v1/db/transport_parity/mq/mq_frame/stats - application/json;\u002Bcharset=utf-8 -","State":{"Protocol":"HTTP/2","Method":"POST","ContentType":"application/json; charset=utf-8","ContentLength":null,"Scheme":"http","Host":"127.0.0.1:38547","PathBase":"","Path":"/v1/db/transport_parity/mq/mq_frame/stats","QueryString":"","{OriginalFormat}":"Request starting {Protocol} {Method} {Scheme}://{Host}{PathBase}{Path}{QueryString} - {ContentType} {ContentLength}"},"Scopes":[{"Message":"SpanId:f42039399bdb89f9, TraceId:e813352a2cda5d29b9e3f7d675f0a3e6, ParentId:25086b1fa4b6cdd2","SpanId":"f42039399bdb89f9","TraceId":"e813352a2cda5d29b9e3f7d675f0a3e6","ParentId":"25086b1fa4b6cdd2"},{"Message":"http.request.method:POST, server.address:127.0.0.1, server.port:38547, url.scheme:http, url.path:/v1/db/transport_parity/mq/mq_frame/stats, network.protocol.version:2","http.request.method":"POST","server.address":"127.0.0.1","server.port":38547,"url.scheme":"http","url.path":"/v1/db/transport_parity/mq/mq_frame/stats","network.protocol.version":"2"},{"Message":"ConnectionId:0HNOB30QRV14N","ConnectionId":"0HNOB30QRV14N"},{"Message":"RequestPath:/v1/db/transport_parity/mq/mq_frame/stats RequestId:0HNOB30QRV14N:00000009","RequestId":"0HNOB30QRV14N:00000009","RequestPath":"/v1/db/transport_parity/mq/mq_frame/stats"}]}
{"Timestamp":"2026-09-05T06:37:52.227Z","EventId":0,"LogLevel":"Information","Category":"Microsoft.AspNetCore.Routing.EndpointMiddleware","Message":"Executing endpoint \u0027HTTP: POST /v1/db/{db}/mq/{topic}/stats\u0027","State":{"EndpointName":"HTTP: POST /v1/db/{db}/mq/{topic}/stats","{OriginalFormat}":"Executing endpoint \u0027{EndpointName}\u0027"},"Scopes":[{"Message":"SpanId:f42039399bdb89f9, TraceId:e813352a2cda5d29b9e3f7d675f0a3e6, ParentId:25086b1fa4b6cdd2","SpanId":"f42039399bdb89f9","TraceId":"e813352a2cda5d29b9e3f7d675f0a3e6","ParentId":"25086b1fa4b6cdd2"},{"Message":"http.request.method:POST, server.address:127.0.0.1, server.port:38547, url.scheme:http, url.path:/v1/db/transport_parity/mq/mq_frame/stats, network.protocol.version:2","http.request.method":"POST","server.address":"127.0.0.1","server.port":38547,"url.scheme":"http","url.path":"/v1/db/transport_parity/mq/mq_frame/stats","network.protocol.version":"2"},{"Message":"ConnectionId:0HNOB30QRV14N","ConnectionId":"0HNOB30QRV14N"},{"Message":"RequestPath:/v1/db/transport_parity/mq/mq_frame/stats RequestId:0HNOB30QRV14N:00000009","RequestId":"0HNOB30QRV14N:00000009","RequestPath":"/v1/db/transport_parity/mq/mq_frame/stats"}]}
{"Timestamp":"2026-09-05T06:37:52.235Z","EventId":3,"LogLevel":"Information","Category":"Microsoft.AspNetCore.Http.Result.JsonResult","Message":"Writing value of type \u0027MqStatsResponse\u0027 as Json.","State":{"Type":"MqStatsResponse","{OriginalFormat}":"Writing value of type \u0027{Type}\u0027 as Json."},"Scopes":[{"Message":"SpanId:f42039399bdb89f9, TraceId:e813352a2cda5d29b9e3f7d675f0a3e6, ParentId:25086b1fa4b6cdd2","SpanId":"f42039399bdb89f9","TraceId":"e813352a2cda5d29b9e3f7d675f0a3e6","ParentId":"25086b1fa4b6cdd2"},{"Message":"http.request.method:POST, server.address:127.0.0.1, server.port:38547, url.scheme:http, url.path:/v1/db/transport_parity/mq/mq_frame/stats, network.protocol.version:2","http.request.method":"POST","server.address":"127.0.0.1","server.port":38547,"url.scheme":"http","url.path":"/v1/db/transport_parity/mq/mq_frame/stats","network.protocol.version":"2"},{"Message":"ConnectionId:0HNOB30QRV14N","ConnectionId":"0HNOB30QRV14N"},{"Message":"RequestPath:/v1/db/transport_parity/mq/mq_frame/stats RequestId:0HNOB30QRV14N:00000009","RequestId":"0HNOB30QRV14N:00000009","RequestPath":"/v1/db/transport_parity/mq/mq_frame/stats"}]}
{"Timestamp":"2026-09-05T06:37:52.238Z","EventId":1,"LogLevel":"Information","Category":"Microsoft.AspNetCore.Routing.EndpointMiddleware","Message":"Executed endpoint \u0027HTTP: POST /v1/db/{db}/mq/{topic}/stats\u0027","State":{"EndpointName":"HTTP: POST /v1/db/{db}/mq/{topic}/stats","{OriginalFormat}":"Executed endpoint \u0027{EndpointName}\u0027"},"Scopes":[{"Message":"SpanId:f42039399bdb89f9, TraceId:e813352a2cda5d29b9e3f7d675f0a3e6, ParentId:25086b1fa4b6cdd2","SpanId":"f42039399bdb89f9","TraceId":"e813352a2cda5d29b9e3f7d675f0a3e6","ParentId":"25086b1fa4b6cdd2"},{"Message":"http.request.method:POST, server.address:127.0.0.1, server.port:38547, url.scheme:http, url.path:/v1/db/transport_parity/mq/mq_frame/stats, network.protocol.version:2","http.request.method":"POST","server.address":"127.0.0.1","server.port":38547,"url.scheme":"http","url.path":"/v1/db/transport_parity/mq/mq_frame/stats","network.protocol.version":"2"},{"Message":"ConnectionId:0HNOB30QRV14N","ConnectionId":"0HNOB30QRV14N"},{"Message":"RequestPath:/v1/db/transport_parity/mq/mq_frame/stats RequestId:0HNOB30QRV14N:00000009","RequestId":"0HNOB30QRV14N:00000009","RequestPath":"/v1/db/transport_parity/mq/mq_frame/stats"}]}
{"Timestamp":"2026-09-05T06:37:52.238Z","EventId":2,"LogLevel":"Information","Category":"Microsoft.AspNetCore.Hosting.Diagnostics","Message":"Request finished HTTP/2 POST http://127.0.0.1:38547/v1/db/transport_parity/mq/mq_frame/stats - 200 - application/json;\u002Bcharset=utf-8 12.0361ms","State":{"ElapsedMilliseconds":12.0361,"StatusCode":200,"ContentType":"application/json; charset=utf-8","ContentLength":null,"Protocol":"HTTP/2","Method":"POST","Scheme":"http","Host":"127.0.0.1:38547","PathBase":"","Path":"/v1/db/transport_parity/mq/mq_frame/stats","QueryString":"","{OriginalFormat}":"Request finished {Protocol} {Method} {Scheme}://{Host}{PathBase}{Path}{QueryString} - {StatusCode} {ContentLength} {ContentType} {ElapsedMilliseconds}ms"},"Scopes":[{"Message":"SpanId:f42039399bdb89f9, TraceId:e813352a2cda5d29b9e3f7d675f0a3e6, ParentId:25086b1fa4b6cdd2","SpanId":"f42039399bdb89f9","TraceId":"e813352a2cda5d29b9e3f7d675f0a3e6","ParentId":"25086b1fa4b6cdd2"},{"Message":"http.request.method:POST, server.address:127.0.0.1, server.port:38547, url.scheme:http, url.path:/v1/db/transport_parity/mq/mq_frame/stats, network.protocol.version:2","http.request.method":"POST","server.address":"127.0.0.1","server.port":38547,"url.scheme":"http","url.path":"/v1/db/transport_parity/mq/mq_frame/stats","network.protocol.version":"2"},{"Message":"ConnectionId:0HNOB30QRV14N","ConnectionId":"0HNOB30QRV14N"},{"Message":"RequestPath:/v1/db/transport_parity/mq/mq_frame/stats RequestId:0HNOB30QRV14N:00000009","RequestId":"0HNOB30QRV14N:00000009","RequestPath":"/v1/db/transport_parity/mq/mq_frame/stats"}]}
{"Timestamp":"2026-09-05T06:37:52.255Z","EventId":1,"LogLevel":"Information","Category":"Microsoft.AspNetCore.Hosting.Diagnostics","Message":"Request starting HTTP/1.1 POST http://127.0.0.1:43457/v1/db/transport_parity/mq/mq_rest/publish - application/json;\u002Bcharset=utf-8 -","State":{"Protocol":"HTTP/1.1","Method":"POST","ContentType":"application/json; charset=utf-8","ContentLength":null,"Scheme":"http","Host":"127.0.0.1:43457","PathBase":"","Path":"/v1/db/transport_parity/mq/mq_rest/publish","QueryString":"","{OriginalFormat}":"Request starting {Protocol} {Method} {Scheme}://{Host}{PathBase}{Path}{QueryString} - {ContentType} {ContentLength}"},"Scopes":[{"Message":"SpanId:8d282ca33b10e1bc, TraceId:6183c6d862f15d8e716c476d697bcd61, ParentId:6c29b637f08844fe","SpanId":"8d282ca33b10e1bc","TraceId":"6183c6d862f15d8e716c476d697bcd61","ParentId":"6c29b637f08844fe"},{"Message":"http.request.method:POST, server.address:127.0.0.1, server.port:43457, url.scheme:http, url.path:/v1/db/transport_parity/mq/mq_rest/publish, network.protocol.version:1.1","http.request.method":"POST","server.address":"127.0.0.1","server.port":43457,"url.scheme":"http","url.path":"/v1/db/transport_parity/mq/mq_rest/publish","network.protocol.version":"1.1"},{"Message":"ConnectionId:0HNOB30QRV14O","ConnectionId":"0HNOB30QRV14O"},{"Message":"RequestPath:/v1/db/transport_parity/mq/mq_rest/publish RequestId:0HNOB30QRV14O:00000001","RequestId":"0HNOB30QRV14O:00000001","RequestPath":"/v1/db/transport_parity/mq/mq_rest/publish"}]}
{"Timestamp":"2026-09-05T06:37:52.258Z","EventId":0,"LogLevel":"Information","Category":"Microsoft.AspNetCore.Routing.EndpointMiddleware","Message":"Executing endpoint \u0027HTTP: POST /v1/db/{db}/mq/{topic}/publish\u0027","State":{"EndpointName":"HTTP: POST /v1/db/{db}/mq/{topic}/publish","{OriginalFormat}":"Executing endpoint \u0027{EndpointName}\u0027"},"Scopes":[{"Message":"SpanId:8d282ca33b10e1bc, TraceId:6183c6d862f15d8e716c476d697bcd61, ParentId:6c29b637f08844fe","SpanId":"8d282ca33b10e1bc","TraceId":"6183c6d862f15d8e716c476d697bcd61","ParentId":"6c29b637f08844fe"},{"Message":"http.request.method:POST, server.address:127.0.0.1, server.port:43457, url.scheme:http, url.path:/v1/db/transport_parity/mq/mq_rest/publish, network.protocol.version:1.1","http.request.method":"POST","server.address":"127.0.0.1","server.port":43457,"url.scheme":"http","url.path":"/v1/db/transport_parity/mq/mq_rest/publish","network.protocol.version":"1.1"},{"Message":"ConnectionId:0HNOB30QRV14O","ConnectionId":"0HNOB30QRV14O"},{"Message":"RequestPath:/v1/db/transport_parity/mq/mq_rest/publish RequestId:0HNOB30QRV14O:00000001","RequestId":"0HNOB30QRV14O:00000001","RequestPath":"/v1/db/transport_parity/mq/mq_rest/publish"}]}
{"Timestamp":"2026-09-05T06:37:52.265Z","EventId":1,"LogLevel":"Information","Category":"Microsoft.AspNetCore.Routing.EndpointMiddleware","Message":"Executed endpoint \u0027HTTP: POST /v1/db/{db}/mq/{topic}/publish\u0027","State":{"EndpointName":"HTTP: POST /v1/db/{db}/mq/{topic}/publish","{OriginalFormat}":"Executed endpoint \u0027{EndpointName}\u0027"},"Scopes":[{"Message":"SpanId:8d282ca33b10e1bc, TraceId:6183c6d862f15d8e716c476d697bcd61, ParentId:6c29b637f08844fe","SpanId":"8d282ca33b10e1bc","TraceId":"6183c6d862f15d8e716c476d697bcd61","ParentId":"6c29b637f08844fe"},{"Message":"http.request.method:POST, server.address:127.0.0.1, server.port:43457, url.scheme:http, url.path:/v1/db/transport_parity/mq/mq_rest/publish, network.protocol.version:1.1","http.request.method":"POST","server.address":"127.0.0.1","server.port":43457,"url.scheme":"http","url.path":"/v1/db/transport_parity/mq/mq_rest/publish","network.protocol.version":"1.1"},{"Message":"ConnectionId:0HNOB30QRV14O","ConnectionId":"0HNOB30QRV14O"},{"Message":"RequestPath:/v1/db/transport_parity/mq/mq_rest/publish RequestId:0HNOB30QRV14O:00000001","RequestId":"0HNOB30QRV14O:00000001","RequestPath":"/v1/db/transport_parity/mq/mq_rest/publish"}]}
{"Timestamp":"2026-09-05T06:37:52.265Z","EventId":2,"LogLevel":"Information","Category":"Microsoft.AspNetCore.Hosting.Diagnostics","Message":"Request finished HTTP/1.1 POST http://127.0.0.1:43457/v1/db/transport_parity/mq/mq_rest/publish - 201 - application/json;\u002Bcharset=utf-8 9.4940ms","State":{"ElapsedMilliseconds":9.494,"StatusCode":201,"ContentType":"application/json; charset=utf-8","ContentLength":null,"Protocol":"HTTP/1.1","Method":"POST","Scheme":"http","Host":"127.0.0.1:43457","PathBase":"","Path":"/v1/db/transport_parity/mq/mq_rest/publish","QueryString":"","{OriginalFormat}":"Request finished {Protocol} {Method} {Scheme}://{Host}{PathBase}{Path}{QueryString} - {StatusCode} {ContentLength} {ContentType} {ElapsedMilliseconds}ms"},"Scopes":[{"Message":"SpanId:8d282ca33b10e1bc, TraceId:6183c6d862f15d8e716c476d697bcd61, ParentId:6c29b637f08844fe","SpanId":"8d282ca33b10e1bc","TraceId":"6183c6d862f15d8e716c476d697bcd61","ParentId":"6c29b637f08844fe"},{"Message":"http.request.method:POST, server.address:127.0.0.1, server.port:43457, url.scheme:http, url.path:/v1/db/transport_parity/mq/mq_rest/publish, network.protocol.version:1.1","http.request.method":"POST","server.address":"127.0.0.1","server.port":43457,"url.scheme":"http","url.path":"/v1/db/transport_parity/mq/mq_rest/publish","network.protocol.version":"1.1"},{"Message":"ConnectionId:0HNOB30QRV14O","ConnectionId":"0HNOB30QRV14O"},{"Message":"RequestPath:/v1/db/transport_parity/mq/mq_rest/publish RequestId:0HNOB30QRV14O:00000001","RequestId":"0HNOB30QRV14O:00000001","RequestPath":"/v1/db/transport_parity/mq/mq_rest/publish"}]}
{"Timestamp":"2026-09-05T06:37:52.271Z","EventId":1,"LogLevel":"Information","Category":"Microsoft.AspNetCore.Hosting.Diagnostics","Message":"Request starting HTTP/1.1 POST http://127.0.0.1:43457/v1/db/transport_parity/mq/mq_rest/publish-batch - application/json;\u002Bcharset=utf-8 -","State":{"Protocol":"HTTP/1.1","Method":"POST","ContentType":"application/json; charset=utf-8","ContentLength":null,"Scheme":"http","Host":"127.0.0.1:43457","PathBase":"","Path":"/v1/db/transport_parity/mq/mq_rest/publish-batch","QueryString":"","{OriginalFormat}":"Request starting {Protocol} {Method} {Scheme}://{Host}{PathBase}{Path}{QueryString} - {ContentType} {ContentLength}"},"Scopes":[{"Message":"SpanId:1d1ac7ec2b5437a6, TraceId:5b9eced56846a40bcc856c3bb8280932, ParentId:74294d9e1b571bf7","SpanId":"1d1ac7ec2b5437a6","TraceId":"5b9eced56846a40bcc856c3bb8280932","ParentId":"74294d9e1b571bf7"},{"Message":"http.request.method:POST, server.address:127.0.0.1, server.port:43457, url.scheme:http, url.path:/v1/db/transport_parity/mq/mq_rest/publish-batch, network.protocol.version:1.1","http.request.method":"POST","server.address":"127.0.0.1","server.port":43457,"url.scheme":"http","url.path":"/v1/db/transport_parity/mq/mq_rest/publish-batch","network.protocol.version":"1.1"},{"Message":"ConnectionId:0HNOB30QRV14O","ConnectionId":"0HNOB30QRV14O"},{"Message":"RequestPath:/v1/db/transport_parity/mq/mq_rest/publish-batch RequestId:0HNOB30QRV14O:00000002","RequestId":"0HNOB30QRV14O:00000002","RequestPath":"/v1/db/transport_parity/mq/mq_rest/publish-batch"}]}
{"Timestamp":"2026-09-05T06:37:52.272Z","EventId":0,"LogLevel":"Information","Category":"Microsoft.AspNetCore.Routing.EndpointMiddleware","Message":"Executing endpoint \u0027HTTP: POST /v1/db/{db}/mq/{topic}/publish-batch\u0027","State":{"EndpointName":"HTTP: POST /v1/db/{db}/mq/{topic}/publish-batch","{OriginalFormat}":"Executing endpoint \u0027{EndpointName}\u0027"},"Scopes":[{"Message":"SpanId:1d1ac7ec2b5437a6, TraceId:5b9eced56846a40bcc856c3bb8280932, ParentId:74294d9e1b571bf7","SpanId":"1d1ac7ec2b5437a6","TraceId":"5b9eced56846a40bcc856c3bb8280932","ParentId":"74294d9e1b571bf7"},{"Message":"http.request.method:POST, server.address:127.0.0.1, server.port:43457, url.scheme:http, url.path:/v1/db/transport_parity/mq/mq_rest/publish-batch, network.protocol.version:1.1","http.request.method":"POST","server.address":"127.0.0.1","server.port":43457,"url.scheme":"http","url.path":"/v1/db/transport_parity/mq/mq_rest/publish-batch","network.protocol.version":"1.1"},{"Message":"ConnectionId:0HNOB30QRV14O","ConnectionId":"0HNOB30QRV14O"},{"Message":"RequestPath:/v1/db/transport_parity/mq/mq_rest/publish-batch RequestId:0HNOB30QRV14O:00000002","RequestId":"0HNOB30QRV14O:00000002","RequestPath":"/v1/db/transport_parity/mq/mq_rest/publish-batch"}]}
{"Timestamp":"2026-09-05T06:37:52.281Z","EventId":1,"LogLevel":"Information","Category":"Microsoft.AspNetCore.Routing.EndpointMiddleware","Message":"Executed endpoint \u0027HTTP: POST /v1/db/{db}/mq/{topic}/publish-batch\u0027","State":{"EndpointName":"HTTP: POST /v1/db/{db}/mq/{topic}/publish-batch","{OriginalFormat}":"Executed endpoint \u0027{EndpointName}\u0027"},"Scopes":[{"Message":"SpanId:1d1ac7ec2b5437a6, TraceId:5b9eced56846a40bcc856c3bb8280932, ParentId:74294d9e1b571bf7","SpanId":"1d1ac7ec2b5437a6","TraceId":"5b9eced56846a40bcc856c3bb8280932","ParentId":"74294d9e1b571bf7"},{"Message":"http.request.method:POST, server.address:127.0.0.1, server.port:43457, url.scheme:http, url.path:/v1/db/transport_parity/mq/mq_rest/publish-batch, network.protocol.version:1.1","http.request.method":"POST","server.address":"127.0.0.1","server.port":43457,"url.scheme":"http","url.path":"/v1/db/transport_parity/mq/mq_rest/publish-batch","network.protocol.version":"1.1"},{"Message":"ConnectionId:0HNOB30QRV14O","ConnectionId":"0HNOB30QRV14O"},{"Message":"RequestPath:/v1/db/transport_parity/mq/mq_rest/publish-batch RequestId:0HNOB30QRV14O:00000002","RequestId":"0HNOB30QRV14O:00000002","RequestPath":"/v1/db/transport_parity/mq/mq_rest/publish-batch"}]}
{"Timestamp":"2026-09-05T06:37:52.281Z","EventId":2,"LogLevel":"Information","Category":"Microsoft.AspNetCore.Hosting.Diagnostics","Message":"Request finished HTTP/1.1 POST http://127.0.0.1:43457/v1/db/transport_parity/mq/mq_rest/publish-batch - 201 - application/json;\u002Bcharset=utf-8 9.3365ms","State":{"ElapsedMilliseconds":9.3365,"StatusCode":201,"ContentType":"application/json; charset=utf-8","ContentLength":null,"Protocol":"HTTP/1.1","Method":"POST","Scheme":"http","Host":"127.0.0.1:43457","PathBase":"","Path":"/v1/db/transport_parity/mq/mq_rest/publish-batch","QueryString":"","{OriginalFormat}":"Request finished {Protocol} {Method} {Scheme}://{Host}{PathBase}{Path}{QueryString} - {StatusCode} {ContentLength} {ContentType} {ElapsedMilliseconds}ms"},"Scopes":[{"Message":"SpanId:1d1ac7ec2b5437a6, TraceId:5b9eced56846a40bcc856c3bb8280932, ParentId:74294d9e1b571bf7","SpanId":"1d1ac7ec2b5437a6","TraceId":"5b9eced56846a40bcc856c3bb8280932","ParentId":"74294d9e1b571bf7"},{"Message":"http.request.method:POST, server.address:127.0.0.1, server.port:43457, url.scheme:http, url.path:/v1/db/transport_parity/mq/mq_rest/publish-batch, network.protocol.version:1.1","http.request.method":"POST","server.address":"127.0.0.1","server.port":43457,"url.scheme":"http","url.path":"/v1/db/transport_parity/mq/mq_rest/publish-batch","network.protocol.version":"1.1"},{"Message":"ConnectionId:0HNOB30QRV14O","ConnectionId":"0HNOB30QRV14O"},{"Message":"RequestPath:/v1/db/transport_parity/mq/mq_rest/publish-batch RequestId:0HNOB30QRV14O:00000002","RequestId":"0HNOB30QRV14O:00000002","RequestPath":"/v1/db/transport_parity/mq/mq_rest/publish-batch"}]}
{"Timestamp":"2026-09-05T06:37:52.285Z","EventId":1,"LogLevel":"Information","Category":"Microsoft.AspNetCore.Hosting.Diagnostics","Message":"Request starting HTTP/1.1 POST http://127.0.0.1:43457/v1/db/transport_parity/mq/mq_rest/pull - application/json;\u002Bcharset=utf-8 -","State":{"Protocol":"HTTP/1.1","Method":"POST","ContentType":"application/json; charset=utf-8","ContentLength":null,"Scheme":"http","Host":"127.0.0.1:43457","PathBase":"","Path":"/v1/db/transport_parity/mq/mq_rest/pull","QueryString":"","{OriginalFormat}":"Request starting {Protocol} {Method} {Scheme}://{Host}{PathBase}{Path}{QueryString} - {ContentType} {ContentLength}"},"Scopes":[{"Message":"SpanId:9204cda82786dc74, TraceId:1a9756c250cc3e52067f6314ee790fc0, ParentId:68de62f3b6781e13","SpanId":"9204cda82786dc74","TraceId":"1a9756c250cc3e52067f6314ee790fc0","ParentId":"68de62f3b6781e13"},{"Message":"http.request.method:POST, server.address:127.0.0.1, server.port:43457, url.scheme:http, url.path:/v1/db/transport_parity/mq/mq_rest/pull, network.protocol.version:1.1","http.request.method":"POST","server.address":"127.0.0.1","server.port":43457,"url.scheme":"http","url.path":"/v1/db/transport_parity/mq/mq_rest/pull","network.protocol.version":"1.1"},{"Message":"ConnectionId:0HNOB30QRV14O","ConnectionId":"0HNOB30QRV14O"},{"Message":"RequestPath:/v1/db/transport_parity/mq/mq_rest/pull RequestId:0HNOB30QRV14O:00000003","RequestId":"0HNOB30QRV14O:00000003","RequestPath":"/v1/db/transport_parity/mq/mq_rest/pull"}]}
{"Timestamp":"2026-09-05T06:37:52.285Z","EventId":0,"LogLevel":"Information","Category":"Microsoft.AspNetCore.Routing.EndpointMiddleware","Message":"Executing endpoint \u0027HTTP: POST /v1/db/{db}/mq/{topic}/pull\u0027","State":{"EndpointName":"HTTP: POST /v1/db/{db}/mq/{topic}/pull","{OriginalFormat}":"Executing endpoint \u0027{EndpointName}\u0027"},"Scopes":[{"Message":"SpanId:9204cda82786dc74, TraceId:1a9756c250cc3e52067f6314ee790fc0, ParentId:68de62f3b6781e13","SpanId":"9204cda82786dc74","TraceId":"1a9756c250cc3e52067f6314ee790fc0","ParentId":"68de62f3b6781e13"},{"Message":"http.request.method:POST, server.address:127.0.0.1, server.port:43457, url.scheme:http, url.path:/v1/db/transport_parity/mq/mq_rest/pull, network.protocol.version:1.1","http.request.method":"POST","server.address":"127.0.0.1","server.port":43457,"url.scheme":"http","url.path":"/v1/db/transport_parity/mq/mq_rest/pull","network.protocol.version":"1.1"},{"Message":"ConnectionId:0HNOB30QRV14O","ConnectionId":"0HNOB30QRV14O"},{"Message":"RequestPath:/v1/db/transport_parity/mq/mq_rest/pull RequestId:0HNOB30QRV14O:00000003","RequestId":"0HNOB30QRV14O:00000003","RequestPath":"/v1/db/transport_parity/mq/mq_rest/pull"}]}
[...]
{"Timestamp":"2026-09-05T06:38:16.493Z","EventId":0,"LogLevel":"Information","Category":"Microsoft.AspNetCore.Routing.EndpointMiddleware","Message":"Executing endpoint \u0027HTTP: POST /v1/db/{db}/sql\u0027","State":{"EndpointName":"HTTP: POST /v1/db/{db}/sql","{OriginalFormat}":"Executing endpoint \u0027{EndpointName}\u0027"},"Scopes":[{"Message":"SpanId:b57c9cadf58c1ed5, TraceId:b42dac59fef93f108d0142882ed236aa, ParentId:9772aaaee77ca363","SpanId":"b57c9cadf58c1ed5","TraceId":"b42dac59fef93f108d0142882ed236aa","ParentId":"9772aaaee77ca363"},{"Message":"http.request.method:POST, server.address:127.0.0.1, server.port:41149, url.scheme:http, url.path:/v1/db/protocol_http/sql, network.protocol.version:1.1","http.request.method":"POST","server.address":"127.0.0.1","server.port":41149,"url.scheme":"http","url.path":"/v1/db/protocol_http/sql","network.protocol.version":"1.1"},{"Message":"ConnectionId:0HNOB30QRV157","ConnectionId":"0HNOB30QRV157"},{"Message":"RequestPath:/v1/db/protocol_http/sql RequestId:0HNOB30QRV157:00000001","RequestId":"0HNOB30QRV157:00000001","RequestPath":"/v1/db/protocol_http/sql"}]}
{"Timestamp":"2026-09-05T06:38:16.494Z","EventId":1,"LogLevel":"Information","Category":"Microsoft.AspNetCore.Routing.EndpointMiddleware","Message":"Executed endpoint \u0027HTTP: POST /v1/db/{db}/sql\u0027","State":{"EndpointName":"HTTP: POST /v1/db/{db}/sql","{OriginalFormat}":"Executed endpoint \u0027{EndpointName}\u0027"},"Scopes":[{"Message":"SpanId:b57c9cadf58c1ed5, TraceId:b42dac59fef93f108d0142882ed236aa, ParentId:9772aaaee77ca363","SpanId":"b57c9cadf58c1ed5","TraceId":"b42dac59fef93f108d0142882ed236aa","ParentId":"9772aaaee77ca363"},{"Message":"http.request.method:POST, server.address:127.0.0.1, server.port:41149, url.scheme:http, url.path:/v1/db/protocol_http/sql, network.protocol.version:1.1","http.request.method":"POST","server.address":"127.0.0.1","server.port":41149,"url.scheme":"http","url.path":"/v1/db/protocol_http/sql","network.protocol.version":"1.1"},{"Message":"ConnectionId:0HNOB30QRV157","ConnectionId":"0HNOB30QRV157"},{"Message":"RequestPath:/v1/db/protocol_http/sql RequestId:0HNOB30QRV157:00000001","RequestId":"0HNOB30QRV157:00000001","RequestPath":"/v1/db/protocol_http/sql"}]}
{"Timestamp":"2026-09-05T06:38:16.494Z","EventId":2,"LogLevel":"Information","Category":"Microsoft.AspNetCore.Hosting.Diagnostics","Message":"Request finished HTTP/1.1 POST http://127.0.0.1:41149/v1/db/protocol_http/sql - 200 - application/x-ndjson;\u002Bcharset=utf-8 1.0010ms","State":{"ElapsedMilliseconds":1.001,"StatusCode":200,"ContentType":"application/x-ndjson; charset=utf-8","ContentLength":null,"Protocol":"HTTP/1.1","Method":"POST","Scheme":"http","Host":"127.0.0.1:41149","PathBase":"","Path":"/v1/db/protocol_http/sql","QueryString":"","{OriginalFormat}":"Request finished {Protocol} {Method} {Scheme}://{Host}{PathBase}{Path}{QueryString} - {StatusCode} {ContentLength} {ContentType} {ElapsedMilliseconds}ms"},"Scopes":[{"Message":"SpanId:b57c9cadf58c1ed5, TraceId:b42dac59fef93f108d0142882ed236aa, ParentId:9772aaaee77ca363","SpanId":"b57c9cadf58c1ed5","TraceId":"b42dac59fef93f108d0142882ed236aa","ParentId":"9772aaaee77ca363"},{"Message":"http.request.method:POST, server.address:127.0.0.1, server.port:41149, url.scheme:http, url.path:/v1/db/protocol_http/sql, network.protocol.version:1.1","http.request.method":"POST","server.address":"127.0.0.1","server.port":41149,"url.scheme":"http","url.path":"/v1/db/protocol_http/sql","network.protocol.version":"1.1"},{"Message":"ConnectionId:0HNOB30QRV157","ConnectionId":"0HNOB30QRV157"},{"Message":"RequestPath:/v1/db/protocol_http/sql RequestId:0HNOB30QRV157:00000001","RequestId":"0HNOB30QRV157:00000001","RequestPath":"/v1/db/protocol_http/sql"}]}
{"Timestamp":"2026-09-05T06:38:16.495Z","EventId":1,"LogLevel":"Information","Category":"Microsoft.AspNetCore.Hosting.Diagnostics","Message":"Request starting HTTP/1.1 POST http://127.0.0.1:41149/v1/db/protocol_udp/sql - application/json;\u002Bcharset=utf-8 66","State":{"Protocol":"HTTP/1.1","Method":"POST","ContentType":"application/json; charset=utf-8","ContentLength":66,"Scheme":"http","Host":"127.0.0.1:41149","PathBase":"","Path":"/v1/db/protocol_udp/sql","QueryString":"","{OriginalFormat}":"Request starting {Protocol} {Method} {Scheme}://{Host}{PathBase}{Path}{QueryString} - {ContentType} {ContentLength}"},"Scopes":[{"Message":"SpanId:08294dcd33a7c7ca, TraceId:f084da42ee646140022b5a5a5f9a90c8, ParentId:f83c2707fc9d7564","SpanId":"08294dcd33a7c7ca","TraceId":"f084da42ee646140022b5a5a5f9a90c8","ParentId":"f83c2707fc9d7564"},{"Message":"http.request.method:POST, server.address:127.0.0.1, server.port:41149, url.scheme:http, url.path:/v1/db/protocol_udp/sql, network.protocol.version:1.1","http.request.method":"POST","server.address":"127.0.0.1","server.port":41149,"url.scheme":"http","url.path":"/v1/db/protocol_udp/sql","network.protocol.version":"1.1"},{"Message":"ConnectionId:0HNOB30QRV157","ConnectionId":"0HNOB30QRV157"},{"Message":"RequestPath:/v1/db/protocol_udp/sql RequestId:0HNOB30QRV157:00000002","RequestId":"0HNOB30QRV157:00000002","RequestPath":"/v1/db/protocol_udp/sql"}]}
{"Timestamp":"2026-09-05T06:38:16.495Z","EventId":0,"LogLevel":"Information","Category":"Microsoft.AspNetCore.Routing.EndpointMiddleware","Message":"Executing endpoint \u0027HTTP: POST /v1/db/{db}/sql\u0027","State":{"EndpointName":"HTTP: POST /v1/db/{db}/sql","{OriginalFormat}":"Executing endpoint \u0027{EndpointName}\u0027"},"Scopes":[{"Message":"SpanId:08294dcd33a7c7ca, TraceId:f084da42ee646140022b5a5a5f9a90c8, ParentId:f83c2707fc9d7564","SpanId":"08294dcd33a7c7ca","TraceId":"f084da42ee646140022b5a5a5f9a90c8","ParentId":"f83c2707fc9d7564"},{"Message":"http.request.method:POST, server.address:127.0.0.1, server.port:41149, url.scheme:http, url.path:/v1/db/protocol_udp/sql, network.protocol.version:1.1","http.request.method":"POST","server.address":"127.0.0.1","server.port":41149,"url.scheme":"http","url.path":"/v1/db/protocol_udp/sql","network.protocol.version":"1.1"},{"Message":"ConnectionId:0HNOB30QRV157","ConnectionId":"0HNOB30QRV157"},{"Message":"RequestPath:/v1/db/protocol_udp/sql RequestId:0HNOB30QRV157:00000002","RequestId":"0HNOB30QRV157:00000002","RequestPath":"/v1/db/protocol_udp/sql"}]}
{"Timestamp":"2026-09-05T06:38:16.496Z","EventId":1,"LogLevel":"Information","Category":"Microsoft.AspNetCore.Routing.EndpointMiddleware","Message":"Executed endpoint \u0027HTTP: POST /v1/db/{db}/sql\u0027","State":{"EndpointName":"HTTP: POST /v1/db/{db}/sql","{OriginalFormat}":"Executed endpoint \u0027{EndpointName}\u0027"},"Scopes":[{"Message":"SpanId:08294dcd33a7c7ca, TraceId:f084da42ee646140022b5a5a5f9a90c8, ParentId:f83c2707fc9d7564","SpanId":"08294dcd33a7c7ca","TraceId":"f084da42ee646140022b5a5a5f9a90c8","ParentId":"f83c2707fc9d7564"},{"Message":"http.request.method:POST, server.address:127.0.0.1, server.port:41149, url.scheme:http, url.path:/v1/db/protocol_udp/sql, network.protocol.version:1.1","http.request.method":"POST","server.address":"127.0.0.1","server.port":41149,"url.scheme":"http","url.path":"/v1/db/protocol_udp/sql","network.protocol.version":"1.1"},{"Message":"ConnectionId:0HNOB30QRV157","ConnectionId":"0HNOB30QRV157"},{"Message":"RequestPath:/v1/db/protocol_udp/sql RequestId:0HNOB30QRV157:00000002","RequestId":"0HNOB30QRV157:00000002","RequestPath":"/v1/db/protocol_udp/sql"}]}
{"Timestamp":"2026-09-05T06:38:16.496Z","EventId":2,"LogLevel":"Information","Category":"Microsoft.AspNetCore.Hosting.Diagnostics","Message":"Request finished HTTP/1.1 POST http://127.0.0.1:41149/v1/db/protocol_udp/sql - 200 - application/x-ndjson;\u002Bcharset=utf-8 0.5551ms","State":{"ElapsedMilliseconds":0.5551,"StatusCode":200,"ContentType":"application/x-ndjson; charset=utf-8","ContentLength":null,"Protocol":"HTTP/1.1","Method":"POST","Scheme":"http","Host":"127.0.0.1:41149","PathBase":"","Path":"/v1/db/protocol_udp/sql","QueryString":"","{OriginalFormat}":"Request finished {Protocol} {Method} {Scheme}://{Host}{PathBase}{Path}{QueryString} - {StatusCode} {ContentLength} {ContentType} {ElapsedMilliseconds}ms"},"Scopes":[{"Message":"SpanId:08294dcd33a7c7ca, TraceId:f084da42ee646140022b5a5a5f9a90c8, ParentId:f83c2707fc9d7564","SpanId":"08294dcd33a7c7ca","TraceId":"f084da42ee646140022b5a5a5f9a90c8","ParentId":"f83c2707fc9d7564"},{"Message":"http.request.method:POST, server.address:127.0.0.1, server.port:41149, url.scheme:http, url.path:/v1/db/protocol_udp/sql, network.protocol.version:1.1","http.request.method":"POST","server.address":"127.0.0.1","server.port":41149,"url.scheme":"http","url.path":"/v1/db/protocol_udp/sql","network.protocol.version":"1.1"},{"Message":"ConnectionId:0HNOB30QRV157","ConnectionId":"0HNOB30QRV157"},{"Message":"RequestPath:/v1/db/protocol_udp/sql RequestId:0HNOB30QRV157:00000002","RequestId":"0HNOB30QRV157:00000002","RequestPath":"/v1/db/protocol_udp/sql"}]}
{"Timestamp":"2026-09-05T06:38:16.496Z","EventId":1,"LogLevel":"Information","Category":"Microsoft.AspNetCore.Hosting.Diagnostics","Message":"Request starting HTTP/1.1 POST http://127.0.0.1:41149/v1/db/protocol_mqtt/sql - application/json;\u002Bcharset=utf-8 66","State":{"Protocol":"HTTP/1.1","Method":"POST","ContentType":"application/json; charset=utf-8","ContentLength":66,"Scheme":"http","Host":"127.0.0.1:41149","PathBase":"","Path":"/v1/db/protocol_mqtt/sql","QueryString":"","{OriginalFormat}":"Request starting {Protocol} {Method} {Scheme}://{Host}{PathBase}{Path}{QueryString} - {ContentType} {ContentLength}"},"Scopes":[{"Message":"SpanId:c6ebf8195cb90172, TraceId:427644f4b06d898c2054f9c926f30e4f, ParentId:7f12bc4b8f6216ee","SpanId":"c6ebf8195cb90172","TraceId":"427644f4b06d898c2054f9c926f30e4f","ParentId":"7f12bc4b8f6216ee"},{"Message":"http.request.method:POST, server.address:127.0.0.1, server.port:41149, url.scheme:http, url.path:/v1/db/protocol_mqtt/sql, network.protocol.version:1.1","http.request.method":"POST","server.address":"127.0.0.1","server.port":41149,"url.scheme":"http","url.path":"/v1/db/protocol_mqtt/sql","network.protocol.version":"1.1"},{"Message":"ConnectionId:0HNOB30QRV157","ConnectionId":"0HNOB30QRV157"},{"Message":"RequestPath:/v1/db/protocol_mqtt/sql RequestId:0HNOB30QRV157:00000003","RequestId":"0HNOB30QRV157:00000003","RequestPath":"/v1/db/protocol_mqtt/sql"}]}
{"Timestamp":"2026-09-05T06:38:16.496Z","EventId":0,"LogLevel":"Information","Category":"Microsoft.AspNetCore.Routing.EndpointMiddleware","Message":"Executing endpoint \u0027HTTP: POST /v1/db/{db}/sql\u0027","State":{"EndpointName":"HTTP: POST /v1/db/{db}/sql","{OriginalFormat}":"Executing endpoint \u0027{EndpointName}\u0027"},"Scopes":[{"Message":"SpanId:c6ebf8195cb90172, TraceId:427644f4b06d898c2054f9c926f30e4f, ParentId:7f12bc4b8f6216ee","SpanId":"c6ebf8195cb90172","TraceId":"427644f4b06d898c2054f9c926f30e4f","ParentId":"7f12bc4b8f6216ee"},{"Message":"http.request.method:POST, server.address:127.0.0.1, server.port:41149, url.scheme:http, url.path:/v1/db/protocol_mqtt/sql, network.protocol.version:1.1","http.request.method":"POST","server.address":"127.0.0.1","server.port":41149,"url.scheme":"http","url.path":"/v1/db/protocol_mqtt/sql","network.protocol.version":"1.1"},{"Message":"ConnectionId:0HNOB30QRV157","ConnectionId":"0HNOB30QRV157"},{"Message":"RequestPath:/v1/db/protocol_mqtt/sql RequestId:0HNOB30QRV157:00000003","RequestId":"0HNOB30QRV157:00000003","RequestPath":"/v1/db/protocol_mqtt/sql"}]}
{"Timestamp":"2026-09-05T06:38:16.496Z","EventId":1,"LogLevel":"Information","Category":"Microsoft.AspNetCore.Routing.EndpointMiddleware","Message":"Executed endpoint \u0027HTTP: POST /v1/db/{db}/sql\u0027","State":{"EndpointName":"HTTP: POST /v1/db/{db}/sql","{OriginalFormat}":"Executed endpoint \u0027{EndpointName}\u0027"},"Scopes":[{"Message":"SpanId:c6ebf8195cb90172, TraceId:427644f4b06d898c2054f9c926f30e4f, ParentId:7f12bc4b8f6216ee","SpanId":"c6ebf8195cb90172","TraceId":"427644f4b06d898c2054f9c926f30e4f","ParentId":"7f12bc4b8f6216ee"},{"Message":"http.request.method:POST, server.address:127.0.0.1, server.port:41149, url.scheme:http, url.path:/v1/db/protocol_mqtt/sql, network.protocol.version:1.1","http.request.method":"POST","server.address":"127.0.0.1","server.port":41149,"url.scheme":"http","url.path":"/v1/db/protocol_mqtt/sql","network.protocol.version":"1.1"},{"Message":"ConnectionId:0HNOB30QRV157","ConnectionId":"0HNOB30QRV157"},{"Message":"RequestPath:/v1/db/protocol_mqtt/sql RequestId:0HNOB30QRV157:00000003","RequestId":"0HNOB30QRV157:00000003","RequestPath":"/v1/db/protocol_mqtt/sql"}]}
{"Timestamp":"2026-09-05T06:38:16.497Z","EventId":2,"LogLevel":"Information","Category":"Microsoft.AspNetCore.Hosting.Diagnostics","Message":"Request finished HTTP/1.1 POST http://127.0.0.1:41149/v1/db/protocol_mqtt/sql - 200 - application/x-ndjson;\u002Bcharset=utf-8 0.5123ms","State":{"ElapsedMilliseconds":0.5123,"StatusCode":200,"ContentType":"application/x-ndjson; charset=utf-8","ContentLength":null,"Protocol":"HTTP/1.1","Method":"POST","Scheme":"http","Host":"127.0.0.1:41149","PathBase":"","Path":"/v1/db/protocol_mqtt/sql","QueryString":"","{OriginalFormat}":"Request finished {Protocol} {Method} {Scheme}://{Host}{PathBase}{Path}{QueryString} - {StatusCode} {ContentLength} {ContentType} {ElapsedMilliseconds}ms"},"Scopes":[{"Message":"SpanId:c6ebf8195cb90172, TraceId:427644f4b06d898c2054f9c926f30e4f, ParentId:7f12bc4b8f6216ee","SpanId":"c6ebf8195cb90172","TraceId":"427644f4b06d898c2054f9c926f30e4f","ParentId":"7f12bc4b8f6216ee"},{"Message":"http.request.method:POST, server.address:127.0.0.1, server.port:41149, url.scheme:http, url.path:/v1/db/protocol_mqtt/sql, network.protocol.version:1.1","http.request.method":"POST","server.address":"127.0.0.1","server.port":41149,"url.scheme":"http","url.path":"/v1/db/protocol_mqtt/sql","network.protocol.version":"1.1"},{"Message":"ConnectionId:0HNOB30QRV157","ConnectionId":"0HNOB30QRV157"},{"Message":"RequestPath:/v1/db/protocol_mqtt/sql RequestId:0HNOB30QRV157:00000003","RequestId":"0HNOB30QRV157:00000003","RequestPath":"/v1/db/protocol_mqtt/sql"}]}
{"Timestamp":"2026-09-05T06:38:16.497Z","EventId":1,"LogLevel":"Information","Category":"Microsoft.AspNetCore.Hosting.Diagnostics","Message":"Request starting HTTP/1.1 POST http://127.0.0.1:41149/v1/db/protocol_coap/sql - application/json;\u002Bcharset=utf-8 66","State":{"Protocol":"HTTP/1.1","Method":"POST","ContentType":"application/json; charset=utf-8","ContentLength":66,"Scheme":"http","Host":"127.0.0.1:41149","PathBase":"","Path":"/v1/db/protocol_coap/sql","QueryString":"","{OriginalFormat}":"Request starting {Protocol} {Method} {Scheme}://{Host}{PathBase}{Path}{QueryString} - {ContentType} {ContentLength}"},"Scopes":[{"Message":"SpanId:e1c6736f72c3509a, TraceId:e1887a23542196cd9c72dda68626eeac, ParentId:b7c7825e425edb14","SpanId":"e1c6736f72c3509a","TraceId":"e1887a23542196cd9c72dda68626eeac","ParentId":"b7c7825e425edb14"},{"Message":"http.request.method:POST, server.address:127.0.0.1, server.port:41149, url.scheme:http, url.path:/v1/db/protocol_coap/sql, network.protocol.version:1.1","http.request.method":"POST","server.address":"127.0.0.1","server.port":41149,"url.scheme":"http","url.path":"/v1/db/protocol_coap/sql","network.protocol.version":"1.1"},{"Message":"ConnectionId:0HNOB30QRV157","ConnectionId":"0HNOB30QRV157"},{"Message":"RequestPath:/v1/db/protocol_coap/sql RequestId:0HNOB30QRV157:00000004","RequestId":"0HNOB30QRV157:00000004","RequestPath":"/v1/db/protocol_coap/sql"}]}
{"Timestamp":"2026-09-05T06:38:16.497Z","EventId":0,"LogLevel":"Information","Category":"Microsoft.AspNetCore.Routing.EndpointMiddleware","Message":"Executing endpoint \u0027HTTP: POST /v1/db/{db}/sql\u0027","State":{"EndpointName":"HTTP: POST /v1/db/{db}/sql","{OriginalFormat}":"Executing endpoint \u0027{EndpointName}\u0027"},"Scopes":[{"Message":"SpanId:e1c6736f72c3509a, TraceId:e1887a23542196cd9c72dda68626eeac, ParentId:b7c7825e425edb14","SpanId":"e1c6736f72c3509a","TraceId":"e1887a23542196cd9c72dda68626eeac","ParentId":"b7c7825e425edb14"},{"Message":"http.request.method:POST, server.address:127.0.0.1, server.port:41149, url.scheme:http, url.path:/v1/db/protocol_coap/sql, network.protocol.version:1.1","http.request.method":"POST","server.address":"127.0.0.1","server.port":41149,"url.scheme":"http","url.path":"/v1/db/protocol_coap/sql","network.protocol.version":"1.1"},{"Message":"ConnectionId:0HNOB30QRV157","ConnectionId":"0HNOB30QRV157"},{"Message":"RequestPath:/v1/db/protocol_coap/sql RequestId:0HNOB30QRV157:00000004","RequestId":"0HNOB30QRV157:00000004","RequestPath":"/v1/db/protocol_coap/sql"}]}
{"Timestamp":"2026-09-05T06:38:16.498Z","EventId":1,"LogLevel":"Information","Category":"Microsoft.AspNetCore.Routing.EndpointMiddleware","Message":"Executed endpoint \u0027HTTP: POST /v1/db/{db}/sql\u0027","State":{"EndpointName":"HTTP: POST /v1/db/{db}/sql","{OriginalFormat}":"Executed endpoint \u0027{EndpointName}\u0027"},"Scopes":[{"Message":"SpanId:e1c6736f72c3509a, TraceId:e1887a23542196cd9c72dda68626eeac, ParentId:b7c7825e425edb14","SpanId":"e1c6736f72c3509a","TraceId":"e1887a23542196cd9c72dda68626eeac","ParentId":"b7c7825e425edb14"},{"Message":"http.request.method:POST, server.address:127.0.0.1, server.port:41149, url.scheme:http, url.path:/v1/db/protocol_coap/sql, network.protocol.version:1.1","http.request.method":"POST","server.address":"127.0.0.1","server.port":41149,"url.scheme":"http","url.path":"/v1/db/protocol_coap/sql","network.protocol.version":"1.1"},{"Message":"ConnectionId:0HNOB30QRV157","ConnectionId":"0HNOB30QRV157"},{"Message":"RequestPath:/v1/db/protocol_coap/sql RequestId:0HNOB30QRV157:00000004","RequestId":"0HNOB30QRV157:00000004","RequestPath":"/v1/db/protocol_coap/sql"}]}
{"Timestamp":"2026-09-05T06:38:16.498Z","EventId":2,"LogLevel":"Information","Category":"Microsoft.AspNetCore.Hosting.Diagnostics","Message":"Request finished HTTP/1.1 POST http://127.0.0.1:41149/v1/db/protocol_coap/sql - 200 - application/x-ndjson;\u002Bcharset=utf-8 0.4822ms","State":{"ElapsedMilliseconds":0.4822,"StatusCode":200,"ContentType":"application/x-ndjson; charset=utf-8","ContentLength":null,"Protocol":"HTTP/1.1","Method":"POST","Scheme":"http","Host":"127.0.0.1:41149","PathBase":"","Path":"/v1/db/protocol_coap/sql","QueryString":"","{OriginalFormat}":"Request finished {Protocol} {Method} {Scheme}://{Host}{PathBase}{Path}{QueryString} - {StatusCode} {ContentLength} {ContentType} {ElapsedMilliseconds}ms"},"Scopes":[{"Message":"SpanId:e1c6736f72c3509a, TraceId:e1887a23542196cd9c72dda68626eeac, ParentId:b7c7825e425edb14","SpanId":"e1c6736f72c3509a","TraceId":"e1887a23542196cd9c72dda68626eeac","ParentId":"b7c7825e425edb14"},{"Message":"http.request.method:POST, server.address:127.0.0.1, server.port:41149, url.scheme:http, url.path:/v1/db/protocol_coap/sql, network.protocol.version:1.1","http.request.method":"POST","server.address":"127.0.0.1","server.port":41149,"url.scheme":"http","url.path":"/v1/db/protocol_coap/sql","network.protocol.version":"1.1"},{"Message":"ConnectionId:0HNOB30QRV157","ConnectionId":"0HNOB30QRV157"},{"Message":"RequestPath:/v1/db/protocol_coap/sql RequestId:0HNOB30QRV157:00000004","RequestId":"0HNOB30QRV157:00000004","RequestPath":"/v1/db/protocol_coap/sql"}]}
{"Timestamp":"2026-09-05T06:38:16.501Z","EventId":0,"LogLevel":"Information","Category":"Microsoft.Hosting.Lifetime","Message":"Application is shutting down...","State":{"{OriginalFormat}":"Application is shutting down..."},"Scopes":[]}
[xUnit.net 00:00:26.84]   Finished:    SonnetDB.Parity
</StdOut>
    </Output>
  </ResultSummary>
</TestRun>