<?xml version="1.0" encoding="utf-8"?>
<TestRun id="75468691-f508-415f-af76-5302a81fe16f" name="@runnervmtr4k5 2026-09-26 06:57:17" xmlns="http://microsoft.com/schemas/VisualStudio/TeamTest/2010">
  <Times creation="2026-09-26T06:57:17.4677693+00:00" queuing="2026-09-26T06:57:17.4677694+00:00" start="2026-09-26T06:57:15.5881831+00:00" finish="2026-09-26T06:57:23.3235687+00:00" />
  <TestSettings name="default" id="e2eed8aa-0438-4afe-9fca-f651cf4bda69">
    <Deployment runDeploymentRoot="_runnervmtr4k5_2026-09-26_06_57_17" />
  </TestSettings>
  <Results>
    <UnitTestResult executionId="3a18840d-1705-4026-914f-c383a37ca12a" testId="4016c876-7137-477e-613d-c468d2334112" testName="SonnetDB.CrashTests.CrashReliabilityTests.crash_kill9_graph_batch_during_fsync_ReopenSeesOnlyCompletePreOrPostState" computerName="runnervmtr4k5" duration="00:00:03.4545716" startTime="2026-09-26T06:57:16.4246352+00:00" endTime="2026-09-26T06:57:19.8666139+00:00" testType="13cdc9d9-ddb5-4fa4-a97d-d965ccfc6d4b" outcome="Passed" testListId="8c84fa94-04c1-424b-9868-57a2d4851a1d" relativeResultsDirectory="3a18840d-1705-4026-914f-c383a37ca12a" />
    <UnitTestResult executionId="2b14060c-4109-4f83-9dd9-9ec98e9fb364" testId="3ed8f3c2-3284-1a28-63f1-358738d5a81d" testName="SonnetDB.CrashTests.CrashReliabilityTests.oom_protection_memtable_backpressure_HardCapFlushesBeforeUnboundedGrowth" computerName="runnervmtr4k5" duration="00:00:00.0757433" startTime="2026-09-26T06:57:20.4916977+00:00" endTime="2026-09-26T06:57:20.5672192+00:00" testType="13cdc9d9-ddb5-4fa4-a97d-d965ccfc6d4b" outcome="Passed" testListId="8c84fa94-04c1-424b-9868-57a2d4851a1d" relativeResultsDirectory="2b14060c-4109-4f83-9dd9-9ec98e9fb364" />
    <UnitTestResult executionId="1a486975-c8e1-4f5a-9147-3cf0203b74cd" testId="c69b76cf-c18e-bebd-fa50-e1cbed3f35a7" testName="SonnetDB.CrashTests.CrashReliabilityTests.crash_kill9_after_delete_DeletedRangeStaysDeleted" computerName="runnervmtr4k5" duration="00:00:00.6245927" startTime="2026-09-26T06:57:19.8681447+00:00" endTime="2026-09-26T06:57:20.4913282+00:00" testType="13cdc9d9-ddb5-4fa4-a97d-d965ccfc6d4b" outcome="Passed" testListId="8c84fa94-04c1-424b-9868-57a2d4851a1d" relativeResultsDirectory="1a486975-c8e1-4f5a-9147-3cf0203b74cd" />
    <UnitTestResult executionId="0a84613a-e397-436a-bf98-94ba38cc7e7d" testId="cf268a46-eed7-90c1-44fe-4c2f2f2de1b2" testName="SonnetDB.CrashTests.CrashReliabilityTests.GraphManager_CrossProcessLifecycleLease_RejectsConcurrentOwnerAndReopensAfterTermination" computerName="runnervmtr4k5" duration="00:00:00.0846566" startTime="2026-09-26T06:57:23.1633211+00:00" endTime="2026-09-26T06:57:23.2478648+00:00" testType="13cdc9d9-ddb5-4fa4-a97d-d965ccfc6d4b" outcome="Passed" testListId="8c84fa94-04c1-424b-9868-57a2d4851a1d" relativeResultsDirectory="0a84613a-e397-436a-bf98-94ba38cc7e7d" />
    <UnitTestResult executionId="8b3d9897-71dd-475b-9bae-a99232a8100c" testId="cbacb637-f33d-723f-1062-c8637f0fe42b" testName="SonnetDB.CrashTests.CrashReliabilityTests.crash_kill9_during_fsync_ReopenReplaysOnlyValidWalRecords" computerName="runnervmtr4k5" duration="00:00:00.6708147" startTime="2026-09-26T06:57:22.4923620+00:00" endTime="2026-09-26T06:57:23.1630760+00:00" testType="13cdc9d9-ddb5-4fa4-a97d-d965ccfc6d4b" outcome="Passed" testListId="8c84fa94-04c1-424b-9868-57a2d4851a1d" relativeResultsDirectory="8b3d9897-71dd-475b-9bae-a99232a8100c" />
    <UnitTestResult executionId="6ce8b29c-f7f8-4e9f-b8e9-5aa39f4e8b95" testId="939f4755-8654-694a-aa27-8a1c688f8ed8" testName="SonnetDB.CrashTests.CrashReliabilityTests.crash_kill9_os_flushed_writes_AckedWritesSurviveProcessCrash" computerName="runnervmtr4k5" duration="00:00:00.5224355" startTime="2026-09-26T06:57:21.9536845+00:00" endTime="2026-09-26T06:57:22.4760026+00:00" testType="13cdc9d9-ddb5-4fa4-a97d-d965ccfc6d4b" outcome="Passed" testListId="8c84fa94-04c1-424b-9868-57a2d4851a1d" relativeResultsDirectory="6ce8b29c-f7f8-4e9f-b8e9-5aa39f4e8b95" />
    <UnitTestResult executionId="95ca6d9b-7d84-4794-9189-7ba060230543" testId="d45c77e4-b792-6e3c-bc36-60e655cd84b1" testName="SonnetDB.CrashTests.CrashReliabilityTests.crash_kill9_betweenTriggerTableCommits_ReopenReportsMeasuredPartialPair" computerName="runnervmtr4k5" duration="00:00:00.4109180" startTime="2026-09-26T06:57:21.5215780+00:00" endTime="2026-09-26T06:57:21.9323852+00:00" testType="13cdc9d9-ddb5-4fa4-a97d-d965ccfc6d4b" outcome="Passed" testListId="8c84fa94-04c1-424b-9868-57a2d4851a1d" relativeResultsDirectory="95ca6d9b-7d84-4794-9189-7ba060230543" />
    <UnitTestResult executionId="9d2e0d8f-da59-42ec-94e5-21a7d44f4b90" testId="9150857f-c4e4-07c5-0035-9fdc417b3556" testName="SonnetDB.CrashTests.CrashReliabilityTests.disk_full_during_wal_append_PreservesPreviouslySyncedRecords" computerName="runnervmtr4k5" duration="00:00:00.0159951" startTime="2026-09-26T06:57:22.4762073+00:00" endTime="2026-09-26T06:57:22.4921652+00:00" testType="13cdc9d9-ddb5-4fa4-a97d-d965ccfc6d4b" outcome="Passed" testListId="8c84fa94-04c1-424b-9868-57a2d4851a1d" relativeResultsDirectory="9d2e0d8f-da59-42ec-94e5-21a7d44f4b90" />
    <UnitTestResult executionId="006392b0-1941-4512-87aa-a6774d822324" testId="6d2529d1-17c4-74dd-8b49-9d11989bb1d3" testName="SonnetDB.CrashTests.CrashReliabilityTests.power_loss_torn_record_ReopenIgnoresTornWalTail" computerName="runnervmtr4k5" duration="00:00:00.0209402" startTime="2026-09-26T06:57:21.9326449+00:00" endTime="2026-09-26T06:57:21.9534489+00:00" testType="13cdc9d9-ddb5-4fa4-a97d-d965ccfc6d4b" outcome="Passed" testListId="8c84fa94-04c1-424b-9868-57a2d4851a1d" relativeResultsDirectory="006392b0-1941-4512-87aa-a6774d822324" />
    <UnitTestResult executionId="000cd8a1-4051-47bf-ab3d-6ac80103337b" testId="719ee9c2-b843-29cb-bb45-ddae30178768" testName="SonnetDB.CrashTests.CrashReliabilityTests.power_loss_half_renamed_segment_PendingReplacementIsIgnoredOnReopen" computerName="runnervmtr4k5" duration="00:00:00.2273400" startTime="2026-09-26T06:57:16.1763292+00:00" endTime="2026-09-26T06:57:16.4114814+00:00" testType="13cdc9d9-ddb5-4fa4-a97d-d965ccfc6d4b" outcome="Passed" testListId="8c84fa94-04c1-424b-9868-57a2d4851a1d" relativeResultsDirectory="000cd8a1-4051-47bf-ab3d-6ac80103337b" />
    <UnitTestResult executionId="84477c74-af99-45d8-aeb9-61a5d25044d3" testId="0f349738-363a-8ef0-8a25-a36953b9592a" testName="SonnetDB.CrashTests.CrashReliabilityTests.crash_kill9_mid_compaction_ReopenDoesNotDuplicateCommittedSegments" computerName="runnervmtr4k5" duration="00:00:00.9539265" startTime="2026-09-26T06:57:20.5674685+00:00" endTime="2026-09-26T06:57:21.5213000+00:00" testType="13cdc9d9-ddb5-4fa4-a97d-d965ccfc6d4b" outcome="Passed" testListId="8c84fa94-04c1-424b-9868-57a2d4851a1d" relativeResultsDirectory="84477c74-af99-45d8-aeb9-61a5d25044d3" />
  </Results>
  <TestDefinitions>
    <UnitTest name="SonnetDB.CrashTests.CrashReliabilityTests.crash_kill9_during_fsync_ReopenReplaysOnlyValidWalRecords" storage="/home/runner/work/sonnetdb/sonnetdb/tests/sonnetdb.crashtests/bin/release/net10.0/sonnetdb.crashtests.dll" id="cbacb637-f33d-723f-1062-c8637f0fe42b">
      <Execution id="8b3d9897-71dd-475b-9bae-a99232a8100c" />
      <TestMethod codeBase="/home/runner/work/SonnetDB/SonnetDB/tests/SonnetDB.CrashTests/bin/Release/net10.0/SonnetDB.CrashTests.dll" adapterTypeName="executor://xunit/VsTestRunner3/netcore/" className="SonnetDB.CrashTests.CrashReliabilityTests" name="crash_kill9_during_fsync_ReopenReplaysOnlyValidWalRecords" />
    </UnitTest>
    <UnitTest name="SonnetDB.CrashTests.CrashReliabilityTests.oom_protection_memtable_backpressure_HardCapFlushesBeforeUnboundedGrowth" storage="/home/runner/work/sonnetdb/sonnetdb/tests/sonnetdb.crashtests/bin/release/net10.0/sonnetdb.crashtests.dll" id="3ed8f3c2-3284-1a28-63f1-358738d5a81d">
      <Execution id="2b14060c-4109-4f83-9dd9-9ec98e9fb364" />
      <TestMethod codeBase="/home/runner/work/SonnetDB/SonnetDB/tests/SonnetDB.CrashTests/bin/Release/net10.0/SonnetDB.CrashTests.dll" adapterTypeName="executor://xunit/VsTestRunner3/netcore/" className="SonnetDB.CrashTests.CrashReliabilityTests" name="oom_protection_memtable_backpressure_HardCapFlushesBeforeUnboundedGrowth" />
    </UnitTest>
    <UnitTest name="SonnetDB.CrashTests.CrashReliabilityTests.crash_kill9_after_delete_DeletedRangeStaysDeleted" storage="/home/runner/work/sonnetdb/sonnetdb/tests/sonnetdb.crashtests/bin/release/net10.0/sonnetdb.crashtests.dll" id="c69b76cf-c18e-bebd-fa50-e1cbed3f35a7">
      <Execution id="1a486975-c8e1-4f5a-9147-3cf0203b74cd" />
      <TestMethod codeBase="/home/runner/work/SonnetDB/SonnetDB/tests/SonnetDB.CrashTests/bin/Release/net10.0/SonnetDB.CrashTests.dll" adapterTypeName="executor://xunit/VsTestRunner3/netcore/" className="SonnetDB.CrashTests.CrashReliabilityTests" name="crash_kill9_after_delete_DeletedRangeStaysDeleted" />
    </UnitTest>
    <UnitTest name="SonnetDB.CrashTests.CrashReliabilityTests.crash_kill9_graph_batch_during_fsync_ReopenSeesOnlyCompletePreOrPostState" storage="/home/runner/work/sonnetdb/sonnetdb/tests/sonnetdb.crashtests/bin/release/net10.0/sonnetdb.crashtests.dll" id="4016c876-7137-477e-613d-c468d2334112">
      <Execution id="3a18840d-1705-4026-914f-c383a37ca12a" />
      <TestMethod codeBase="/home/runner/work/SonnetDB/SonnetDB/tests/SonnetDB.CrashTests/bin/Release/net10.0/SonnetDB.CrashTests.dll" adapterTypeName="executor://xunit/VsTestRunner3/netcore/" className="SonnetDB.CrashTests.CrashReliabilityTests" name="crash_kill9_graph_batch_during_fsync_ReopenSeesOnlyCompletePreOrPostState" />
    </UnitTest>
    <UnitTest name="SonnetDB.CrashTests.CrashReliabilityTests.GraphManager_CrossProcessLifecycleLease_RejectsConcurrentOwnerAndReopensAfterTermination" storage="/home/runner/work/sonnetdb/sonnetdb/tests/sonnetdb.crashtests/bin/release/net10.0/sonnetdb.crashtests.dll" id="cf268a46-eed7-90c1-44fe-4c2f2f2de1b2">
      <Execution id="0a84613a-e397-436a-bf98-94ba38cc7e7d" />
      <TestMethod codeBase="/home/runner/work/SonnetDB/SonnetDB/tests/SonnetDB.CrashTests/bin/Release/net10.0/SonnetDB.CrashTests.dll" adapterTypeName="executor://xunit/VsTestRunner3/netcore/" className="SonnetDB.CrashTests.CrashReliabilityTests" name="GraphManager_CrossProcessLifecycleLease_RejectsConcurrentOwnerAndReopensAfterTermination" />
    </UnitTest>
    <UnitTest name="SonnetDB.CrashTests.CrashReliabilityTests.crash_kill9_os_flushed_writes_AckedWritesSurviveProcessCrash" storage="/home/runner/work/sonnetdb/sonnetdb/tests/sonnetdb.crashtests/bin/release/net10.0/sonnetdb.crashtests.dll" id="939f4755-8654-694a-aa27-8a1c688f8ed8">
      <Execution id="6ce8b29c-f7f8-4e9f-b8e9-5aa39f4e8b95" />
      <TestMethod codeBase="/home/runner/work/SonnetDB/SonnetDB/tests/SonnetDB.CrashTests/bin/Release/net10.0/SonnetDB.CrashTests.dll" adapterTypeName="executor://xunit/VsTestRunner3/netcore/" className="SonnetDB.CrashTests.CrashReliabilityTests" name="crash_kill9_os_flushed_writes_AckedWritesSurviveProcessCrash" />
    </UnitTest>
    <UnitTest name="SonnetDB.CrashTests.CrashReliabilityTests.power_loss_half_renamed_segment_PendingReplacementIsIgnoredOnReopen" storage="/home/runner/work/sonnetdb/sonnetdb/tests/sonnetdb.crashtests/bin/release/net10.0/sonnetdb.crashtests.dll" id="719ee9c2-b843-29cb-bb45-ddae30178768">
      <Execution id="000cd8a1-4051-47bf-ab3d-6ac80103337b" />
      <TestMethod codeBase="/home/runner/work/SonnetDB/SonnetDB/tests/SonnetDB.CrashTests/bin/Release/net10.0/SonnetDB.CrashTests.dll" adapterTypeName="executor://xunit/VsTestRunner3/netcore/" className="SonnetDB.CrashTests.CrashReliabilityTests" name="power_loss_half_renamed_segment_PendingReplacementIsIgnoredOnReopen" />
    </UnitTest>
    <UnitTest name="SonnetDB.CrashTests.CrashReliabilityTests.crash_kill9_mid_compaction_ReopenDoesNotDuplicateCommittedSegments" storage="/home/runner/work/sonnetdb/sonnetdb/tests/sonnetdb.crashtests/bin/release/net10.0/sonnetdb.crashtests.dll" id="0f349738-363a-8ef0-8a25-a36953b9592a">
      <Execution id="84477c74-af99-45d8-aeb9-61a5d25044d3" />
      <TestMethod codeBase="/home/runner/work/SonnetDB/SonnetDB/tests/SonnetDB.CrashTests/bin/Release/net10.0/SonnetDB.CrashTests.dll" adapterTypeName="executor://xunit/VsTestRunner3/netcore/" className="SonnetDB.CrashTests.CrashReliabilityTests" name="crash_kill9_mid_compaction_ReopenDoesNotDuplicateCommittedSegments" />
    </UnitTest>
    <UnitTest name="SonnetDB.CrashTests.CrashReliabilityTests.disk_full_during_wal_append_PreservesPreviouslySyncedRecords" storage="/home/runner/work/sonnetdb/sonnetdb/tests/sonnetdb.crashtests/bin/release/net10.0/sonnetdb.crashtests.dll" id="9150857f-c4e4-07c5-0035-9fdc417b3556">
      <Execution id="9d2e0d8f-da59-42ec-94e5-21a7d44f4b90" />
      <TestMethod codeBase="/home/runner/work/SonnetDB/SonnetDB/tests/SonnetDB.CrashTests/bin/Release/net10.0/SonnetDB.CrashTests.dll" adapterTypeName="executor://xunit/VsTestRunner3/netcore/" className="SonnetDB.CrashTests.CrashReliabilityTests" name="disk_full_during_wal_append_PreservesPreviouslySyncedRecords" />
    </UnitTest>
    <UnitTest name="SonnetDB.CrashTests.CrashReliabilityTests.crash_kill9_betweenTriggerTableCommits_ReopenReportsMeasuredPartialPair" storage="/home/runner/work/sonnetdb/sonnetdb/tests/sonnetdb.crashtests/bin/release/net10.0/sonnetdb.crashtests.dll" id="d45c77e4-b792-6e3c-bc36-60e655cd84b1">
      <Execution id="95ca6d9b-7d84-4794-9189-7ba060230543" />
      <TestMethod codeBase="/home/runner/work/SonnetDB/SonnetDB/tests/SonnetDB.CrashTests/bin/Release/net10.0/SonnetDB.CrashTests.dll" adapterTypeName="executor://xunit/VsTestRunner3/netcore/" className="SonnetDB.CrashTests.CrashReliabilityTests" name="crash_kill9_betweenTriggerTableCommits_ReopenReportsMeasuredPartialPair" />
    </UnitTest>
    <UnitTest name="SonnetDB.CrashTests.CrashReliabilityTests.power_loss_torn_record_ReopenIgnoresTornWalTail" storage="/home/runner/work/sonnetdb/sonnetdb/tests/sonnetdb.crashtests/bin/release/net10.0/sonnetdb.crashtests.dll" id="6d2529d1-17c4-74dd-8b49-9d11989bb1d3">
      <Execution id="006392b0-1941-4512-87aa-a6774d822324" />
      <TestMethod codeBase="/home/runner/work/SonnetDB/SonnetDB/tests/SonnetDB.CrashTests/bin/Release/net10.0/SonnetDB.CrashTests.dll" adapterTypeName="executor://xunit/VsTestRunner3/netcore/" className="SonnetDB.CrashTests.CrashReliabilityTests" name="power_loss_torn_record_ReopenIgnoresTornWalTail" />
    </UnitTest>
  </TestDefinitions>
  <TestEntries>
    <TestEntry testId="4016c876-7137-477e-613d-c468d2334112" executionId="3a18840d-1705-4026-914f-c383a37ca12a" testListId="8c84fa94-04c1-424b-9868-57a2d4851a1d" />
    <TestEntry testId="3ed8f3c2-3284-1a28-63f1-358738d5a81d" executionId="2b14060c-4109-4f83-9dd9-9ec98e9fb364" testListId="8c84fa94-04c1-424b-9868-57a2d4851a1d" />
    <TestEntry testId="c69b76cf-c18e-bebd-fa50-e1cbed3f35a7" executionId="1a486975-c8e1-4f5a-9147-3cf0203b74cd" testListId="8c84fa94-04c1-424b-9868-57a2d4851a1d" />
    <TestEntry testId="cf268a46-eed7-90c1-44fe-4c2f2f2de1b2" executionId="0a84613a-e397-436a-bf98-94ba38cc7e7d" testListId="8c84fa94-04c1-424b-9868-57a2d4851a1d" />
    <TestEntry testId="cbacb637-f33d-723f-1062-c8637f0fe42b" executionId="8b3d9897-71dd-475b-9bae-a99232a8100c" testListId="8c84fa94-04c1-424b-9868-57a2d4851a1d" />
    <TestEntry testId="939f4755-8654-694a-aa27-8a1c688f8ed8" executionId="6ce8b29c-f7f8-4e9f-b8e9-5aa39f4e8b95" testListId="8c84fa94-04c1-424b-9868-57a2d4851a1d" />
    <TestEntry testId="d45c77e4-b792-6e3c-bc36-60e655cd84b1" executionId="95ca6d9b-7d84-4794-9189-7ba060230543" testListId="8c84fa94-04c1-424b-9868-57a2d4851a1d" />
    <TestEntry testId="9150857f-c4e4-07c5-0035-9fdc417b3556" executionId="9d2e0d8f-da59-42ec-94e5-21a7d44f4b90" testListId="8c84fa94-04c1-424b-9868-57a2d4851a1d" />
    <TestEntry testId="6d2529d1-17c4-74dd-8b49-9d11989bb1d3" executionId="006392b0-1941-4512-87aa-a6774d822324" testListId="8c84fa94-04c1-424b-9868-57a2d4851a1d" />
    <TestEntry testId="719ee9c2-b843-29cb-bb45-ddae30178768" executionId="000cd8a1-4051-47bf-ab3d-6ac80103337b" testListId="8c84fa94-04c1-424b-9868-57a2d4851a1d" />
    <TestEntry testId="0f349738-363a-8ef0-8a25-a36953b9592a" executionId="84477c74-af99-45d8-aeb9-61a5d25044d3" testListId="8c84fa94-04c1-424b-9868-57a2d4851a1d" />
  </TestEntries>
  <TestLists>
    <TestList name="Results Not in a List" id="8c84fa94-04c1-424b-9868-57a2d4851a1d" />
    <TestList name="All Loaded Results" id="19431567-8539-422a-85d7-44ee4e166bda" />
  </TestLists>
  <ResultSummary outcome="Completed">
    <Counters total="11" executed="11" passed="11" failed="0" error="0" timeout="0" aborted="0" inconclusive="0" passedButRunAborted="0" notRunnable="0" notExecuted="0" disconnected="0" warning="0" completed="0" inProgress="0" pending="0" />
    <Output>
      <StdOut>[xUnit.net 00:00:00.00] xUnit.net VSTest Adapter v3.1.5+1b188a7b0a (64-bit .NET 10.0.12)
[xUnit.net 00:00:00.10]   Discovering: SonnetDB.CrashTests
[xUnit.net 00:00:00.15]   Discovered:  SonnetDB.CrashTests
[xUnit.net 00:00:00.17]   Starting:    SonnetDB.CrashTests
[xUnit.net 00:00:07.28]   Finished:    SonnetDB.CrashTests
</StdOut>
    </Output>
  </ResultSummary>
</TestRun>