<?xml version="1.0" encoding="utf-8"?>
<TestRun id="ec7c70af-6942-43e1-959a-c151081df86a" name="@runnervmlun5p 2026-09-12 06:45:41" xmlns="http://microsoft.com/schemas/VisualStudio/TeamTest/2010">
  <Times creation="2026-09-12T06:45:41.5745317+00:00" queuing="2026-09-12T06:45:41.5745318+00:00" start="2026-09-12T06:45:39.7953982+00:00" finish="2026-09-12T06:45:46.6818051+00:00" />
  <TestSettings name="default" id="a12c254e-1513-4e68-921b-7783c12c49a2">
    <Deployment runDeploymentRoot="_runnervmlun5p_2026-09-12_06_45_41" />
  </TestSettings>
  <Results>
    <UnitTestResult executionId="36879155-ee3d-49f8-9871-c65f7f74e815" testId="6d2529d1-17c4-74dd-8b49-9d11989bb1d3" testName="SonnetDB.CrashTests.CrashReliabilityTests.power_loss_torn_record_ReopenIgnoresTornWalTail" computerName="runnervmlun5p" duration="00:00:00.0161758" startTime="2026-09-12T06:45:44.9885235+00:00" endTime="2026-09-12T06:45:45.0045945+00:00" testType="13cdc9d9-ddb5-4fa4-a97d-d965ccfc6d4b" outcome="Passed" testListId="8c84fa94-04c1-424b-9868-57a2d4851a1d" relativeResultsDirectory="36879155-ee3d-49f8-9871-c65f7f74e815" />
    <UnitTestResult executionId="c81b734a-c662-4ead-a742-0247490ee837" testId="0f349738-363a-8ef0-8a25-a36953b9592a" testName="SonnetDB.CrashTests.CrashReliabilityTests.crash_kill9_mid_compaction_ReopenDoesNotDuplicateCommittedSegments" computerName="runnervmlun5p" duration="00:00:01.0978147" startTime="2026-09-12T06:45:43.4651457+00:00" endTime="2026-09-12T06:45:44.5627833+00:00" testType="13cdc9d9-ddb5-4fa4-a97d-d965ccfc6d4b" outcome="Passed" testListId="8c84fa94-04c1-424b-9868-57a2d4851a1d" relativeResultsDirectory="c81b734a-c662-4ead-a742-0247490ee837" />
    <UnitTestResult executionId="25ba24db-45a1-4125-b074-1d65f4713db3" testId="c69b76cf-c18e-bebd-fa50-e1cbed3f35a7" testName="SonnetDB.CrashTests.CrashReliabilityTests.crash_kill9_after_delete_DeletedRangeStaysDeleted" computerName="runnervmlun5p" duration="00:00:00.5739385" startTime="2026-09-12T06:45:42.7972310+00:00" endTime="2026-09-12T06:45:43.3704349+00:00" testType="13cdc9d9-ddb5-4fa4-a97d-d965ccfc6d4b" outcome="Passed" testListId="8c84fa94-04c1-424b-9868-57a2d4851a1d" relativeResultsDirectory="25ba24db-45a1-4125-b074-1d65f4713db3" />
    <UnitTestResult executionId="5adae629-de45-4e74-a49e-1dc8c8e5d2e4" testId="939f4755-8654-694a-aa27-8a1c688f8ed8" testName="SonnetDB.CrashTests.CrashReliabilityTests.crash_kill9_os_flushed_writes_AckedWritesSurviveProcessCrash" computerName="runnervmlun5p" duration="00:00:00.6898694" startTime="2026-09-12T06:45:45.0047746+00:00" endTime="2026-09-12T06:45:45.6946447+00:00" testType="13cdc9d9-ddb5-4fa4-a97d-d965ccfc6d4b" outcome="Passed" testListId="8c84fa94-04c1-424b-9868-57a2d4851a1d" relativeResultsDirectory="5adae629-de45-4e74-a49e-1dc8c8e5d2e4" />
    <UnitTestResult executionId="a23ef9dc-d6d8-491e-b897-5c116b8b4f7d" testId="9150857f-c4e4-07c5-0035-9fdc417b3556" testName="SonnetDB.CrashTests.CrashReliabilityTests.disk_full_during_wal_append_PreservesPreviouslySyncedRecords" computerName="runnervmlun5p" duration="00:00:00.0160163" startTime="2026-09-12T06:45:45.6948300+00:00" endTime="2026-09-12T06:45:45.7108735+00:00" testType="13cdc9d9-ddb5-4fa4-a97d-d965ccfc6d4b" outcome="Passed" testListId="8c84fa94-04c1-424b-9868-57a2d4851a1d" relativeResultsDirectory="a23ef9dc-d6d8-491e-b897-5c116b8b4f7d" />
    <UnitTestResult executionId="4908d2e8-9055-443f-9af8-03679dbd1e9e" testId="4016c876-7137-477e-613d-c468d2334112" testName="SonnetDB.CrashTests.CrashReliabilityTests.crash_kill9_graph_batch_during_fsync_ReopenSeesOnlyCompletePreOrPostState" computerName="runnervmlun5p" duration="00:00:02.3847966" startTime="2026-09-12T06:45:40.4224063+00:00" endTime="2026-09-12T06:45:42.7963685+00:00" testType="13cdc9d9-ddb5-4fa4-a97d-d965ccfc6d4b" outcome="Passed" testListId="8c84fa94-04c1-424b-9868-57a2d4851a1d" relativeResultsDirectory="4908d2e8-9055-443f-9af8-03679dbd1e9e" />
    <UnitTestResult executionId="af3175ab-257b-4c66-91e4-a5932205fe49" testId="cbacb637-f33d-723f-1062-c8637f0fe42b" testName="SonnetDB.CrashTests.CrashReliabilityTests.crash_kill9_during_fsync_ReopenReplaysOnlyValidWalRecords" computerName="runnervmlun5p" duration="00:00:00.8266520" startTime="2026-09-12T06:45:45.7110108+00:00" endTime="2026-09-12T06:45:46.5376462+00:00" testType="13cdc9d9-ddb5-4fa4-a97d-d965ccfc6d4b" outcome="Passed" testListId="8c84fa94-04c1-424b-9868-57a2d4851a1d" relativeResultsDirectory="af3175ab-257b-4c66-91e4-a5932205fe49" />
    <UnitTestResult executionId="167d24b3-dd65-4f8b-9939-aad19022b824" testId="d45c77e4-b792-6e3c-bc36-60e655cd84b1" testName="SonnetDB.CrashTests.CrashReliabilityTests.crash_kill9_betweenTriggerTableCommits_ReopenReportsMeasuredPartialPair" computerName="runnervmlun5p" duration="00:00:00.4253012" startTime="2026-09-12T06:45:44.5629508+00:00" endTime="2026-09-12T06:45:44.9882714+00:00" testType="13cdc9d9-ddb5-4fa4-a97d-d965ccfc6d4b" outcome="Passed" testListId="8c84fa94-04c1-424b-9868-57a2d4851a1d" relativeResultsDirectory="167d24b3-dd65-4f8b-9939-aad19022b824" />
    <UnitTestResult executionId="8d18df67-8086-4a09-83e2-c4307c4a33c7" testId="719ee9c2-b843-29cb-bb45-ddae30178768" testName="SonnetDB.CrashTests.CrashReliabilityTests.power_loss_half_renamed_segment_PendingReplacementIsIgnoredOnReopen" computerName="runnervmlun5p" duration="00:00:00.1884002" startTime="2026-09-12T06:45:40.2193351+00:00" endTime="2026-09-12T06:45:40.4113744+00:00" testType="13cdc9d9-ddb5-4fa4-a97d-d965ccfc6d4b" outcome="Passed" testListId="8c84fa94-04c1-424b-9868-57a2d4851a1d" relativeResultsDirectory="8d18df67-8086-4a09-83e2-c4307c4a33c7" />
    <UnitTestResult executionId="d41668d2-b3a0-432e-876c-8e67650b1e5f" testId="cf268a46-eed7-90c1-44fe-4c2f2f2de1b2" testName="SonnetDB.CrashTests.CrashReliabilityTests.GraphManager_CrossProcessLifecycleLease_RejectsConcurrentOwnerAndReopensAfterTermination" computerName="runnervmlun5p" duration="00:00:00.0827075" startTime="2026-09-12T06:45:46.5378522+00:00" endTime="2026-09-12T06:45:46.6205032+00:00" testType="13cdc9d9-ddb5-4fa4-a97d-d965ccfc6d4b" outcome="Passed" testListId="8c84fa94-04c1-424b-9868-57a2d4851a1d" relativeResultsDirectory="d41668d2-b3a0-432e-876c-8e67650b1e5f" />
    <UnitTestResult executionId="991a13b4-90a4-49d9-a52d-6239ac7e7747" testId="3ed8f3c2-3284-1a28-63f1-358738d5a81d" testName="SonnetDB.CrashTests.CrashReliabilityTests.oom_protection_memtable_backpressure_HardCapFlushesBeforeUnboundedGrowth" computerName="runnervmlun5p" duration="00:00:00.0942495" startTime="2026-09-12T06:45:43.3707154+00:00" endTime="2026-09-12T06:45:43.4648483+00:00" testType="13cdc9d9-ddb5-4fa4-a97d-d965ccfc6d4b" outcome="Passed" testListId="8c84fa94-04c1-424b-9868-57a2d4851a1d" relativeResultsDirectory="991a13b4-90a4-49d9-a52d-6239ac7e7747" />
  </Results>
  <TestDefinitions>
    <UnitTest name="SonnetDB.CrashTests.CrashReliabilityTests.crash_kill9_during_fsync_ReopenReplaysOnlyValidWalRecords" storage="/home/runner/work/sonnetdb/sonnetdb/tests/sonnetdb.crashtests/bin/release/net10.0/sonnetdb.crashtests.dll" id="cbacb637-f33d-723f-1062-c8637f0fe42b">
      <Execution id="af3175ab-257b-4c66-91e4-a5932205fe49" />
      <TestMethod codeBase="/home/runner/work/SonnetDB/SonnetDB/tests/SonnetDB.CrashTests/bin/Release/net10.0/SonnetDB.CrashTests.dll" adapterTypeName="executor://xunit/VsTestRunner3/netcore/" className="SonnetDB.CrashTests.CrashReliabilityTests" name="crash_kill9_during_fsync_ReopenReplaysOnlyValidWalRecords" />
    </UnitTest>
    <UnitTest name="SonnetDB.CrashTests.CrashReliabilityTests.oom_protection_memtable_backpressure_HardCapFlushesBeforeUnboundedGrowth" storage="/home/runner/work/sonnetdb/sonnetdb/tests/sonnetdb.crashtests/bin/release/net10.0/sonnetdb.crashtests.dll" id="3ed8f3c2-3284-1a28-63f1-358738d5a81d">
      <Execution id="991a13b4-90a4-49d9-a52d-6239ac7e7747" />
      <TestMethod codeBase="/home/runner/work/SonnetDB/SonnetDB/tests/SonnetDB.CrashTests/bin/Release/net10.0/SonnetDB.CrashTests.dll" adapterTypeName="executor://xunit/VsTestRunner3/netcore/" className="SonnetDB.CrashTests.CrashReliabilityTests" name="oom_protection_memtable_backpressure_HardCapFlushesBeforeUnboundedGrowth" />
    </UnitTest>
    <UnitTest name="SonnetDB.CrashTests.CrashReliabilityTests.crash_kill9_after_delete_DeletedRangeStaysDeleted" storage="/home/runner/work/sonnetdb/sonnetdb/tests/sonnetdb.crashtests/bin/release/net10.0/sonnetdb.crashtests.dll" id="c69b76cf-c18e-bebd-fa50-e1cbed3f35a7">
      <Execution id="25ba24db-45a1-4125-b074-1d65f4713db3" />
      <TestMethod codeBase="/home/runner/work/SonnetDB/SonnetDB/tests/SonnetDB.CrashTests/bin/Release/net10.0/SonnetDB.CrashTests.dll" adapterTypeName="executor://xunit/VsTestRunner3/netcore/" className="SonnetDB.CrashTests.CrashReliabilityTests" name="crash_kill9_after_delete_DeletedRangeStaysDeleted" />
    </UnitTest>
    <UnitTest name="SonnetDB.CrashTests.CrashReliabilityTests.crash_kill9_graph_batch_during_fsync_ReopenSeesOnlyCompletePreOrPostState" storage="/home/runner/work/sonnetdb/sonnetdb/tests/sonnetdb.crashtests/bin/release/net10.0/sonnetdb.crashtests.dll" id="4016c876-7137-477e-613d-c468d2334112">
      <Execution id="4908d2e8-9055-443f-9af8-03679dbd1e9e" />
      <TestMethod codeBase="/home/runner/work/SonnetDB/SonnetDB/tests/SonnetDB.CrashTests/bin/Release/net10.0/SonnetDB.CrashTests.dll" adapterTypeName="executor://xunit/VsTestRunner3/netcore/" className="SonnetDB.CrashTests.CrashReliabilityTests" name="crash_kill9_graph_batch_during_fsync_ReopenSeesOnlyCompletePreOrPostState" />
    </UnitTest>
    <UnitTest name="SonnetDB.CrashTests.CrashReliabilityTests.GraphManager_CrossProcessLifecycleLease_RejectsConcurrentOwnerAndReopensAfterTermination" storage="/home/runner/work/sonnetdb/sonnetdb/tests/sonnetdb.crashtests/bin/release/net10.0/sonnetdb.crashtests.dll" id="cf268a46-eed7-90c1-44fe-4c2f2f2de1b2">
      <Execution id="d41668d2-b3a0-432e-876c-8e67650b1e5f" />
      <TestMethod codeBase="/home/runner/work/SonnetDB/SonnetDB/tests/SonnetDB.CrashTests/bin/Release/net10.0/SonnetDB.CrashTests.dll" adapterTypeName="executor://xunit/VsTestRunner3/netcore/" className="SonnetDB.CrashTests.CrashReliabilityTests" name="GraphManager_CrossProcessLifecycleLease_RejectsConcurrentOwnerAndReopensAfterTermination" />
    </UnitTest>
    <UnitTest name="SonnetDB.CrashTests.CrashReliabilityTests.crash_kill9_os_flushed_writes_AckedWritesSurviveProcessCrash" storage="/home/runner/work/sonnetdb/sonnetdb/tests/sonnetdb.crashtests/bin/release/net10.0/sonnetdb.crashtests.dll" id="939f4755-8654-694a-aa27-8a1c688f8ed8">
      <Execution id="5adae629-de45-4e74-a49e-1dc8c8e5d2e4" />
      <TestMethod codeBase="/home/runner/work/SonnetDB/SonnetDB/tests/SonnetDB.CrashTests/bin/Release/net10.0/SonnetDB.CrashTests.dll" adapterTypeName="executor://xunit/VsTestRunner3/netcore/" className="SonnetDB.CrashTests.CrashReliabilityTests" name="crash_kill9_os_flushed_writes_AckedWritesSurviveProcessCrash" />
    </UnitTest>
    <UnitTest name="SonnetDB.CrashTests.CrashReliabilityTests.power_loss_half_renamed_segment_PendingReplacementIsIgnoredOnReopen" storage="/home/runner/work/sonnetdb/sonnetdb/tests/sonnetdb.crashtests/bin/release/net10.0/sonnetdb.crashtests.dll" id="719ee9c2-b843-29cb-bb45-ddae30178768">
      <Execution id="8d18df67-8086-4a09-83e2-c4307c4a33c7" />
      <TestMethod codeBase="/home/runner/work/SonnetDB/SonnetDB/tests/SonnetDB.CrashTests/bin/Release/net10.0/SonnetDB.CrashTests.dll" adapterTypeName="executor://xunit/VsTestRunner3/netcore/" className="SonnetDB.CrashTests.CrashReliabilityTests" name="power_loss_half_renamed_segment_PendingReplacementIsIgnoredOnReopen" />
    </UnitTest>
    <UnitTest name="SonnetDB.CrashTests.CrashReliabilityTests.crash_kill9_mid_compaction_ReopenDoesNotDuplicateCommittedSegments" storage="/home/runner/work/sonnetdb/sonnetdb/tests/sonnetdb.crashtests/bin/release/net10.0/sonnetdb.crashtests.dll" id="0f349738-363a-8ef0-8a25-a36953b9592a">
      <Execution id="c81b734a-c662-4ead-a742-0247490ee837" />
      <TestMethod codeBase="/home/runner/work/SonnetDB/SonnetDB/tests/SonnetDB.CrashTests/bin/Release/net10.0/SonnetDB.CrashTests.dll" adapterTypeName="executor://xunit/VsTestRunner3/netcore/" className="SonnetDB.CrashTests.CrashReliabilityTests" name="crash_kill9_mid_compaction_ReopenDoesNotDuplicateCommittedSegments" />
    </UnitTest>
    <UnitTest name="SonnetDB.CrashTests.CrashReliabilityTests.disk_full_during_wal_append_PreservesPreviouslySyncedRecords" storage="/home/runner/work/sonnetdb/sonnetdb/tests/sonnetdb.crashtests/bin/release/net10.0/sonnetdb.crashtests.dll" id="9150857f-c4e4-07c5-0035-9fdc417b3556">
      <Execution id="a23ef9dc-d6d8-491e-b897-5c116b8b4f7d" />
      <TestMethod codeBase="/home/runner/work/SonnetDB/SonnetDB/tests/SonnetDB.CrashTests/bin/Release/net10.0/SonnetDB.CrashTests.dll" adapterTypeName="executor://xunit/VsTestRunner3/netcore/" className="SonnetDB.CrashTests.CrashReliabilityTests" name="disk_full_during_wal_append_PreservesPreviouslySyncedRecords" />
    </UnitTest>
    <UnitTest name="SonnetDB.CrashTests.CrashReliabilityTests.crash_kill9_betweenTriggerTableCommits_ReopenReportsMeasuredPartialPair" storage="/home/runner/work/sonnetdb/sonnetdb/tests/sonnetdb.crashtests/bin/release/net10.0/sonnetdb.crashtests.dll" id="d45c77e4-b792-6e3c-bc36-60e655cd84b1">
      <Execution id="167d24b3-dd65-4f8b-9939-aad19022b824" />
      <TestMethod codeBase="/home/runner/work/SonnetDB/SonnetDB/tests/SonnetDB.CrashTests/bin/Release/net10.0/SonnetDB.CrashTests.dll" adapterTypeName="executor://xunit/VsTestRunner3/netcore/" className="SonnetDB.CrashTests.CrashReliabilityTests" name="crash_kill9_betweenTriggerTableCommits_ReopenReportsMeasuredPartialPair" />
    </UnitTest>
    <UnitTest name="SonnetDB.CrashTests.CrashReliabilityTests.power_loss_torn_record_ReopenIgnoresTornWalTail" storage="/home/runner/work/sonnetdb/sonnetdb/tests/sonnetdb.crashtests/bin/release/net10.0/sonnetdb.crashtests.dll" id="6d2529d1-17c4-74dd-8b49-9d11989bb1d3">
      <Execution id="36879155-ee3d-49f8-9871-c65f7f74e815" />
      <TestMethod codeBase="/home/runner/work/SonnetDB/SonnetDB/tests/SonnetDB.CrashTests/bin/Release/net10.0/SonnetDB.CrashTests.dll" adapterTypeName="executor://xunit/VsTestRunner3/netcore/" className="SonnetDB.CrashTests.CrashReliabilityTests" name="power_loss_torn_record_ReopenIgnoresTornWalTail" />
    </UnitTest>
  </TestDefinitions>
  <TestEntries>
    <TestEntry testId="6d2529d1-17c4-74dd-8b49-9d11989bb1d3" executionId="36879155-ee3d-49f8-9871-c65f7f74e815" testListId="8c84fa94-04c1-424b-9868-57a2d4851a1d" />
    <TestEntry testId="0f349738-363a-8ef0-8a25-a36953b9592a" executionId="c81b734a-c662-4ead-a742-0247490ee837" testListId="8c84fa94-04c1-424b-9868-57a2d4851a1d" />
    <TestEntry testId="c69b76cf-c18e-bebd-fa50-e1cbed3f35a7" executionId="25ba24db-45a1-4125-b074-1d65f4713db3" testListId="8c84fa94-04c1-424b-9868-57a2d4851a1d" />
    <TestEntry testId="939f4755-8654-694a-aa27-8a1c688f8ed8" executionId="5adae629-de45-4e74-a49e-1dc8c8e5d2e4" testListId="8c84fa94-04c1-424b-9868-57a2d4851a1d" />
    <TestEntry testId="9150857f-c4e4-07c5-0035-9fdc417b3556" executionId="a23ef9dc-d6d8-491e-b897-5c116b8b4f7d" testListId="8c84fa94-04c1-424b-9868-57a2d4851a1d" />
    <TestEntry testId="4016c876-7137-477e-613d-c468d2334112" executionId="4908d2e8-9055-443f-9af8-03679dbd1e9e" testListId="8c84fa94-04c1-424b-9868-57a2d4851a1d" />
    <TestEntry testId="cbacb637-f33d-723f-1062-c8637f0fe42b" executionId="af3175ab-257b-4c66-91e4-a5932205fe49" testListId="8c84fa94-04c1-424b-9868-57a2d4851a1d" />
    <TestEntry testId="d45c77e4-b792-6e3c-bc36-60e655cd84b1" executionId="167d24b3-dd65-4f8b-9939-aad19022b824" testListId="8c84fa94-04c1-424b-9868-57a2d4851a1d" />
    <TestEntry testId="719ee9c2-b843-29cb-bb45-ddae30178768" executionId="8d18df67-8086-4a09-83e2-c4307c4a33c7" testListId="8c84fa94-04c1-424b-9868-57a2d4851a1d" />
    <TestEntry testId="cf268a46-eed7-90c1-44fe-4c2f2f2de1b2" executionId="d41668d2-b3a0-432e-876c-8e67650b1e5f" testListId="8c84fa94-04c1-424b-9868-57a2d4851a1d" />
    <TestEntry testId="3ed8f3c2-3284-1a28-63f1-358738d5a81d" executionId="991a13b4-90a4-49d9-a52d-6239ac7e7747" testListId="8c84fa94-04c1-424b-9868-57a2d4851a1d" />
  </TestEntries>
  <TestLists>
    <TestList name="Results Not in a List" id="8c84fa94-04c1-424b-9868-57a2d4851a1d" />
    <TestList name="All Loaded Results" id="19431567-8539-422a-85d7-44ee4e166bda" />
  </TestLists>
  <ResultSummary outcome="Completed">
    <Counters total="11" executed="11" passed="11" failed="0" error="0" timeout="0" aborted="0" inconclusive="0" passedButRunAborted="0" notRunnable="0" notExecuted="0" disconnected="0" warning="0" completed="0" inProgress="0" pending="0" />
    <Output>
      <StdOut>[xUnit.net 00:00:00.00] xUnit.net VSTest Adapter v3.1.5+1b188a7b0a (64-bit .NET 10.0.12)
[xUnit.net 00:00:00.06]   Discovering: SonnetDB.CrashTests
[xUnit.net 00:00:00.10]   Discovered:  SonnetDB.CrashTests
[xUnit.net 00:00:00.12]   Starting:    SonnetDB.CrashTests
[xUnit.net 00:00:06.55]   Finished:    SonnetDB.CrashTests
</StdOut>
    </Output>
  </ResultSummary>
</TestRun>