<?xml version="1.0" encoding="utf-8"?>
<TestRun id="1d527097-e53f-4adf-b1c8-85260cc7ba60" name="@runnervmejwal 2026-09-05 06:38:15" xmlns="http://microsoft.com/schemas/VisualStudio/TeamTest/2010">
  <Times creation="2026-09-05T06:38:15.2334009+00:00" queuing="2026-09-05T06:38:15.2334010+00:00" start="2026-09-05T06:38:13.2485699+00:00" finish="2026-09-05T06:39:39.0673482+00:00" />
  <TestSettings name="default" id="98d49bf8-4983-4456-ba42-158c5b8eccd3">
    <Deployment runDeploymentRoot="_runnervmejwal_2026-09-05_06_38_15" />
  </TestSettings>
  <Results>
    <UnitTestResult executionId="80ed36cb-245f-433d-a332-0cf62fe5b69c" testId="acb2f3ab-260f-16f2-daed-19b4d6b5945b" testName="SonnetDB.Parity.Runner.ResultDifferTests.DiffSqlResults_WithTimeBucketContract_NormalizesWindowStopOnEitherSide" computerName="runnervmejwal" duration="00:00:00.0002981" startTime="2026-09-05T06:38:14.6794276+00:00" endTime="2026-09-05T06:38:14.6795549+00:00" testType="13cdc9d9-ddb5-4fa4-a97d-d965ccfc6d4b" outcome="Passed" testListId="8c84fa94-04c1-424b-9868-57a2d4851a1d" relativeResultsDirectory="80ed36cb-245f-433d-a332-0cf62fe5b69c" />
    <UnitTestResult executionId="1750a06e-5c83-42f9-a66f-05de89a4f8bb" testId="7a2f4258-eca0-9ab2-de74-b48e51c31b91" testName="SonnetDB.Parity.Runner.ProtocolIngestParitySuite.LineProtocol_HttpUdpMqttAndCoap_ProduceEquivalentRows" computerName="runnervmejwal" duration="00:00:00.1575752" startTime="2026-09-05T06:39:38.3002416+00:00" endTime="2026-09-05T06:39:38.9706522+00:00" testType="13cdc9d9-ddb5-4fa4-a97d-d965ccfc6d4b" outcome="Passed" testListId="8c84fa94-04c1-424b-9868-57a2d4851a1d" relativeResultsDirectory="1750a06e-5c83-42f9-a66f-05de89a4f8bb" />
    <UnitTestResult executionId="4a477ca9-bfad-414d-860f-324d13a1c2e9" testId="45a94119-4f7f-2202-c475-1c2e4d283298" testName="SonnetDB.Parity.Runner.ResultDifferTests.DiffSqlResults_WithTimeBucketContract_NormalizesWindowStopToBucketStart" computerName="runnervmejwal" duration="00:00:00.0006741" startTime="2026-09-05T06:38:14.6782700+00:00" endTime="2026-09-05T06:38:14.6787653+00:00" testType="13cdc9d9-ddb5-4fa4-a97d-d965ccfc6d4b" outcome="Passed" testListId="8c84fa94-04c1-424b-9868-57a2d4851a1d" relativeResultsDirectory="4a477ca9-bfad-414d-860f-324d13a1c2e9" />
    <UnitTestResult executionId="37334216-57cb-42b2-8560-5a317da2c06d" testId="a3dce82f-2060-f755-ba41-589eaef086cf" testName="SonnetDB.Parity.Runner.ParityRunner.RelationalSuite_SonnetDbMatchesPostgres" computerName="runnervmejwal" duration="00:00:00.6003024" startTime="2026-09-05T06:39:36.6061379+00:00" endTime="2026-09-05T06:39:37.2063253+00:00" testType="13cdc9d9-ddb5-4fa4-a97d-d965ccfc6d4b" outcome="Passed" testListId="8c84fa94-04c1-424b-9868-57a2d4851a1d" relativeResultsDirectory="37334216-57cb-42b2-8560-5a317da2c06d" />
    <UnitTestResult executionId="02998ccf-7788-40dc-8844-b748dede22c2" testId="9d48f0d2-2ffa-3aeb-e036-ad27082d0bb4" testName="SonnetDB.Parity.Adapters.RelationalResultMaterializerTests.ReadAsync_WithFractionalDecimal_NormalizesToDouble" computerName="runnervmejwal" duration="00:00:00.1488562" startTime="2026-09-05T06:38:14.0880727+00:00" endTime="2026-09-05T06:38:14.2468306+00:00" testType="13cdc9d9-ddb5-4fa4-a97d-d965ccfc6d4b" outcome="Passed" testListId="8c84fa94-04c1-424b-9868-57a2d4851a1d" relativeResultsDirectory="02998ccf-7788-40dc-8844-b748dede22c2" />
    <UnitTestResult executionId="4f9f29b1-fe3d-4b4f-b38e-59de5b5b8b60" testId="326f18ea-ff47-0d78-2a31-253eef3e3b9d" testName="SonnetDB.Parity.Runner.ResultDifferTests.DiffSqlResults_WithTimeBucketContract_KeepsValueColumnsStrict" computerName="runnervmejwal" duration="00:00:00.0031977" startTime="2026-09-05T06:38:14.6746950+00:00" endTime="2026-09-05T06:38:14.6778875+00:00" testType="13cdc9d9-ddb5-4fa4-a97d-d965ccfc6d4b" outcome="Passed" testListId="8c84fa94-04c1-424b-9868-57a2d4851a1d" relativeResultsDirectory="4f9f29b1-fe3d-4b4f-b38e-59de5b5b8b60" />
    <UnitTestResult executionId="8d039346-3f2e-4988-a65d-878bf88e3b84" testId="66a88082-7872-fe6d-92d1-1ef9f0689ba7" testName="SonnetDB.Parity.Runner.ParityRunner.ObjectSuite_SonnetDbMatchesMinio" computerName="runnervmejwal" duration="00:00:00.7510129" startTime="2026-09-05T06:38:31.7020383+00:00" endTime="2026-09-05T06:38:32.4532655+00:00" testType="13cdc9d9-ddb5-4fa4-a97d-d965ccfc6d4b" outcome="Passed" testListId="8c84fa94-04c1-424b-9868-57a2d4851a1d" relativeResultsDirectory="8d039346-3f2e-4988-a65d-878bf88e3b84" />
    <UnitTestResult executionId="4683b585-fd39-48c6-87e8-ce0dc36f465c" testId="da0cedfe-ae28-1d5e-524f-235c86149b72" testName="SonnetDB.Parity.Runner.ParityRunner.DocumentSuite_SonnetDbMatchesMongoDbSemantics" computerName="runnervmejwal" duration="00:00:01.0311672" startTime="2026-09-05T06:38:30.4225647+00:00" endTime="2026-09-05T06:38:31.4535599+00:00" testType="13cdc9d9-ddb5-4fa4-a97d-d965ccfc6d4b" outcome="Passed" testListId="8c84fa94-04c1-424b-9868-57a2d4851a1d" relativeResultsDirectory="4683b585-fd39-48c6-87e8-ce0dc36f465c" />
    <UnitTestResult executionId="1731a437-43df-40eb-832f-a4c44701a54b" testId="6cfb7d90-74fc-c7a3-287d-37b4650aa54d" testName="SonnetDB.Parity.Runner.ParityRunner.VectorSuite_SonnetDbMatchesQdrant" computerName="runnervmejwal" duration="00:00:01.6117184" startTime="2026-09-05T06:39:30.1367889+00:00" endTime="2026-09-05T06:39:31.7484774+00:00" testType="13cdc9d9-ddb5-4fa4-a97d-d965ccfc6d4b" outcome="Passed" testListId="8c84fa94-04c1-424b-9868-57a2d4851a1d" relativeResultsDirectory="1731a437-43df-40eb-832f-a4c44701a54b" />
    <UnitTestResult executionId="70adb35c-ca9e-4d1b-9ca0-0a063f57539f" testId="e7b8d2f1-2350-3ae7-4d72-5c147a8fd3cb" testName="SonnetDB.Parity.Adapters.RelationalResultMaterializerTests.ReadAsync_WithIntegralDecimal_NormalizesToInt64" computerName="runnervmejwal" duration="00:00:00.0105866" startTime="2026-09-05T06:38:14.2573500+00:00" endTime="2026-09-05T06:38:14.2577268+00:00" testType="13cdc9d9-ddb5-4fa4-a97d-d965ccfc6d4b" outcome="Passed" testListId="8c84fa94-04c1-424b-9868-57a2d4851a1d" relativeResultsDirectory="70adb35c-ca9e-4d1b-9ca0-0a063f57539f" />
    <UnitTestResult executionId="f7400213-f4bc-4a22-8adf-999ead154e61" testId="707c162a-e09a-96a2-445c-c45322d5e8e8" testName="SonnetDB.Parity.Runner.ParityRunner.MqSuite_SonnetMqMatchesNatsJetStream" computerName="runnervmejwal" duration="00:00:01.0926441" startTime="2026-09-05T06:39:37.2065386+00:00" endTime="2026-09-05T06:39:38.2993864+00:00" testType="13cdc9d9-ddb5-4fa4-a97d-d965ccfc6d4b" outcome="Passed" testListId="8c84fa94-04c1-424b-9868-57a2d4851a1d" relativeResultsDirectory="f7400213-f4bc-4a22-8adf-999ead154e61" />
    <UnitTestResult executionId="b54ae412-b979-4d4d-9d4e-7c010cc721ee" testId="da7990f2-5dd5-68c9-cd8b-83165d59ca0a" testName="SonnetDB.Parity.Runner.ParityRunner.TsdbSuite_SonnetDbMatchesInfluxDbAndVictoriaMetrics" computerName="runnervmejwal" duration="00:00:57.6823675" startTime="2026-09-05T06:38:32.4537374+00:00" endTime="2026-09-05T06:39:30.1361483+00:00" testType="13cdc9d9-ddb5-4fa4-a97d-d965ccfc6d4b" outcome="Passed" testListId="8c84fa94-04c1-424b-9868-57a2d4851a1d" relativeResultsDirectory="b54ae412-b979-4d4d-9d4e-7c010cc721ee" />
    <UnitTestResult executionId="09f98103-e0e8-471d-940b-1ad9ba88cb31" testId="ee07b8ae-2701-101a-fee5-0fb9b5b109b4" testName="SonnetDB.Parity.Runner.ResultDifferTests.DiffSqlResults_WithBucketAlias_AcceptsEquivalentTimeColumnName" computerName="runnervmejwal" duration="00:00:00.0002919" startTime="2026-09-05T06:38:14.6790571+00:00" endTime="2026-09-05T06:38:14.6791497+00:00" testType="13cdc9d9-ddb5-4fa4-a97d-d965ccfc6d4b" outcome="Passed" testListId="8c84fa94-04c1-424b-9868-57a2d4851a1d" relativeResultsDirectory="09f98103-e0e8-471d-940b-1ad9ba88cb31" />
    <UnitTestResult executionId="f6435645-e036-49b0-99f0-b6674e7388d6" testId="907c1091-f136-9237-2fef-0d4a35743dd3" testName="SonnetDB.Parity.Runner.ParityRunner.GraphBetaSuite_SonnetDbPassesAndExternalParityRemainsNotRun" computerName="runnervmejwal" duration="00:00:00.4393816" startTime="2026-09-05T06:38:14.2612323+00:00" endTime="2026-09-05T06:38:14.7031253+00:00" testType="13cdc9d9-ddb5-4fa4-a97d-d965ccfc6d4b" outcome="Passed" testListId="8c84fa94-04c1-424b-9868-57a2d4851a1d" relativeResultsDirectory="f6435645-e036-49b0-99f0-b6674e7388d6" />
    <UnitTestResult executionId="99555531-2b13-4769-87cb-34a8c0cc29ed" testId="56b0765d-9cc2-4c9e-e01f-ce69614fa9ee" testName="SonnetDB.Parity.Runner.ParityRunner.AnalyticsSuite_SonnetDbMatchesClickHouse" computerName="runnervmejwal" duration="00:00:00.2477540" startTime="2026-09-05T06:38:31.4539461+00:00" endTime="2026-09-05T06:38:31.7017794+00:00" testType="13cdc9d9-ddb5-4fa4-a97d-d965ccfc6d4b" outcome="Passed" testListId="8c84fa94-04c1-424b-9868-57a2d4851a1d" relativeResultsDirectory="99555531-2b13-4769-87cb-34a8c0cc29ed" />
    <UnitTestResult executionId="e15c8c15-bc03-4375-b176-fa528dedf573" testId="b2f087cf-30a2-36dc-426f-7c7c70967bf0" testName="SonnetDB.Parity.Runner.ParityRunner.KvSuite_SonnetDbMatchesRedis" computerName="runnervmejwal" duration="00:00:15.7166701" startTime="2026-09-05T06:38:14.7046104+00:00" endTime="2026-09-05T06:38:30.4218807+00:00" testType="13cdc9d9-ddb5-4fa4-a97d-d965ccfc6d4b" outcome="Passed" testListId="8c84fa94-04c1-424b-9868-57a2d4851a1d" relativeResultsDirectory="e15c8c15-bc03-4375-b176-fa528dedf573" />
    <UnitTestResult executionId="44fa978f-1f36-486d-82d6-52ee302c2f67" testId="66e61c5f-c702-a767-f8b5-e32fbd491049" testName="SonnetDB.Parity.Runner.FrameRestTransportParitySuite.FrameHttp2_And_Rest_AreSemanticallyEquivalent_ForAllServices" computerName="runnervmejwal" duration="00:00:01.1223199" startTime="2026-09-05T06:38:14.0895351+00:00" endTime="2026-09-05T06:38:17.2262122+00:00" testType="13cdc9d9-ddb5-4fa4-a97d-d965ccfc6d4b" outcome="Passed" testListId="8c84fa94-04c1-424b-9868-57a2d4851a1d" relativeResultsDirectory="44fa978f-1f36-486d-82d6-52ee302c2f67" />
    <UnitTestResult executionId="aeecb67b-1f47-4c21-836a-ba835e6ae0b7" testId="0c4b18d7-aafc-8287-45d4-75233304d011" testName="SonnetDB.Parity.Runner.ParityRunner.FullTextSuite_SonnetDbMatchesMeilisearch" computerName="runnervmejwal" duration="00:00:04.8564470" startTime="2026-09-05T06:39:31.7489907+00:00" endTime="2026-09-05T06:39:36.6054411+00:00" testType="13cdc9d9-ddb5-4fa4-a97d-d965ccfc6d4b" outcome="Passed" testListId="8c84fa94-04c1-424b-9868-57a2d4851a1d" relativeResultsDirectory="aeecb67b-1f47-4c21-836a-ba835e6ae0b7" />
  </Results>
  <TestDefinitions>
    <UnitTest name="SonnetDB.Parity.Runner.ParityRunner.DocumentSuite_SonnetDbMatchesMongoDbSemantics" storage="/home/runner/work/sonnetdb/sonnetdb/tests/sonnetdb.parity/bin/release/net10.0/sonnetdb.parity.dll" id="da0cedfe-ae28-1d5e-524f-235c86149b72">
      <Execution id="4683b585-fd39-48c6-87e8-ce0dc36f465c" />
      <TestMethod codeBase="/home/runner/work/SonnetDB/SonnetDB/tests/SonnetDB.Parity/bin/Release/net10.0/SonnetDB.Parity.dll" adapterTypeName="executor://xunit/VsTestRunner3/netcore/" className="SonnetDB.Parity.Runner.ParityRunner" name="DocumentSuite_SonnetDbMatchesMongoDbSemantics" />
    </UnitTest>
    <UnitTest name="SonnetDB.Parity.Runner.ParityRunner.TsdbSuite_SonnetDbMatchesInfluxDbAndVictoriaMetrics" storage="/home/runner/work/sonnetdb/sonnetdb/tests/sonnetdb.parity/bin/release/net10.0/sonnetdb.parity.dll" id="da7990f2-5dd5-68c9-cd8b-83165d59ca0a">
      <Execution id="b54ae412-b979-4d4d-9d4e-7c010cc721ee" />
      <TestMethod codeBase="/home/runner/work/SonnetDB/SonnetDB/tests/SonnetDB.Parity/bin/Release/net10.0/SonnetDB.Parity.dll" adapterTypeName="executor://xunit/VsTestRunner3/netcore/" className="SonnetDB.Parity.Runner.ParityRunner" name="TsdbSuite_SonnetDbMatchesInfluxDbAndVictoriaMetrics" />
    </UnitTest>
    <UnitTest name="SonnetDB.Parity.Runner.ParityRunner.GraphBetaSuite_SonnetDbPassesAndExternalParityRemainsNotRun" storage="/home/runner/work/sonnetdb/sonnetdb/tests/sonnetdb.parity/bin/release/net10.0/sonnetdb.parity.dll" id="907c1091-f136-9237-2fef-0d4a35743dd3">
      <Execution id="f6435645-e036-49b0-99f0-b6674e7388d6" />
      <TestMethod codeBase="/home/runner/work/SonnetDB/SonnetDB/tests/SonnetDB.Parity/bin/Release/net10.0/SonnetDB.Parity.dll" adapterTypeName="executor://xunit/VsTestRunner3/netcore/" className="SonnetDB.Parity.Runner.ParityRunner" name="GraphBetaSuite_SonnetDbPassesAndExternalParityRemainsNotRun" />
    </UnitTest>
    <UnitTest name="SonnetDB.Parity.Runner.ParityRunner.RelationalSuite_SonnetDbMatchesPostgres" storage="/home/runner/work/sonnetdb/sonnetdb/tests/sonnetdb.parity/bin/release/net10.0/sonnetdb.parity.dll" id="a3dce82f-2060-f755-ba41-589eaef086cf">
      <Execution id="37334216-57cb-42b2-8560-5a317da2c06d" />
      <TestMethod codeBase="/home/runner/work/SonnetDB/SonnetDB/tests/SonnetDB.Parity/bin/Release/net10.0/SonnetDB.Parity.dll" adapterTypeName="executor://xunit/VsTestRunner3/netcore/" className="SonnetDB.Parity.Runner.ParityRunner" name="RelationalSuite_SonnetDbMatchesPostgres" />
    </UnitTest>
    <UnitTest name="SonnetDB.Parity.Adapters.RelationalResultMaterializerTests.ReadAsync_WithIntegralDecimal_NormalizesToInt64" storage="/home/runner/work/sonnetdb/sonnetdb/tests/sonnetdb.parity/bin/release/net10.0/sonnetdb.parity.dll" id="e7b8d2f1-2350-3ae7-4d72-5c147a8fd3cb">
      <Execution id="70adb35c-ca9e-4d1b-9ca0-0a063f57539f" />
      <TestMethod codeBase="/home/runner/work/SonnetDB/SonnetDB/tests/SonnetDB.Parity/bin/Release/net10.0/SonnetDB.Parity.dll" adapterTypeName="executor://xunit/VsTestRunner3/netcore/" className="SonnetDB.Parity.Adapters.RelationalResultMaterializerTests" name="ReadAsync_WithIntegralDecimal_NormalizesToInt64" />
    </UnitTest>
    <UnitTest name="SonnetDB.Parity.Runner.ProtocolIngestParitySuite.LineProtocol_HttpUdpMqttAndCoap_ProduceEquivalentRows" storage="/home/runner/work/sonnetdb/sonnetdb/tests/sonnetdb.parity/bin/release/net10.0/sonnetdb.parity.dll" id="7a2f4258-eca0-9ab2-de74-b48e51c31b91">
      <Execution id="1750a06e-5c83-42f9-a66f-05de89a4f8bb" />
      <TestMethod codeBase="/home/runner/work/SonnetDB/SonnetDB/tests/SonnetDB.Parity/bin/Release/net10.0/SonnetDB.Parity.dll" adapterTypeName="executor://xunit/VsTestRunner3/netcore/" className="SonnetDB.Parity.Runner.ProtocolIngestParitySuite" name="LineProtocol_HttpUdpMqttAndCoap_ProduceEquivalentRows" />
    </UnitTest>
    <UnitTest name="SonnetDB.Parity.Runner.FrameRestTransportParitySuite.FrameHttp2_And_Rest_AreSemanticallyEquivalent_ForAllServices" storage="/home/runner/work/sonnetdb/sonnetdb/tests/sonnetdb.parity/bin/release/net10.0/sonnetdb.parity.dll" id="66e61c5f-c702-a767-f8b5-e32fbd491049">
      <Execution id="44fa978f-1f36-486d-82d6-52ee302c2f67" />
      <TestMethod codeBase="/home/runner/work/SonnetDB/SonnetDB/tests/SonnetDB.Parity/bin/Release/net10.0/SonnetDB.Parity.dll" adapterTypeName="executor://xunit/VsTestRunner3/netcore/" className="SonnetDB.Parity.Runner.FrameRestTransportParitySuite" name="FrameHttp2_And_Rest_AreSemanticallyEquivalent_ForAllServices" />
    </UnitTest>
    <UnitTest name="SonnetDB.Parity.Runner.ResultDifferTests.DiffSqlResults_WithTimeBucketContract_KeepsValueColumnsStrict" storage="/home/runner/work/sonnetdb/sonnetdb/tests/sonnetdb.parity/bin/release/net10.0/sonnetdb.parity.dll" id="326f18ea-ff47-0d78-2a31-253eef3e3b9d">
      <Execution id="4f9f29b1-fe3d-4b4f-b38e-59de5b5b8b60" />
      <TestMethod codeBase="/home/runner/work/SonnetDB/SonnetDB/tests/SonnetDB.Parity/bin/Release/net10.0/SonnetDB.Parity.dll" adapterTypeName="executor://xunit/VsTestRunner3/netcore/" className="SonnetDB.Parity.Runner.ResultDifferTests" name="DiffSqlResults_WithTimeBucketContract_KeepsValueColumnsStrict" />
    </UnitTest>
    <UnitTest name="SonnetDB.Parity.Runner.ParityRunner.MqSuite_SonnetMqMatchesNatsJetStream" storage="/home/runner/work/sonnetdb/sonnetdb/tests/sonnetdb.parity/bin/release/net10.0/sonnetdb.parity.dll" id="707c162a-e09a-96a2-445c-c45322d5e8e8">
      <Execution id="f7400213-f4bc-4a22-8adf-999ead154e61" />
      <TestMethod codeBase="/home/runner/work/SonnetDB/SonnetDB/tests/SonnetDB.Parity/bin/Release/net10.0/SonnetDB.Parity.dll" adapterTypeName="executor://xunit/VsTestRunner3/netcore/" className="SonnetDB.Parity.Runner.ParityRunner" name="MqSuite_SonnetMqMatchesNatsJetStream" />
    </UnitTest>
    <UnitTest name="SonnetDB.Parity.Runner.ResultDifferTests.DiffSqlResults_WithTimeBucketContract_NormalizesWindowStopToBucketStart" storage="/home/runner/work/sonnetdb/sonnetdb/tests/sonnetdb.parity/bin/release/net10.0/sonnetdb.parity.dll" id="45a94119-4f7f-2202-c475-1c2e4d283298">
      <Execution id="4a477ca9-bfad-414d-860f-324d13a1c2e9" />
      <TestMethod codeBase="/home/runner/work/SonnetDB/SonnetDB/tests/SonnetDB.Parity/bin/Release/net10.0/SonnetDB.Parity.dll" adapterTypeName="executor://xunit/VsTestRunner3/netcore/" className="SonnetDB.Parity.Runner.ResultDifferTests" name="DiffSqlResults_WithTimeBucketContract_NormalizesWindowStopToBucketStart" />
    </UnitTest>
    <UnitTest name="SonnetDB.Parity.Adapters.RelationalResultMaterializerTests.ReadAsync_WithFractionalDecimal_NormalizesToDouble" storage="/home/runner/work/sonnetdb/sonnetdb/tests/sonnetdb.parity/bin/release/net10.0/sonnetdb.parity.dll" id="9d48f0d2-2ffa-3aeb-e036-ad27082d0bb4">
      <Execution id="02998ccf-7788-40dc-8844-b748dede22c2" />
      <TestMethod codeBase="/home/runner/work/SonnetDB/SonnetDB/tests/SonnetDB.Parity/bin/Release/net10.0/SonnetDB.Parity.dll" adapterTypeName="executor://xunit/VsTestRunner3/netcore/" className="SonnetDB.Parity.Adapters.RelationalResultMaterializerTests" name="ReadAsync_WithFractionalDecimal_NormalizesToDouble" />
    </UnitTest>
    <UnitTest name="SonnetDB.Parity.Runner.ParityRunner.ObjectSuite_SonnetDbMatchesMinio" storage="/home/runner/work/sonnetdb/sonnetdb/tests/sonnetdb.parity/bin/release/net10.0/sonnetdb.parity.dll" id="66a88082-7872-fe6d-92d1-1ef9f0689ba7">
      <Execution id="8d039346-3f2e-4988-a65d-878bf88e3b84" />
      <TestMethod codeBase="/home/runner/work/SonnetDB/SonnetDB/tests/SonnetDB.Parity/bin/Release/net10.0/SonnetDB.Parity.dll" adapterTypeName="executor://xunit/VsTestRunner3/netcore/" className="SonnetDB.Parity.Runner.ParityRunner" name="ObjectSuite_SonnetDbMatchesMinio" />
    </UnitTest>
    <UnitTest name="SonnetDB.Parity.Runner.ParityRunner.KvSuite_SonnetDbMatchesRedis" storage="/home/runner/work/sonnetdb/sonnetdb/tests/sonnetdb.parity/bin/release/net10.0/sonnetdb.parity.dll" id="b2f087cf-30a2-36dc-426f-7c7c70967bf0">
      <Execution id="e15c8c15-bc03-4375-b176-fa528dedf573" />
      <TestMethod codeBase="/home/runner/work/SonnetDB/SonnetDB/tests/SonnetDB.Parity/bin/Release/net10.0/SonnetDB.Parity.dll" adapterTypeName="executor://xunit/VsTestRunner3/netcore/" className="SonnetDB.Parity.Runner.ParityRunner" name="KvSuite_SonnetDbMatchesRedis" />
    </UnitTest>
    <UnitTest name="SonnetDB.Parity.Runner.ParityRunner.FullTextSuite_SonnetDbMatchesMeilisearch" storage="/home/runner/work/sonnetdb/sonnetdb/tests/sonnetdb.parity/bin/release/net10.0/sonnetdb.parity.dll" id="0c4b18d7-aafc-8287-45d4-75233304d011">
      <Execution id="aeecb67b-1f47-4c21-836a-ba835e6ae0b7" />
      <TestMethod codeBase="/home/runner/work/SonnetDB/SonnetDB/tests/SonnetDB.Parity/bin/Release/net10.0/SonnetDB.Parity.dll" adapterTypeName="executor://xunit/VsTestRunner3/netcore/" className="SonnetDB.Parity.Runner.ParityRunner" name="FullTextSuite_SonnetDbMatchesMeilisearch" />
    </UnitTest>
    <UnitTest name="SonnetDB.Parity.Runner.ParityRunner.AnalyticsSuite_SonnetDbMatchesClickHouse" storage="/home/runner/work/sonnetdb/sonnetdb/tests/sonnetdb.parity/bin/release/net10.0/sonnetdb.parity.dll" id="56b0765d-9cc2-4c9e-e01f-ce69614fa9ee">
      <Execution id="99555531-2b13-4769-87cb-34a8c0cc29ed" />
      <TestMethod codeBase="/home/runner/work/SonnetDB/SonnetDB/tests/SonnetDB.Parity/bin/Release/net10.0/SonnetDB.Parity.dll" adapterTypeName="executor://xunit/VsTestRunner3/netcore/" className="SonnetDB.Parity.Runner.ParityRunner" name="AnalyticsSuite_SonnetDbMatchesClickHouse" />
    </UnitTest>
    <UnitTest name="SonnetDB.Parity.Runner.ResultDifferTests.DiffSqlResults_WithTimeBucketContract_NormalizesWindowStopOnEitherSide" storage="/home/runner/work/sonnetdb/sonnetdb/tests/sonnetdb.parity/bin/release/net10.0/sonnetdb.parity.dll" id="acb2f3ab-260f-16f2-daed-19b4d6b5945b">
      <Execution id="80ed36cb-245f-433d-a332-0cf62fe5b69c" />
      <TestMethod codeBase="/home/runner/work/SonnetDB/SonnetDB/tests/SonnetDB.Parity/bin/Release/net10.0/SonnetDB.Parity.dll" adapterTypeName="executor://xunit/VsTestRunner3/netcore/" className="SonnetDB.Parity.Runner.ResultDifferTests" name="DiffSqlResults_WithTimeBucketContract_NormalizesWindowStopOnEitherSide" />
    </UnitTest>
    <UnitTest name="SonnetDB.Parity.Runner.ResultDifferTests.DiffSqlResults_WithBucketAlias_AcceptsEquivalentTimeColumnName" storage="/home/runner/work/sonnetdb/sonnetdb/tests/sonnetdb.parity/bin/release/net10.0/sonnetdb.parity.dll" id="ee07b8ae-2701-101a-fee5-0fb9b5b109b4">
      <Execution id="09f98103-e0e8-471d-940b-1ad9ba88cb31" />
      <TestMethod codeBase="/home/runner/work/SonnetDB/SonnetDB/tests/SonnetDB.Parity/bin/Release/net10.0/SonnetDB.Parity.dll" adapterTypeName="executor://xunit/VsTestRunner3/netcore/" className="SonnetDB.Parity.Runner.ResultDifferTests" name="DiffSqlResults_WithBucketAlias_AcceptsEquivalentTimeColumnName" />
    </UnitTest>
    <UnitTest name="SonnetDB.Parity.Runner.ParityRunner.VectorSuite_SonnetDbMatchesQdrant" storage="/home/runner/work/sonnetdb/sonnetdb/tests/sonnetdb.parity/bin/release/net10.0/sonnetdb.parity.dll" id="6cfb7d90-74fc-c7a3-287d-37b4650aa54d">
      <Execution id="1731a437-43df-40eb-832f-a4c44701a54b" />
      <TestMethod codeBase="/home/runner/work/SonnetDB/SonnetDB/tests/SonnetDB.Parity/bin/Release/net10.0/SonnetDB.Parity.dll" adapterTypeName="executor://xunit/VsTestRunner3/netcore/" className="SonnetDB.Parity.Runner.ParityRunner" name="VectorSuite_SonnetDbMatchesQdrant" />
    </UnitTest>
  </TestDefinitions>
  <TestEntries>
    <TestEntry testId="acb2f3ab-260f-16f2-daed-19b4d6b5945b" executionId="80ed36cb-245f-433d-a332-0cf62fe5b69c" testListId="8c84fa94-04c1-424b-9868-57a2d4851a1d" />
    <TestEntry testId="7a2f4258-eca0-9ab2-de74-b48e51c31b91" executionId="1750a06e-5c83-42f9-a66f-05de89a4f8bb" testListId="8c84fa94-04c1-424b-9868-57a2d4851a1d" />
    <TestEntry testId="45a94119-4f7f-2202-c475-1c2e4d283298" executionId="4a477ca9-bfad-414d-860f-324d13a1c2e9" testListId="8c84fa94-04c1-424b-9868-57a2d4851a1d" />
    <TestEntry testId="a3dce82f-2060-f755-ba41-589eaef086cf" executionId="37334216-57cb-42b2-8560-5a317da2c06d" testListId="8c84fa94-04c1-424b-9868-57a2d4851a1d" />
    <TestEntry testId="9d48f0d2-2ffa-3aeb-e036-ad27082d0bb4" executionId="02998ccf-7788-40dc-8844-b748dede22c2" testListId="8c84fa94-04c1-424b-9868-57a2d4851a1d" />
    <TestEntry testId="326f18ea-ff47-0d78-2a31-253eef3e3b9d" executionId="4f9f29b1-fe3d-4b4f-b38e-59de5b5b8b60" testListId="8c84fa94-04c1-424b-9868-57a2d4851a1d" />
    <TestEntry testId="66a88082-7872-fe6d-92d1-1ef9f0689ba7" executionId="8d039346-3f2e-4988-a65d-878bf88e3b84" testListId="8c84fa94-04c1-424b-9868-57a2d4851a1d" />
    <TestEntry testId="da0cedfe-ae28-1d5e-524f-235c86149b72" executionId="4683b585-fd39-48c6-87e8-ce0dc36f465c" testListId="8c84fa94-04c1-424b-9868-57a2d4851a1d" />
    <TestEntry testId="6cfb7d90-74fc-c7a3-287d-37b4650aa54d" executionId="1731a437-43df-40eb-832f-a4c44701a54b" testListId="8c84fa94-04c1-424b-9868-57a2d4851a1d" />
    <TestEntry testId="e7b8d2f1-2350-3ae7-4d72-5c147a8fd3cb" executionId="70adb35c-ca9e-4d1b-9ca0-0a063f57539f" testListId="8c84fa94-04c1-424b-9868-57a2d4851a1d" />
    <TestEntry testId="707c162a-e09a-96a2-445c-c45322d5e8e8" executionId="f7400213-f4bc-4a22-8adf-999ead154e61" testListId="8c84fa94-04c1-424b-9868-57a2d4851a1d" />
    <TestEntry testId="da7990f2-5dd5-68c9-cd8b-83165d59ca0a" executionId="b54ae412-b979-4d4d-9d4e-7c010cc721ee" testListId="8c84fa94-04c1-424b-9868-57a2d4851a1d" />
    <TestEntry testId="ee07b8ae-2701-101a-fee5-0fb9b5b109b4" executionId="09f98103-e0e8-471d-940b-1ad9ba88cb31" testListId="8c84fa94-04c1-424b-9868-57a2d4851a1d" />
    <TestEntry testId="907c1091-f136-9237-2fef-0d4a35743dd3" executionId="f6435645-e036-49b0-99f0-b6674e7388d6" testListId="8c84fa94-04c1-424b-9868-57a2d4851a1d" />
    <TestEntry testId="56b0765d-9cc2-4c9e-e01f-ce69614fa9ee" executionId="99555531-2b13-4769-87cb-34a8c0cc29ed" testListId="8c84fa94-04c1-424b-9868-57a2d4851a1d" />
    <TestEntry testId="b2f087cf-30a2-36dc-426f-7c7c70967bf0" executionId="e15c8c15-bc03-4375-b176-fa528dedf573" testListId="8c84fa94-04c1-424b-9868-57a2d4851a1d" />
    <TestEntry testId="66e61c5f-c702-a767-f8b5-e32fbd491049" executionId="44fa978f-1f36-486d-82d6-52ee302c2f67" testListId="8c84fa94-04c1-424b-9868-57a2d4851a1d" />
    <TestEntry testId="0c4b18d7-aafc-8287-45d4-75233304d011" executionId="aeecb67b-1f47-4c21-836a-ba835e6ae0b7" testListId="8c84fa94-04c1-424b-9868-57a2d4851a1d" />
  </TestEntries>
  <TestLists>
    <TestList name="Results Not in a List" id="8c84fa94-04c1-424b-9868-57a2d4851a1d" />
    <TestList name="All Loaded Results" id="19431567-8539-422a-85d7-44ee4e166bda" />
  </TestLists>
  <ResultSummary outcome="Completed">
    <Counters total="18" executed="18" passed="18" failed="0" error="0" timeout="0" aborted="0" inconclusive="0" passedButRunAborted="0" notRunnable="0" notExecuted="0" disconnected="0" warning="0" completed="0" inProgress="0" pending="0" />
    <Output>
      <StdOut>[xUnit.net 00:00:00.00] xUnit.net VSTest Adapter v3.1.5+1b188a7b0a (64-bit .NET 10.0.11)
[xUnit.net 00:00:00.18]   Discovering: SonnetDB.Parity
[xUnit.net 00:00:00.26]   Discovered:  SonnetDB.Parity
[xUnit.net 00:00:00.30]   Starting:    SonnetDB.Parity
{"Timestamp":"2026-09-05T06:38:15.683Z","EventId":14,"LogLevel":"Information","Category":"Microsoft.Hosting.Lifetime","Message":"Now listening on: http://127.0.0.1:44089","State":{"address":"http://127.0.0.1:44089","{OriginalFormat}":"Now listening on: {address}"},"Scopes":[]}
{"Timestamp":"2026-09-05T06:38:15.686Z","EventId":14,"LogLevel":"Information","Category":"Microsoft.Hosting.Lifetime","Message":"Now listening on: http://127.0.0.1:38211","State":{"address":"http://127.0.0.1:38211","{OriginalFormat}":"Now listening on: {address}"},"Scopes":[]}
{"Timestamp":"2026-09-05T06:38:15.687Z","EventId":0,"LogLevel":"Information","Category":"Microsoft.Hosting.Lifetime","Message":"Application started. Press Ctrl\u002BC to shut down.","State":{"{OriginalFormat}":"Application started. Press Ctrl\u002BC to shut down."},"Scopes":[]}
{"Timestamp":"2026-09-05T06:38:15.688Z","EventId":0,"LogLevel":"Information","Category":"Microsoft.Hosting.Lifetime","Message":"Hosting environment: Production","State":{"EnvName":"Production","{OriginalFormat}":"Hosting environment: {EnvName}"},"Scopes":[]}
{"Timestamp":"2026-09-05T06:38:15.688Z","EventId":0,"LogLevel":"Information","Category":"Microsoft.Hosting.Lifetime","Message":"Content root path: /tmp/sonnetdb-parity-host-809c4639572146ecbd60b9fe91b1dd20","State":{"ContentRoot":"/tmp/sonnetdb-parity-host-809c4639572146ecbd60b9fe91b1dd20","{OriginalFormat}":"Content root path: {ContentRoot}"},"Scopes":[]}
{"Timestamp":"2026-09-05T06:38:15.807Z","EventId":1,"LogLevel":"Information","Category":"Microsoft.AspNetCore.Hosting.Diagnostics","Message":"Request starting HTTP/1.1 GET http://127.0.0.1:38211/healthz - - -","State":{"Protocol":"HTTP/1.1","Method":"GET","ContentType":null,"ContentLength":null,"Scheme":"http","Host":"127.0.0.1:38211","PathBase":"","Path":"/healthz","QueryString":"","{OriginalFormat}":"Request starting {Protocol} {Method} {Scheme}://{Host}{PathBase}{Path}{QueryString} - {ContentType} {ContentLength}"},"Scopes":[{"Message":"SpanId:486db49816a6716f, TraceId:f4d1865658846c5423901c381bbef23c, ParentId:468b64b6b3fffe85","SpanId":"486db49816a6716f","TraceId":"f4d1865658846c5423901c381bbef23c","ParentId":"468b64b6b3fffe85"},{"Message":"http.request.method:GET, server.address:127.0.0.1, server.port:38211, url.scheme:http, url.path:/healthz, network.protocol.version:1.1","http.request.method":"GET","server.address":"127.0.0.1","server.port":38211,"url.scheme":"http","url.path":"/healthz","network.protocol.version":"1.1"},{"Message":"ConnectionId:0HNOB311VDJGK","ConnectionId":"0HNOB311VDJGK"},{"Message":"RequestPath:/healthz RequestId:0HNOB311VDJGK:00000001","RequestId":"0HNOB311VDJGK:00000001","RequestPath":"/healthz"}]}
{"Timestamp":"2026-09-05T06:38:15.893Z","EventId":0,"LogLevel":"Information","Category":"Microsoft.AspNetCore.Routing.EndpointMiddleware","Message":"Executing endpoint \u0027HTTP: GET /healthz\u0027","State":{"EndpointName":"HTTP: GET /healthz","{OriginalFormat}":"Executing endpoint \u0027{EndpointName}\u0027"},"Scopes":[{"Message":"SpanId:486db49816a6716f, TraceId:f4d1865658846c5423901c381bbef23c, ParentId:468b64b6b3fffe85","SpanId":"486db49816a6716f","TraceId":"f4d1865658846c5423901c381bbef23c","ParentId":"468b64b6b3fffe85"},{"Message":"http.request.method:GET, server.address:127.0.0.1, server.port:38211, url.scheme:http, url.path:/healthz, network.protocol.version:1.1","http.request.method":"GET","server.address":"127.0.0.1","server.port":38211,"url.scheme":"http","url.path":"/healthz","network.protocol.version":"1.1"},{"Message":"ConnectionId:0HNOB311VDJGK","ConnectionId":"0HNOB311VDJGK"},{"Message":"RequestPath:/healthz RequestId:0HNOB311VDJGK:00000001","RequestId":"0HNOB311VDJGK:00000001","RequestPath":"/healthz"}]}
{"Timestamp":"2026-09-05T06:38:15.925Z","EventId":3,"LogLevel":"Information","Category":"Microsoft.AspNetCore.Http.Result.JsonResult","Message":"Writing value of type \u0027HealthResponse\u0027 as Json.","State":{"Type":"HealthResponse","{OriginalFormat}":"Writing value of type \u0027{Type}\u0027 as Json."},"Scopes":[{"Message":"SpanId:486db49816a6716f, TraceId:f4d1865658846c5423901c381bbef23c, ParentId:468b64b6b3fffe85","SpanId":"486db49816a6716f","TraceId":"f4d1865658846c5423901c381bbef23c","ParentId":"468b64b6b3fffe85"},{"Message":"http.request.method:GET, server.address:127.0.0.1, server.port:38211, url.scheme:http, url.path:/healthz, network.protocol.version:1.1","http.request.method":"GET","server.address":"127.0.0.1","server.port":38211,"url.scheme":"http","url.path":"/healthz","network.protocol.version":"1.1"},{"Message":"ConnectionId:0HNOB311VDJGK","ConnectionId":"0HNOB311VDJGK"},{"Message":"RequestPath:/healthz RequestId:0HNOB311VDJGK:00000001","RequestId":"0HNOB311VDJGK:00000001","RequestPath":"/healthz"}]}
{"Timestamp":"2026-09-05T06:38:15.958Z","EventId":1,"LogLevel":"Information","Category":"Microsoft.AspNetCore.Routing.EndpointMiddleware","Message":"Executed endpoint \u0027HTTP: GET /healthz\u0027","State":{"EndpointName":"HTTP: GET /healthz","{OriginalFormat}":"Executed endpoint \u0027{EndpointName}\u0027"},"Scopes":[{"Message":"SpanId:486db49816a6716f, TraceId:f4d1865658846c5423901c381bbef23c, ParentId:468b64b6b3fffe85","SpanId":"486db49816a6716f","TraceId":"f4d1865658846c5423901c381bbef23c","ParentId":"468b64b6b3fffe85"},{"Message":"http.request.method:GET, server.address:127.0.0.1, server.port:38211, url.scheme:http, url.path:/healthz, network.protocol.version:1.1","http.request.method":"GET","server.address":"127.0.0.1","server.port":38211,"url.scheme":"http","url.path":"/healthz","network.protocol.version":"1.1"},{"Message":"ConnectionId:0HNOB311VDJGK","ConnectionId":"0HNOB311VDJGK"},{"Message":"RequestPath:/healthz RequestId:0HNOB311VDJGK:00000001","RequestId":"0HNOB311VDJGK:00000001","RequestPath":"/healthz"}]}
{"Timestamp":"2026-09-05T06:38:15.960Z","EventId":2,"LogLevel":"Information","Category":"Microsoft.AspNetCore.Hosting.Diagnostics","Message":"Request finished HTTP/1.1 GET http://127.0.0.1:38211/healthz - 200 - application/json;\u002Bcharset=utf-8 152.8996ms","State":{"ElapsedMilliseconds":152.8996,"StatusCode":200,"ContentType":"application/json; charset=utf-8","ContentLength":null,"Protocol":"HTTP/1.1","Method":"GET","Scheme":"http","Host":"127.0.0.1:38211","PathBase":"","Path":"/healthz","QueryString":"","{OriginalFormat}":"Request finished {Protocol} {Method} {Scheme}://{Host}{PathBase}{Path}{QueryString} - {StatusCode} {ContentLength} {ContentType} {ElapsedMilliseconds}ms"},"Scopes":[{"Message":"SpanId:486db49816a6716f, TraceId:f4d1865658846c5423901c381bbef23c, ParentId:468b64b6b3fffe85","SpanId":"486db49816a6716f","TraceId":"f4d1865658846c5423901c381bbef23c","ParentId":"468b64b6b3fffe85"},{"Message":"http.request.method:GET, server.address:127.0.0.1, server.port:38211, url.scheme:http, url.path:/healthz, network.protocol.version:1.1","http.request.method":"GET","server.address":"127.0.0.1","server.port":38211,"url.scheme":"http","url.path":"/healthz","network.protocol.version":"1.1"},{"Message":"ConnectionId:0HNOB311VDJGK","ConnectionId":"0HNOB311VDJGK"},{"Message":"RequestPath:/healthz RequestId:0HNOB311VDJGK:00000001","RequestId":"0HNOB311VDJGK:00000001","RequestPath":"/healthz"}]}
{"Timestamp":"2026-09-05T06:38:15.966Z","EventId":1,"LogLevel":"Information","Category":"Microsoft.AspNetCore.Hosting.Diagnostics","Message":"Request starting HTTP/1.1 POST http://127.0.0.1:38211/v1/db - application/json;\u002Bcharset=utf-8 27","State":{"Protocol":"HTTP/1.1","Method":"POST","ContentType":"application/json; charset=utf-8","ContentLength":27,"Scheme":"http","Host":"127.0.0.1:38211","PathBase":"","Path":"/v1/db","QueryString":"","{OriginalFormat}":"Request starting {Protocol} {Method} {Scheme}://{Host}{PathBase}{Path}{QueryString} - {ContentType} {ContentLength}"},"Scopes":[{"Message":"SpanId:1a8ebf7cf314466b, TraceId:0f3070a331b0ef1e77d77c97c141cf9a, ParentId:a20d11d428735728","SpanId":"1a8ebf7cf314466b","TraceId":"0f3070a331b0ef1e77d77c97c141cf9a","ParentId":"a20d11d428735728"},{"Message":"http.request.method:POST, server.address:127.0.0.1, server.port:38211, url.scheme:http, url.path:/v1/db, network.protocol.version:1.1","http.request.method":"POST","server.address":"127.0.0.1","server.port":38211,"url.scheme":"http","url.path":"/v1/db","network.protocol.version":"1.1"},{"Message":"ConnectionId:0HNOB311VDJGL","ConnectionId":"0HNOB311VDJGL"},{"Message":"RequestPath:/v1/db RequestId:0HNOB311VDJGL:00000001","RequestId":"0HNOB311VDJGL:00000001","RequestPath":"/v1/db"}]}
{"Timestamp":"2026-09-05T06:38:15.967Z","EventId":0,"LogLevel":"Information","Category":"Microsoft.AspNetCore.Routing.EndpointMiddleware","Message":"Executing endpoint \u0027HTTP: POST /v1/db\u0027","State":{"EndpointName":"HTTP: POST /v1/db","{OriginalFormat}":"Executing endpoint \u0027{EndpointName}\u0027"},"Scopes":[{"Message":"SpanId:1a8ebf7cf314466b, TraceId:0f3070a331b0ef1e77d77c97c141cf9a, ParentId:a20d11d428735728","SpanId":"1a8ebf7cf314466b","TraceId":"0f3070a331b0ef1e77d77c97c141cf9a","ParentId":"a20d11d428735728"},{"Message":"http.request.method:POST, server.address:127.0.0.1, server.port:38211, url.scheme:http, url.path:/v1/db, network.protocol.version:1.1","http.request.method":"POST","server.address":"127.0.0.1","server.port":38211,"url.scheme":"http","url.path":"/v1/db","network.protocol.version":"1.1"},{"Message":"ConnectionId:0HNOB311VDJGL","ConnectionId":"0HNOB311VDJGL"},{"Message":"RequestPath:/v1/db RequestId:0HNOB311VDJGL:00000001","RequestId":"0HNOB311VDJGL:00000001","RequestPath":"/v1/db"}]}
{"Timestamp":"2026-09-05T06:38:15.988Z","EventId":1,"LogLevel":"Information","Category":"Microsoft.AspNetCore.Http.Result.JsonResult","Message":"Setting HTTP status code 201.","State":{"StatusCode":201,"{OriginalFormat}":"Setting HTTP status code {StatusCode}."},"Scopes":[{"Message":"SpanId:1a8ebf7cf314466b, TraceId:0f3070a331b0ef1e77d77c97c141cf9a, ParentId:a20d11d428735728","SpanId":"1a8ebf7cf314466b","TraceId":"0f3070a331b0ef1e77d77c97c141cf9a","ParentId":"a20d11d428735728"},{"Message":"http.request.method:POST, server.address:127.0.0.1, server.port:38211, url.scheme:http, url.path:/v1/db, network.protocol.version:1.1","http.request.method":"POST","server.address":"127.0.0.1","server.port":38211,"url.scheme":"http","url.path":"/v1/db","network.protocol.version":"1.1"},{"Message":"ConnectionId:0HNOB311VDJGL","ConnectionId":"0HNOB311VDJGL"},{"Message":"RequestPath:/v1/db RequestId:0HNOB311VDJGL:00000001","RequestId":"0HNOB311VDJGL:00000001","RequestPath":"/v1/db"}]}
{"Timestamp":"2026-09-05T06:38:15.989Z","EventId":3,"LogLevel":"Information","Category":"Microsoft.AspNetCore.Http.Result.JsonResult","Message":"Writing value of type \u0027DatabaseOperationResponse\u0027 as Json.","State":{"Type":"DatabaseOperationResponse","{OriginalFormat}":"Writing value of type \u0027{Type}\u0027 as Json."},"Scopes":[{"Message":"SpanId:1a8ebf7cf314466b, TraceId:0f3070a331b0ef1e77d77c97c141cf9a, ParentId:a20d11d428735728","SpanId":"1a8ebf7cf314466b","TraceId":"0f3070a331b0ef1e77d77c97c141cf9a","ParentId":"a20d11d428735728"},{"Message":"http.request.method:POST, server.address:127.0.0.1, server.port:38211, url.scheme:http, url.path:/v1/db, network.protocol.version:1.1","http.request.method":"POST","server.address":"127.0.0.1","server.port":38211,"url.scheme":"http","url.path":"/v1/db","network.protocol.version":"1.1"},{"Message":"ConnectionId:0HNOB311VDJGL","ConnectionId":"0HNOB311VDJGL"},{"Message":"RequestPath:/v1/db RequestId:0HNOB311VDJGL:00000001","RequestId":"0HNOB311VDJGL:00000001","RequestPath":"/v1/db"}]}
{"Timestamp":"2026-09-05T06:38:15.990Z","EventId":1,"LogLevel":"Information","Category":"Microsoft.AspNetCore.Routing.EndpointMiddleware","Message":"Executed endpoint \u0027HTTP: POST /v1/db\u0027","State":{"EndpointName":"HTTP: POST /v1/db","{OriginalFormat}":"Executed endpoint \u0027{EndpointName}\u0027"},"Scopes":[{"Message":"SpanId:1a8ebf7cf314466b, TraceId:0f3070a331b0ef1e77d77c97c141cf9a, ParentId:a20d11d428735728","SpanId":"1a8ebf7cf314466b","TraceId":"0f3070a331b0ef1e77d77c97c141cf9a","ParentId":"a20d11d428735728"},{"Message":"http.request.method:POST, server.address:127.0.0.1, server.port:38211, url.scheme:http, url.path:/v1/db, network.protocol.version:1.1","http.request.method":"POST","server.address":"127.0.0.1","server.port":38211,"url.scheme":"http","url.path":"/v1/db","network.protocol.version":"1.1"},{"Message":"ConnectionId:0HNOB311VDJGL","ConnectionId":"0HNOB311VDJGL"},{"Message":"RequestPath:/v1/db RequestId:0HNOB311VDJGL:00000001","RequestId":"0HNOB311VDJGL:00000001","RequestPath":"/v1/db"}]}
{"Timestamp":"2026-09-05T06:38:15.990Z","EventId":2,"LogLevel":"Information","Category":"Microsoft.AspNetCore.Hosting.Diagnostics","Message":"Request finished HTTP/1.1 POST http://127.0.0.1:38211/v1/db - 201 - application/json;\u002Bcharset=utf-8 24.7140ms","State":{"ElapsedMilliseconds":24.714,"StatusCode":201,"ContentType":"application/json; charset=utf-8","ContentLength":null,"Protocol":"HTTP/1.1","Method":"POST","Scheme":"http","Host":"127.0.0.1:38211","PathBase":"","Path":"/v1/db","QueryString":"","{OriginalFormat}":"Request finished {Protocol} {Method} {Scheme}://{Host}{PathBase}{Path}{QueryString} - {StatusCode} {ContentLength} {ContentType} {ElapsedMilliseconds}ms"},"Scopes":[{"Message":"SpanId:1a8ebf7cf314466b, TraceId:0f3070a331b0ef1e77d77c97c141cf9a, ParentId:a20d11d428735728","SpanId":"1a8ebf7cf314466b","TraceId":"0f3070a331b0ef1e77d77c97c141cf9a","ParentId":"a20d11d428735728"},{"Message":"http.request.method:POST, server.address:127.0.0.1, server.port:38211, url.scheme:http, url.path:/v1/db, network.protocol.version:1.1","http.request.method":"POST","server.address":"127.0.0.1","server.port":38211,"url.scheme":"http","url.path":"/v1/db","network.protocol.version":"1.1"},{"Message":"ConnectionId:0HNOB311VDJGL","ConnectionId":"0HNOB311VDJGL"},{"Message":"RequestPath:/v1/db RequestId:0HNOB311VDJGL:00000001","RequestId":"0HNOB311VDJGL:00000001","RequestPath":"/v1/db"}]}
{"Timestamp":"2026-09-05T06:38:16.038Z","EventId":1,"LogLevel":"Information","Category":"Microsoft.AspNetCore.Hosting.Diagnostics","Message":"Request starting HTTP/2 POST http://127.0.0.1:44089/v1/frame - application/x-sonnetdb-frame 73","State":{"Protocol":"HTTP/2","Method":"POST","ContentType":"application/x-sonnetdb-frame","ContentLength":73,"Scheme":"http","Host":"127.0.0.1:44089","PathBase":"","Path":"/v1/frame","QueryString":"","{OriginalFormat}":"Request starting {Protocol} {Method} {Scheme}://{Host}{PathBase}{Path}{QueryString} - {ContentType} {ContentLength}"},"Scopes":[{"Message":"SpanId:1eebbd0b5f7d246f, TraceId:b592277d6d5e0d7a6fa43857e53f517e, ParentId:73c2b2f9ea6fc743","SpanId":"1eebbd0b5f7d246f","TraceId":"b592277d6d5e0d7a6fa43857e53f517e","ParentId":"73c2b2f9ea6fc743"},{"Message":"http.request.method:POST, server.address:127.0.0.1, server.port:44089, url.scheme:http, url.path:/v1/frame, network.protocol.version:2","http.request.method":"POST","server.address":"127.0.0.1","server.port":44089,"url.scheme":"http","url.path":"/v1/frame","network.protocol.version":"2"},{"Message":"ConnectionId:0HNOB311VDJGM","ConnectionId":"0HNOB311VDJGM"},{"Message":"RequestPath:/v1/frame RequestId:0HNOB311VDJGM:00000001","RequestId":"0HNOB311VDJGM:00000001","RequestPath":"/v1/frame"}]}
{"Timestamp":"2026-09-05T06:38:16.040Z","EventId":0,"LogLevel":"Information","Category":"Microsoft.AspNetCore.Routing.EndpointMiddleware","Message":"Executing endpoint \u0027HTTP: POST /v1/frame\u0027","State":{"EndpointName":"HTTP: POST /v1/frame","{OriginalFormat}":"Executing endpoint \u0027{EndpointName}\u0027"},"Scopes":[{"Message":"SpanId:1eebbd0b5f7d246f, TraceId:b592277d6d5e0d7a6fa43857e53f517e, ParentId:73c2b2f9ea6fc743","SpanId":"1eebbd0b5f7d246f","TraceId":"b592277d6d5e0d7a6fa43857e53f517e","ParentId":"73c2b2f9ea6fc743"},{"Message":"http.request.method:POST, server.address:127.0.0.1, server.port:44089, url.scheme:http, url.path:/v1/frame, network.protocol.version:2","http.request.method":"POST","server.address":"127.0.0.1","server.port":44089,"url.scheme":"http","url.path":"/v1/frame","network.protocol.version":"2"},{"Message":"ConnectionId:0HNOB311VDJGM","ConnectionId":"0HNOB311VDJGM"},{"Message":"RequestPath:/v1/frame RequestId:0HNOB311VDJGM:00000001","RequestId":"0HNOB311VDJGM:00000001","RequestPath":"/v1/frame"}]}
{"Timestamp":"2026-09-05T06:38:16.069Z","EventId":1,"LogLevel":"Information","Category":"Microsoft.AspNetCore.Routing.EndpointMiddleware","Message":"Executed endpoint \u0027HTTP: POST /v1/frame\u0027","State":{"EndpointName":"HTTP: POST /v1/frame","{OriginalFormat}":"Executed endpoint \u0027{EndpointName}\u0027"},"Scopes":[{"Message":"SpanId:1eebbd0b5f7d246f, TraceId:b592277d6d5e0d7a6fa43857e53f517e, ParentId:73c2b2f9ea6fc743","SpanId":"1eebbd0b5f7d246f","TraceId":"b592277d6d5e0d7a6fa43857e53f517e","ParentId":"73c2b2f9ea6fc743"},{"Message":"http.request.method:POST, server.address:127.0.0.1, server.port:44089, url.scheme:http, url.path:/v1/frame, network.protocol.version:2","http.request.method":"POST","server.address":"127.0.0.1","server.port":44089,"url.scheme":"http","url.path":"/v1/frame","network.protocol.version":"2"},{"Message":"ConnectionId:0HNOB311VDJGM","ConnectionId":"0HNOB311VDJGM"},{"Message":"RequestPath:/v1/frame RequestId:0HNOB311VDJGM:00000001","RequestId":"0HNOB311VDJGM:00000001","RequestPath":"/v1/frame"}]}
{"Timestamp":"2026-09-05T06:38:16.069Z","EventId":2,"LogLevel":"Information","Category":"Microsoft.AspNetCore.Hosting.Diagnostics","Message":"Request finished HTTP/2 POST http://127.0.0.1:44089/v1/frame - 200 - application/x-sonnetdb-frame 30.6885ms","State":{"ElapsedMilliseconds":30.6885,"StatusCode":200,"ContentType":"application/x-sonnetdb-frame","ContentLength":null,"Protocol":"HTTP/2","Method":"POST","Scheme":"http","Host":"127.0.0.1:44089","PathBase":"","Path":"/v1/frame","QueryString":"","{OriginalFormat}":"Request finished {Protocol} {Method} {Scheme}://{Host}{PathBase}{Path}{QueryString} - {StatusCode} {ContentLength} {ContentType} {ElapsedMilliseconds}ms"},"Scopes":[{"Message":"SpanId:1eebbd0b5f7d246f, TraceId:b592277d6d5e0d7a6fa43857e53f517e, ParentId:73c2b2f9ea6fc743","SpanId":"1eebbd0b5f7d246f","TraceId":"b592277d6d5e0d7a6fa43857e53f517e","ParentId":"73c2b2f9ea6fc743"},{"Message":"http.request.method:POST, server.address:127.0.0.1, server.port:44089, url.scheme:http, url.path:/v1/frame, network.protocol.version:2","http.request.method":"POST","server.address":"127.0.0.1","server.port":44089,"url.scheme":"http","url.path":"/v1/frame","network.protocol.version":"2"},{"Message":"ConnectionId:0HNOB311VDJGM","ConnectionId":"0HNOB311VDJGM"},{"Message":"RequestPath:/v1/frame RequestId:0HNOB311VDJGM:00000001","RequestId":"0HNOB311VDJGM:00000001","RequestPath":"/v1/frame"}]}
{"Timestamp":"2026-09-05T06:38:16.085Z","EventId":1,"LogLevel":"Information","Category":"Microsoft.AspNetCore.Hosting.Diagnostics","Message":"Request starting HTTP/2 POST http://127.0.0.1:44089/v1/frame - application/x-sonnetdb-frame 61","State":{"Protocol":"HTTP/2","Method":"POST","ContentType":"application/x-sonnetdb-frame","ContentLength":61,"Scheme":"http","Host":"127.0.0.1:44089","PathBase":"","Path":"/v1/frame","QueryString":"","{OriginalFormat}":"Request starting {Protocol} {Method} {Scheme}://{Host}{PathBase}{Path}{QueryString} - {ContentType} {ContentLength}"},"Scopes":[{"Message":"SpanId:df0acbfb7a84fc9a, TraceId:b4211a07ec821dc4f18a7f029bb9482b, ParentId:cc5c5b5810e730e1","SpanId":"df0acbfb7a84fc9a","TraceId":"b4211a07ec821dc4f18a7f029bb9482b","ParentId":"cc5c5b5810e730e1"},{"Message":"http.request.method:POST, server.address:127.0.0.1, server.port:44089, url.scheme:http, url.path:/v1/frame, network.protocol.version:2","http.request.method":"POST","server.address":"127.0.0.1","server.port":44089,"url.scheme":"http","url.path":"/v1/frame","network.protocol.version":"2"},{"Message":"ConnectionId:0HNOB311VDJGM","ConnectionId":"0HNOB311VDJGM"},{"Message":"RequestPath:/v1/frame RequestId:0HNOB311VDJGM:00000003","RequestId":"0HNOB311VDJGM:00000003","RequestPath":"/v1/frame"}]}
{"Timestamp":"2026-09-05T06:38:16.086Z","EventId":0,"LogLevel":"Information","Category":"Microsoft.AspNetCore.Routing.EndpointMiddleware","Message":"Executing endpoint \u0027HTTP: POST /v1/frame\u0027","State":{"EndpointName":"HTTP: POST /v1/frame","{OriginalFormat}":"Executing endpoint \u0027{EndpointName}\u0027"},"Scopes":[{"Message":"SpanId:df0acbfb7a84fc9a, TraceId:b4211a07ec821dc4f18a7f029bb9482b, ParentId:cc5c5b5810e730e1","SpanId":"df0acbfb7a84fc9a","TraceId":"b4211a07ec821dc4f18a7f029bb9482b","ParentId":"cc5c5b5810e730e1"},{"Message":"http.request.method:POST, server.address:127.0.0.1, server.port:44089, url.scheme:http, url.path:/v1/frame, network.protocol.version:2","http.request.method":"POST","server.address":"127.0.0.1","server.port":44089,"url.scheme":"http","url.path":"/v1/frame","network.protocol.version":"2"},{"Message":"ConnectionId:0HNOB311VDJGM","ConnectionId":"0HNOB311VDJGM"},{"Message":"RequestPath:/v1/frame RequestId:0HNOB311VDJGM:00000003","RequestId":"0HNOB311VDJGM:00000003","RequestPath":"/v1/frame"}]}
{"Timestamp":"2026-09-05T06:38:16.088Z","EventId":1,"LogLevel":"Information","Category":"Microsoft.AspNetCore.Routing.EndpointMiddleware","Message":"Executed endpoint \u0027HTTP: POST /v1/frame\u0027","State":{"EndpointName":"HTTP: POST /v1/frame","{OriginalFormat}":"Executed endpoint \u0027{EndpointName}\u0027"},"Scopes":[{"Message":"SpanId:df0acbfb7a84fc9a, TraceId:b4211a07ec821dc4f18a7f029bb9482b, ParentId:cc5c5b5810e730e1","SpanId":"df0acbfb7a84fc9a","TraceId":"b4211a07ec821dc4f18a7f029bb9482b","ParentId":"cc5c5b5810e730e1"},{"Message":"http.request.method:POST, server.address:127.0.0.1, server.port:44089, url.scheme:http, url.path:/v1/frame, network.protocol.version:2","http.request.method":"POST","server.address":"127.0.0.1","server.port":44089,"url.scheme":"http","url.path":"/v1/frame","network.protocol.version":"2"},{"Message":"ConnectionId:0HNOB311VDJGM","ConnectionId":"0HNOB311VDJGM"},{"Message":"RequestPath:/v1/frame RequestId:0HNOB311VDJGM:00000003","RequestId":"0HNOB311VDJGM:00000003","RequestPath":"/v1/frame"}]}
{"Timestamp":"2026-09-05T06:38:16.088Z","EventId":2,"LogLevel":"Information","Category":"Microsoft.AspNetCore.Hosting.Diagnostics","Message":"Request finished HTTP/2 POST http://127.0.0.1:44089/v1/frame - 200 - application/x-sonnetdb-frame 2.4311ms","State":{"ElapsedMilliseconds":2.4311,"StatusCode":200,"ContentType":"application/x-sonnetdb-frame","ContentLength":null,"Protocol":"HTTP/2","Method":"POST","Scheme":"http","Host":"127.0.0.1:44089","PathBase":"","Path":"/v1/frame","QueryString":"","{OriginalFormat}":"Request finished {Protocol} {Method} {Scheme}://{Host}{PathBase}{Path}{QueryString} - {StatusCode} {ContentLength} {ContentType} {ElapsedMilliseconds}ms"},"Scopes":[{"Message":"SpanId:df0acbfb7a84fc9a, TraceId:b4211a07ec821dc4f18a7f029bb9482b, ParentId:cc5c5b5810e730e1","SpanId":"df0acbfb7a84fc9a","TraceId":"b4211a07ec821dc4f18a7f029bb9482b","ParentId":"cc5c5b5810e730e1"},{"Message":"http.request.method:POST, server.address:127.0.0.1, server.port:44089, url.scheme:http, url.path:/v1/frame, network.protocol.version:2","http.request.method":"POST","server.address":"127.0.0.1","server.port":44089,"url.scheme":"http","url.path":"/v1/frame","network.protocol.version":"2"},{"Message":"ConnectionId:0HNOB311VDJGM","ConnectionId":"0HNOB311VDJGM"},{"Message":"RequestPath:/v1/frame RequestId:0HNOB311VDJGM:00000003","RequestId":"0HNOB311VDJGM:00000003","RequestPath":"/v1/frame"}]}
{"Timestamp":"2026-09-05T06:38:16.093Z","EventId":1,"LogLevel":"Information","Category":"Microsoft.AspNetCore.Hosting.Diagnostics","Message":"Request starting HTTP/2 POST http://127.0.0.1:44089/v1/frame - application/x-sonnetdb-frame 47","State":{"Protocol":"HTTP/2","Method":"POST","ContentType":"application/x-sonnetdb-frame","ContentLength":47,"Scheme":"http","Host":"127.0.0.1:44089","PathBase":"","Path":"/v1/frame","QueryString":"","{OriginalFormat}":"Request starting {Protocol} {Method} {Scheme}://{Host}{PathBase}{Path}{QueryString} - {ContentType} {ContentLength}"},"Scopes":[{"Message":"SpanId:237a05f54facd6bb, TraceId:7dcbc32f9f45b380ab89cbbe58009393, ParentId:3dfb02009baaef14","SpanId":"237a05f54facd6bb","TraceId":"7dcbc32f9f45b380ab89cbbe58009393","ParentId":"3dfb02009baaef14"},{"Message":"http.request.method:POST, server.address:127.0.0.1, server.port:44089, url.scheme:http, url.path:/v1/frame, network.protocol.version:2","http.request.method":"POST","server.address":"127.0.0.1","server.port":44089,"url.scheme":"http","url.path":"/v1/frame","network.protocol.version":"2"},{"Message":"ConnectionId:0HNOB311VDJGM","ConnectionId":"0HNOB311VDJGM"},{"Message":"RequestPath:/v1/frame RequestId:0HNOB311VDJGM:00000005","RequestId":"0HNOB311VDJGM:00000005","RequestPath":"/v1/frame"}]}
{"Timestamp":"2026-09-05T06:38:16.093Z","EventId":0,"LogLevel":"Information","Category":"Microsoft.AspNetCore.Routing.EndpointMiddleware","Message":"Executing endpoint \u0027HTTP: POST /v1/frame\u0027","State":{"EndpointName":"HTTP: POST /v1/frame","{OriginalFormat}":"Executing endpoint \u0027{EndpointName}\u0027"},"Scopes":[{"Message":"SpanId:237a05f54facd6bb, TraceId:7dcbc32f9f45b380ab89cbbe58009393, ParentId:3dfb02009baaef14","SpanId":"237a05f54facd6bb","TraceId":"7dcbc32f9f45b380ab89cbbe58009393","ParentId":"3dfb02009baaef14"},{"Message":"http.request.method:POST, server.address:127.0.0.1, server.port:44089, url.scheme:http, url.path:/v1/frame, network.protocol.version:2","http.request.method":"POST","server.address":"127.0.0.1","server.port":44089,"url.scheme":"http","url.path":"/v1/frame","network.protocol.version":"2"},{"Message":"ConnectionId:0HNOB311VDJGM","ConnectionId":"0HNOB311VDJGM"},{"Message":"RequestPath:/v1/frame RequestId:0HNOB311VDJGM:00000005","RequestId":"0HNOB311VDJGM:00000005","RequestPath":"/v1/frame"}]}
{"Timestamp":"2026-09-05T06:38:16.095Z","EventId":1,"LogLevel":"Information","Category":"Microsoft.AspNetCore.Routing.EndpointMiddleware","Message":"Executed endpoint \u0027HTTP: POST /v1/frame\u0027","State":{"EndpointName":"HTTP: POST /v1/frame","{OriginalFormat}":"Executed endpoint \u0027{EndpointName}\u0027"},"Scopes":[{"Message":"SpanId:237a05f54facd6bb, TraceId:7dcbc32f9f45b380ab89cbbe58009393, ParentId:3dfb02009baaef14","SpanId":"237a05f54facd6bb","TraceId":"7dcbc32f9f45b380ab89cbbe58009393","ParentId":"3dfb02009baaef14"},{"Message":"http.request.method:POST, server.address:127.0.0.1, server.port:44089, url.scheme:http, url.path:/v1/frame, network.protocol.version:2","http.request.method":"POST","server.address":"127.0.0.1","server.port":44089,"url.scheme":"http","url.path":"/v1/frame","network.protocol.version":"2"},{"Message":"ConnectionId:0HNOB311VDJGM","ConnectionId":"0HNOB311VDJGM"},{"Message":"RequestPath:/v1/frame RequestId:0HNOB311VDJGM:00000005","RequestId":"0HNOB311VDJGM:00000005","RequestPath":"/v1/frame"}]}
{"Timestamp":"2026-09-05T06:38:16.095Z","EventId":2,"LogLevel":"Information","Category":"Microsoft.AspNetCore.Hosting.Diagnostics","Message":"Request finished HTTP/2 POST http://127.0.0.1:44089/v1/frame - 200 - application/x-sonnetdb-frame 2.7265ms","State":{"ElapsedMilliseconds":2.7265,"StatusCode":200,"ContentType":"application/x-sonnetdb-frame","ContentLength":null,"Protocol":"HTTP/2","Method":"POST","Scheme":"http","Host":"127.0.0.1:44089","PathBase":"","Path":"/v1/frame","QueryString":"","{OriginalFormat}":"Request finished {Protocol} {Method} {Scheme}://{Host}{PathBase}{Path}{QueryString} - {StatusCode} {ContentLength} {ContentType} {ElapsedMilliseconds}ms"},"Scopes":[{"Message":"SpanId:237a05f54facd6bb, TraceId:7dcbc32f9f45b380ab89cbbe58009393, ParentId:3dfb02009baaef14","SpanId":"237a05f54facd6bb","TraceId":"7dcbc32f9f45b380ab89cbbe58009393","ParentId":"3dfb02009baaef14"},{"Message":"http.request.method:POST, server.address:127.0.0.1, server.port:44089, url.scheme:http, url.path:/v1/frame, network.protocol.version:2","http.request.method":"POST","server.address":"127.0.0.1","server.port":44089,"url.scheme":"http","url.path":"/v1/frame","network.protocol.version":"2"},{"Message":"ConnectionId:0HNOB311VDJGM","ConnectionId":"0HNOB311VDJGM"},{"Message":"RequestPath:/v1/frame RequestId:0HNOB311VDJGM:00000005","RequestId":"0HNOB311VDJGM:00000005","RequestPath":"/v1/frame"}]}
{"Timestamp":"2026-09-05T06:38:16.101Z","EventId":1,"LogLevel":"Information","Category":"Microsoft.AspNetCore.Hosting.Diagnostics","Message":"Request starting HTTP/2 POST http://127.0.0.1:44089/v1/frame - application/x-sonnetdb-frame 47","State":{"Protocol":"HTTP/2","Method":"POST","ContentType":"application/x-sonnetdb-frame","ContentLength":47,"Scheme":"http","Host":"127.0.0.1:44089","PathBase":"","Path":"/v1/frame","QueryString":"","{OriginalFormat}":"Request starting {Protocol} {Method} {Scheme}://{Host}{PathBase}{Path}{QueryString} - {ContentType} {ContentLength}"},"Scopes":[{"Message":"SpanId:d43bfd984b3406c1, TraceId:7054abc53706297c035590e1094b0ca1, ParentId:adcc2ca7417b1c7d","SpanId":"d43bfd984b3406c1","TraceId":"7054abc53706297c035590e1094b0ca1","ParentId":"adcc2ca7417b1c7d"},{"Message":"http.request.method:POST, server.address:127.0.0.1, server.port:44089, url.scheme:http, url.path:/v1/frame, network.protocol.version:2","http.request.method":"POST","server.address":"127.0.0.1","server.port":44089,"url.scheme":"http","url.path":"/v1/frame","network.protocol.version":"2"},{"Message":"ConnectionId:0HNOB311VDJGM","ConnectionId":"0HNOB311VDJGM"},{"Message":"RequestPath:/v1/frame RequestId:0HNOB311VDJGM:00000007","RequestId":"0HNOB311VDJGM:00000007","RequestPath":"/v1/frame"}]}
{"Timestamp":"2026-09-05T06:38:16.101Z","EventId":0,"LogLevel":"Information","Category":"Microsoft.AspNetCore.Routing.EndpointMiddleware","Message":"Executing endpoint \u0027HTTP: POST /v1/frame\u0027","State":{"EndpointName":"HTTP: POST /v1/frame","{OriginalFormat}":"Executing endpoint \u0027{EndpointName}\u0027"},"Scopes":[{"Message":"SpanId:d43bfd984b3406c1, TraceId:7054abc53706297c035590e1094b0ca1, ParentId:adcc2ca7417b1c7d","SpanId":"d43bfd984b3406c1","TraceId":"7054abc53706297c035590e1094b0ca1","ParentId":"adcc2ca7417b1c7d"},{"Message":"http.request.method:POST, server.address:127.0.0.1, server.port:44089, url.scheme:http, url.path:/v1/frame, network.protocol.version:2","http.request.method":"POST","server.address":"127.0.0.1","server.port":44089,"url.scheme":"http","url.path":"/v1/frame","network.protocol.version":"2"},{"Message":"ConnectionId:0HNOB311VDJGM","ConnectionId":"0HNOB311VDJGM"},{"Message":"RequestPath:/v1/frame RequestId:0HNOB311VDJGM:00000007","RequestId":"0HNOB311VDJGM:00000007","RequestPath":"/v1/frame"}]}
{"Timestamp":"2026-09-05T06:38:16.108Z","EventId":1,"LogLevel":"Information","Category":"Microsoft.AspNetCore.Routing.EndpointMiddleware","Message":"Executed endpoint \u0027HTTP: POST /v1/frame\u0027","State":{"EndpointName":"HTTP: POST /v1/frame","{OriginalFormat}":"Executed endpoint \u0027{EndpointName}\u0027"},"Scopes":[{"Message":"SpanId:d43bfd984b3406c1, TraceId:7054abc53706297c035590e1094b0ca1, ParentId:adcc2ca7417b1c7d","SpanId":"d43bfd984b3406c1","TraceId":"7054abc53706297c035590e1094b0ca1","ParentId":"adcc2ca7417b1c7d"},{"Message":"http.request.method:POST, server.address:127.0.0.1, server.port:44089, url.scheme:http, url.path:/v1/frame, network.protocol.version:2","http.request.method":"POST","server.address":"127.0.0.1","server.port":44089,"url.scheme":"http","url.path":"/v1/frame","network.protocol.version":"2"},{"Message":"ConnectionId:0HNOB311VDJGM","ConnectionId":"0HNOB311VDJGM"},{"Message":"RequestPath:/v1/frame RequestId:0HNOB311VDJGM:00000007","RequestId":"0HNOB311VDJGM:00000007","RequestPath":"/v1/frame"}]}
{"Timestamp":"2026-09-05T06:38:16.108Z","EventId":2,"LogLevel":"Information","Category":"Microsoft.AspNetCore.Hosting.Diagnostics","Message":"Request finished HTTP/2 POST http://127.0.0.1:44089/v1/frame - 200 - application/x-sonnetdb-frame 6.5541ms","State":{"ElapsedMilliseconds":6.5541,"StatusCode":200,"ContentType":"application/x-sonnetdb-frame","ContentLength":null,"Protocol":"HTTP/2","Method":"POST","Scheme":"http","Host":"127.0.0.1:44089","PathBase":"","Path":"/v1/frame","QueryString":"","{OriginalFormat}":"Request finished {Protocol} {Method} {Scheme}://{Host}{PathBase}{Path}{QueryString} - {StatusCode} {ContentLength} {ContentType} {ElapsedMilliseconds}ms"},"Scopes":[{"Message":"SpanId:d43bfd984b3406c1, TraceId:7054abc53706297c035590e1094b0ca1, ParentId:adcc2ca7417b1c7d","SpanId":"d43bfd984b3406c1","TraceId":"7054abc53706297c035590e1094b0ca1","ParentId":"adcc2ca7417b1c7d"},{"Message":"http.request.method:POST, server.address:127.0.0.1, server.port:44089, url.scheme:http, url.path:/v1/frame, network.protocol.version:2","http.request.method":"POST","server.address":"127.0.0.1","server.port":44089,"url.scheme":"http","url.path":"/v1/frame","network.protocol.version":"2"},{"Message":"ConnectionId:0HNOB311VDJGM","ConnectionId":"0HNOB311VDJGM"},{"Message":"RequestPath:/v1/frame RequestId:0HNOB311VDJGM:00000007","RequestId":"0HNOB311VDJGM:00000007","RequestPath":"/v1/frame"}]}
{"Timestamp":"2026-09-05T06:38:16.139Z","EventId":1,"LogLevel":"Information","Category":"Microsoft.AspNetCore.Hosting.Diagnostics","Message":"Request starting HTTP/2 POST http://127.0.0.1:44089/v1/db/transport_parity/mq/mq_frame/stats - application/json;\u002Bcharset=utf-8 -","State":{"Protocol":"HTTP/2","Method":"POST","ContentType":"application/json; charset=utf-8","ContentLength":null,"Scheme":"http","Host":"127.0.0.1:44089","PathBase":"","Path":"/v1/db/transport_parity/mq/mq_frame/stats","QueryString":"","{OriginalFormat}":"Request starting {Protocol} {Method} {Scheme}://{Host}{PathBase}{Path}{QueryString} - {ContentType} {ContentLength}"},"Scopes":[{"Message":"SpanId:c4a23305f41bb11b, TraceId:6170295eab21d56f151fd30b4778f7e4, ParentId:64025099164424ee","SpanId":"c4a23305f41bb11b","TraceId":"6170295eab21d56f151fd30b4778f7e4","ParentId":"64025099164424ee"},{"Message":"http.request.method:POST, server.address:127.0.0.1, server.port:44089, url.scheme:http, url.path:/v1/db/transport_parity/mq/mq_frame/stats, network.protocol.version:2","http.request.method":"POST","server.address":"127.0.0.1","server.port":44089,"url.scheme":"http","url.path":"/v1/db/transport_parity/mq/mq_frame/stats","network.protocol.version":"2"},{"Message":"ConnectionId:0HNOB311VDJGM","ConnectionId":"0HNOB311VDJGM"},{"Message":"RequestPath:/v1/db/transport_parity/mq/mq_frame/stats RequestId:0HNOB311VDJGM:00000009","RequestId":"0HNOB311VDJGM:00000009","RequestPath":"/v1/db/transport_parity/mq/mq_frame/stats"}]}
{"Timestamp":"2026-09-05T06:38:16.140Z","EventId":0,"LogLevel":"Information","Category":"Microsoft.AspNetCore.Routing.EndpointMiddleware","Message":"Executing endpoint \u0027HTTP: POST /v1/db/{db}/mq/{topic}/stats\u0027","State":{"EndpointName":"HTTP: POST /v1/db/{db}/mq/{topic}/stats","{OriginalFormat}":"Executing endpoint \u0027{EndpointName}\u0027"},"Scopes":[{"Message":"SpanId:c4a23305f41bb11b, TraceId:6170295eab21d56f151fd30b4778f7e4, ParentId:64025099164424ee","SpanId":"c4a23305f41bb11b","TraceId":"6170295eab21d56f151fd30b4778f7e4","ParentId":"64025099164424ee"},{"Message":"http.request.method:POST, server.address:127.0.0.1, server.port:44089, url.scheme:http, url.path:/v1/db/transport_parity/mq/mq_frame/stats, network.protocol.version:2","http.request.method":"POST","server.address":"127.0.0.1","server.port":44089,"url.scheme":"http","url.path":"/v1/db/transport_parity/mq/mq_frame/stats","network.protocol.version":"2"},{"Message":"ConnectionId:0HNOB311VDJGM","ConnectionId":"0HNOB311VDJGM"},{"Message":"RequestPath:/v1/db/transport_parity/mq/mq_frame/stats RequestId:0HNOB311VDJGM:00000009","RequestId":"0HNOB311VDJGM:00000009","RequestPath":"/v1/db/transport_parity/mq/mq_frame/stats"}]}
{"Timestamp":"2026-09-05T06:38:16.148Z","EventId":3,"LogLevel":"Information","Category":"Microsoft.AspNetCore.Http.Result.JsonResult","Message":"Writing value of type \u0027MqStatsResponse\u0027 as Json.","State":{"Type":"MqStatsResponse","{OriginalFormat}":"Writing value of type \u0027{Type}\u0027 as Json."},"Scopes":[{"Message":"SpanId:c4a23305f41bb11b, TraceId:6170295eab21d56f151fd30b4778f7e4, ParentId:64025099164424ee","SpanId":"c4a23305f41bb11b","TraceId":"6170295eab21d56f151fd30b4778f7e4","ParentId":"64025099164424ee"},{"Message":"http.request.method:POST, server.address:127.0.0.1, server.port:44089, url.scheme:http, url.path:/v1/db/transport_parity/mq/mq_frame/stats, network.protocol.version:2","http.request.method":"POST","server.address":"127.0.0.1","server.port":44089,"url.scheme":"http","url.path":"/v1/db/transport_parity/mq/mq_frame/stats","network.protocol.version":"2"},{"Message":"ConnectionId:0HNOB311VDJGM","ConnectionId":"0HNOB311VDJGM"},{"Message":"RequestPath:/v1/db/transport_parity/mq/mq_frame/stats RequestId:0HNOB311VDJGM:00000009","RequestId":"0HNOB311VDJGM:00000009","RequestPath":"/v1/db/transport_parity/mq/mq_frame/stats"}]}
{"Timestamp":"2026-09-05T06:38:16.152Z","EventId":1,"LogLevel":"Information","Category":"Microsoft.AspNetCore.Routing.EndpointMiddleware","Message":"Executed endpoint \u0027HTTP: POST /v1/db/{db}/mq/{topic}/stats\u0027","State":{"EndpointName":"HTTP: POST /v1/db/{db}/mq/{topic}/stats","{OriginalFormat}":"Executed endpoint \u0027{EndpointName}\u0027"},"Scopes":[{"Message":"SpanId:c4a23305f41bb11b, TraceId:6170295eab21d56f151fd30b4778f7e4, ParentId:64025099164424ee","SpanId":"c4a23305f41bb11b","TraceId":"6170295eab21d56f151fd30b4778f7e4","ParentId":"64025099164424ee"},{"Message":"http.request.method:POST, server.address:127.0.0.1, server.port:44089, url.scheme:http, url.path:/v1/db/transport_parity/mq/mq_frame/stats, network.protocol.version:2","http.request.method":"POST","server.address":"127.0.0.1","server.port":44089,"url.scheme":"http","url.path":"/v1/db/transport_parity/mq/mq_frame/stats","network.protocol.version":"2"},{"Message":"ConnectionId:0HNOB311VDJGM","ConnectionId":"0HNOB311VDJGM"},{"Message":"RequestPath:/v1/db/transport_parity/mq/mq_frame/stats RequestId:0HNOB311VDJGM:00000009","RequestId":"0HNOB311VDJGM:00000009","RequestPath":"/v1/db/transport_parity/mq/mq_frame/stats"}]}
{"Timestamp":"2026-09-05T06:38:16.152Z","EventId":2,"LogLevel":"Information","Category":"Microsoft.AspNetCore.Hosting.Diagnostics","Message":"Request finished HTTP/2 POST http://127.0.0.1:44089/v1/db/transport_parity/mq/mq_frame/stats - 200 - application/json;\u002Bcharset=utf-8 13.0562ms","State":{"ElapsedMilliseconds":13.0562,"StatusCode":200,"ContentType":"application/json; charset=utf-8","ContentLength":null,"Protocol":"HTTP/2","Method":"POST","Scheme":"http","Host":"127.0.0.1:44089","PathBase":"","Path":"/v1/db/transport_parity/mq/mq_frame/stats","QueryString":"","{OriginalFormat}":"Request finished {Protocol} {Method} {Scheme}://{Host}{PathBase}{Path}{QueryString} - {StatusCode} {ContentLength} {ContentType} {ElapsedMilliseconds}ms"},"Scopes":[{"Message":"SpanId:c4a23305f41bb11b, TraceId:6170295eab21d56f151fd30b4778f7e4, ParentId:64025099164424ee","SpanId":"c4a23305f41bb11b","TraceId":"6170295eab21d56f151fd30b4778f7e4","ParentId":"64025099164424ee"},{"Message":"http.request.method:POST, server.address:127.0.0.1, server.port:44089, url.scheme:http, url.path:/v1/db/transport_parity/mq/mq_frame/stats, network.protocol.version:2","http.request.method":"POST","server.address":"127.0.0.1","server.port":44089,"url.scheme":"http","url.path":"/v1/db/transport_parity/mq/mq_frame/stats","network.protocol.version":"2"},{"Message":"ConnectionId:0HNOB311VDJGM","ConnectionId":"0HNOB311VDJGM"},{"Message":"RequestPath:/v1/db/transport_parity/mq/mq_frame/stats RequestId:0HNOB311VDJGM:00000009","RequestId":"0HNOB311VDJGM:00000009","RequestPath":"/v1/db/transport_parity/mq/mq_frame/stats"}]}
{"Timestamp":"2026-09-05T06:38:16.169Z","EventId":1,"LogLevel":"Information","Category":"Microsoft.AspNetCore.Hosting.Diagnostics","Message":"Request starting HTTP/1.1 POST http://127.0.0.1:38211/v1/db/transport_parity/mq/mq_rest/publish - application/json;\u002Bcharset=utf-8 -","State":{"Protocol":"HTTP/1.1","Method":"POST","ContentType":"application/json; charset=utf-8","ContentLength":null,"Scheme":"http","Host":"127.0.0.1:38211","PathBase":"","Path":"/v1/db/transport_parity/mq/mq_rest/publish","QueryString":"","{OriginalFormat}":"Request starting {Protocol} {Method} {Scheme}://{Host}{PathBase}{Path}{QueryString} - {ContentType} {ContentLength}"},"Scopes":[{"Message":"SpanId:a478dc7d9ee3908a, TraceId:2f5283b1544b43983f5a7f5c4e8d1920, ParentId:8961e3e4c857d100","SpanId":"a478dc7d9ee3908a","TraceId":"2f5283b1544b43983f5a7f5c4e8d1920","ParentId":"8961e3e4c857d100"},{"Message":"http.request.method:POST, server.address:127.0.0.1, server.port:38211, url.scheme:http, url.path:/v1/db/transport_parity/mq/mq_rest/publish, network.protocol.version:1.1","http.request.method":"POST","server.address":"127.0.0.1","server.port":38211,"url.scheme":"http","url.path":"/v1/db/transport_parity/mq/mq_rest/publish","network.protocol.version":"1.1"},{"Message":"ConnectionId:0HNOB311VDJGN","ConnectionId":"0HNOB311VDJGN"},{"Message":"RequestPath:/v1/db/transport_parity/mq/mq_rest/publish RequestId:0HNOB311VDJGN:00000001","RequestId":"0HNOB311VDJGN:00000001","RequestPath":"/v1/db/transport_parity/mq/mq_rest/publish"}]}
{"Timestamp":"2026-09-05T06:38:16.172Z","EventId":0,"LogLevel":"Information","Category":"Microsoft.AspNetCore.Routing.EndpointMiddleware","Message":"Executing endpoint \u0027HTTP: POST /v1/db/{db}/mq/{topic}/publish\u0027","State":{"EndpointName":"HTTP: POST /v1/db/{db}/mq/{topic}/publish","{OriginalFormat}":"Executing endpoint \u0027{EndpointName}\u0027"},"Scopes":[{"Message":"SpanId:a478dc7d9ee3908a, TraceId:2f5283b1544b43983f5a7f5c4e8d1920, ParentId:8961e3e4c857d100","SpanId":"a478dc7d9ee3908a","TraceId":"2f5283b1544b43983f5a7f5c4e8d1920","ParentId":"8961e3e4c857d100"},{"Message":"http.request.method:POST, server.address:127.0.0.1, server.port:38211, url.scheme:http, url.path:/v1/db/transport_parity/mq/mq_rest/publish, network.protocol.version:1.1","http.request.method":"POST","server.address":"127.0.0.1","server.port":38211,"url.scheme":"http","url.path":"/v1/db/transport_parity/mq/mq_rest/publish","network.protocol.version":"1.1"},{"Message":"ConnectionId:0HNOB311VDJGN","ConnectionId":"0HNOB311VDJGN"},{"Message":"RequestPath:/v1/db/transport_parity/mq/mq_rest/publish RequestId:0HNOB311VDJGN:00000001","RequestId":"0HNOB311VDJGN:00000001","RequestPath":"/v1/db/transport_parity/mq/mq_rest/publish"}]}
{"Timestamp":"2026-09-05T06:38:16.182Z","EventId":1,"LogLevel":"Information","Category":"Microsoft.AspNetCore.Routing.EndpointMiddleware","Message":"Executed endpoint \u0027HTTP: POST /v1/db/{db}/mq/{topic}/publish\u0027","State":{"EndpointName":"HTTP: POST /v1/db/{db}/mq/{topic}/publish","{OriginalFormat}":"Executed endpoint \u0027{EndpointName}\u0027"},"Scopes":[{"Message":"SpanId:a478dc7d9ee3908a, TraceId:2f5283b1544b43983f5a7f5c4e8d1920, ParentId:8961e3e4c857d100","SpanId":"a478dc7d9ee3908a","TraceId":"2f5283b1544b43983f5a7f5c4e8d1920","ParentId":"8961e3e4c857d100"},{"Message":"http.request.method:POST, server.address:127.0.0.1, server.port:38211, url.scheme:http, url.path:/v1/db/transport_parity/mq/mq_rest/publish, network.protocol.version:1.1","http.request.method":"POST","server.address":"127.0.0.1","server.port":38211,"url.scheme":"http","url.path":"/v1/db/transport_parity/mq/mq_rest/publish","network.protocol.version":"1.1"},{"Message":"ConnectionId:0HNOB311VDJGN","ConnectionId":"0HNOB311VDJGN"},{"Message":"RequestPath:/v1/db/transport_parity/mq/mq_rest/publish RequestId:0HNOB311VDJGN:00000001","RequestId":"0HNOB311VDJGN:00000001","RequestPath":"/v1/db/transport_parity/mq/mq_rest/publish"}]}
{"Timestamp":"2026-09-05T06:38:16.183Z","EventId":2,"LogLevel":"Information","Category":"Microsoft.AspNetCore.Hosting.Diagnostics","Message":"Request finished HTTP/1.1 POST http://127.0.0.1:38211/v1/db/transport_parity/mq/mq_rest/publish - 201 - application/json;\u002Bcharset=utf-8 13.0089ms","State":{"ElapsedMilliseconds":13.0089,"StatusCode":201,"ContentType":"application/json; charset=utf-8","ContentLength":null,"Protocol":"HTTP/1.1","Method":"POST","Scheme":"http","Host":"127.0.0.1:38211","PathBase":"","Path":"/v1/db/transport_parity/mq/mq_rest/publish","QueryString":"","{OriginalFormat}":"Request finished {Protocol} {Method} {Scheme}://{Host}{PathBase}{Path}{QueryString} - {StatusCode} {ContentLength} {ContentType} {ElapsedMilliseconds}ms"},"Scopes":[{"Message":"SpanId:a478dc7d9ee3908a, TraceId:2f5283b1544b43983f5a7f5c4e8d1920, ParentId:8961e3e4c857d100","SpanId":"a478dc7d9ee3908a","TraceId":"2f5283b1544b43983f5a7f5c4e8d1920","ParentId":"8961e3e4c857d100"},{"Message":"http.request.method:POST, server.address:127.0.0.1, server.port:38211, url.scheme:http, url.path:/v1/db/transport_parity/mq/mq_rest/publish, network.protocol.version:1.1","http.request.method":"POST","server.address":"127.0.0.1","server.port":38211,"url.scheme":"http","url.path":"/v1/db/transport_parity/mq/mq_rest/publish","network.protocol.version":"1.1"},{"Message":"ConnectionId:0HNOB311VDJGN","ConnectionId":"0HNOB311VDJGN"},{"Message":"RequestPath:/v1/db/transport_parity/mq/mq_rest/publish RequestId:0HNOB311VDJGN:00000001","RequestId":"0HNOB311VDJGN:00000001","RequestPath":"/v1/db/transport_parity/mq/mq_rest/publish"}]}
{"Timestamp":"2026-09-05T06:38:16.194Z","EventId":1,"LogLevel":"Information","Category":"Microsoft.AspNetCore.Hosting.Diagnostics","Message":"Request starting HTTP/1.1 POST http://127.0.0.1:38211/v1/db/transport_parity/mq/mq_rest/publish-batch - application/json;\u002Bcharset=utf-8 -","State":{"Protocol":"HTTP/1.1","Method":"POST","ContentType":"application/json; charset=utf-8","ContentLength":null,"Scheme":"http","Host":"127.0.0.1:38211","PathBase":"","Path":"/v1/db/transport_parity/mq/mq_rest/publish-batch","QueryString":"","{OriginalFormat}":"Request starting {Protocol} {Method} {Scheme}://{Host}{PathBase}{Path}{QueryString} - {ContentType} {ContentLength}"},"Scopes":[{"Message":"SpanId:242a3072d7f2b2c3, TraceId:07e3196581f436face53671d3b302379, ParentId:0b842ec688ddd7c5","SpanId":"242a3072d7f2b2c3","TraceId":"07e3196581f436face53671d3b302379","ParentId":"0b842ec688ddd7c5"},{"Message":"http.request.method:POST, server.address:127.0.0.1, server.port:38211, url.scheme:http, url.path:/v1/db/transport_parity/mq/mq_rest/publish-batch, network.protocol.version:1.1","http.request.method":"POST","server.address":"127.0.0.1","server.port":38211,"url.scheme":"http","url.path":"/v1/db/transport_parity/mq/mq_rest/publish-batch","network.protocol.version":"1.1"},{"Message":"ConnectionId:0HNOB311VDJGN","ConnectionId":"0HNOB311VDJGN"},{"Message":"RequestPath:/v1/db/transport_parity/mq/mq_rest/publish-batch RequestId:0HNOB311VDJGN:00000002","RequestId":"0HNOB311VDJGN:00000002","RequestPath":"/v1/db/transport_parity/mq/mq_rest/publish-batch"}]}
{"Timestamp":"2026-09-05T06:38:16.194Z","EventId":0,"LogLevel":"Information","Category":"Microsoft.AspNetCore.Routing.EndpointMiddleware","Message":"Executing endpoint \u0027HTTP: POST /v1/db/{db}/mq/{topic}/publish-batch\u0027","State":{"EndpointName":"HTTP: POST /v1/db/{db}/mq/{topic}/publish-batch","{OriginalFormat}":"Executing endpoint \u0027{EndpointName}\u0027"},"Scopes":[{"Message":"SpanId:242a3072d7f2b2c3, TraceId:07e3196581f436face53671d3b302379, ParentId:0b842ec688ddd7c5","SpanId":"242a3072d7f2b2c3","TraceId":"07e3196581f436face53671d3b302379","ParentId":"0b842ec688ddd7c5"},{"Message":"http.request.method:POST, server.address:127.0.0.1, server.port:38211, url.scheme:http, url.path:/v1/db/transport_parity/mq/mq_rest/publish-batch, network.protocol.version:1.1","http.request.method":"POST","server.address":"127.0.0.1","server.port":38211,"url.scheme":"http","url.path":"/v1/db/transport_parity/mq/mq_rest/publish-batch","network.protocol.version":"1.1"},{"Message":"ConnectionId:0HNOB311VDJGN","ConnectionId":"0HNOB311VDJGN"},{"Message":"RequestPath:/v1/db/transport_parity/mq/mq_rest/publish-batch RequestId:0HNOB311VDJGN:00000002","RequestId":"0HNOB311VDJGN:00000002","RequestPath":"/v1/db/transport_parity/mq/mq_rest/publish-batch"}]}
{"Timestamp":"2026-09-05T06:38:16.206Z","EventId":1,"LogLevel":"Information","Category":"Microsoft.AspNetCore.Routing.EndpointMiddleware","Message":"Executed endpoint \u0027HTTP: POST /v1/db/{db}/mq/{topic}/publish-batch\u0027","State":{"EndpointName":"HTTP: POST /v1/db/{db}/mq/{topic}/publish-batch","{OriginalFormat}":"Executed endpoint \u0027{EndpointName}\u0027"},"Scopes":[{"Message":"SpanId:242a3072d7f2b2c3, TraceId:07e3196581f436face53671d3b302379, ParentId:0b842ec688ddd7c5","SpanId":"242a3072d7f2b2c3","TraceId":"07e3196581f436face53671d3b302379","ParentId":"0b842ec688ddd7c5"},{"Message":"http.request.method:POST, server.address:127.0.0.1, server.port:38211, url.scheme:http, url.path:/v1/db/transport_parity/mq/mq_rest/publish-batch, network.protocol.version:1.1","http.request.method":"POST","server.address":"127.0.0.1","server.port":38211,"url.scheme":"http","url.path":"/v1/db/transport_parity/mq/mq_rest/publish-batch","network.protocol.version":"1.1"},{"Message":"ConnectionId:0HNOB311VDJGN","ConnectionId":"0HNOB311VDJGN"},{"Message":"RequestPath:/v1/db/transport_parity/mq/mq_rest/publish-batch RequestId:0HNOB311VDJGN:00000002","RequestId":"0HNOB311VDJGN:00000002","RequestPath":"/v1/db/transport_parity/mq/mq_rest/publish-batch"}]}
{"Timestamp":"2026-09-05T06:38:16.206Z","EventId":2,"LogLevel":"Information","Category":"Microsoft.AspNetCore.Hosting.Diagnostics","Message":"Request finished HTTP/1.1 POST http://127.0.0.1:38211/v1/db/transport_parity/mq/mq_rest/publish-batch - 201 - application/json;\u002Bcharset=utf-8 12.2803ms","State":{"ElapsedMilliseconds":12.2803,"StatusCode":201,"ContentType":"application/json; charset=utf-8","ContentLength":null,"Protocol":"HTTP/1.1","Method":"POST","Scheme":"http","Host":"127.0.0.1:38211","PathBase":"","Path":"/v1/db/transport_parity/mq/mq_rest/publish-batch","QueryString":"","{OriginalFormat}":"Request finished {Protocol} {Method} {Scheme}://{Host}{PathBase}{Path}{QueryString} - {StatusCode} {ContentLength} {ContentType} {ElapsedMilliseconds}ms"},"Scopes":[{"Message":"SpanId:242a3072d7f2b2c3, TraceId:07e3196581f436face53671d3b302379, ParentId:0b842ec688ddd7c5","SpanId":"242a3072d7f2b2c3","TraceId":"07e3196581f436face53671d3b302379","ParentId":"0b842ec688ddd7c5"},{"Message":"http.request.method:POST, server.address:127.0.0.1, server.port:38211, url.scheme:http, url.path:/v1/db/transport_parity/mq/mq_rest/publish-batch, network.protocol.version:1.1","http.request.method":"POST","server.address":"127.0.0.1","server.port":38211,"url.scheme":"http","url.path":"/v1/db/transport_parity/mq/mq_rest/publish-batch","network.protocol.version":"1.1"},{"Message":"ConnectionId:0HNOB311VDJGN","ConnectionId":"0HNOB311VDJGN"},{"Message":"RequestPath:/v1/db/transport_parity/mq/mq_rest/publish-batch RequestId:0HNOB311VDJGN:00000002","RequestId":"0HNOB311VDJGN:00000002","RequestPath":"/v1/db/transport_parity/mq/mq_rest/publish-batch"}]}
{"Timestamp":"2026-09-05T06:38:16.211Z","EventId":1,"LogLevel":"Information","Category":"Microsoft.AspNetCore.Hosting.Diagnostics","Message":"Request starting HTTP/1.1 POST http://127.0.0.1:38211/v1/db/transport_parity/mq/mq_rest/pull - application/json;\u002Bcharset=utf-8 -","State":{"Protocol":"HTTP/1.1","Method":"POST","ContentType":"application/json; charset=utf-8","ContentLength":null,"Scheme":"http","Host":"127.0.0.1:38211","PathBase":"","Path":"/v1/db/transport_parity/mq/mq_rest/pull","QueryString":"","{OriginalFormat}":"Request starting {Protocol} {Method} {Scheme}://{Host}{PathBase}{Path}{QueryString} - {ContentType} {ContentLength}"},"Scopes":[{"Message":"SpanId:437b8c2661bd4d06, TraceId:52ab41f659bfbb2308af910e64f53261, ParentId:7d809b4a8f3817c7","SpanId":"437b8c2661bd4d06","TraceId":"52ab41f659bfbb2308af910e64f53261","ParentId":"7d809b4a8f3817c7"},{"Message":"http.request.method:POST, server.address:127.0.0.1, server.port:38211, url.scheme:http, url.path:/v1/db/transport_parity/mq/mq_rest/pull, network.protocol.version:1.1","http.request.method":"POST","server.address":"127.0.0.1","server.port":38211,"url.scheme":"http","url.path":"/v1/db/transport_parity/mq/mq_rest/pull","network.protocol.version":"1.1"},{"Message":"ConnectionId:0HNOB311VDJGN","ConnectionId":"0HNOB311VDJGN"},{"Message":"RequestPath:/v1/db/transport_parity/mq/mq_rest/pull RequestId:0HNOB311VDJGN:00000003","RequestId":"0HNOB311VDJGN:00000003","RequestPath":"/v1/db/transport_parity/mq/mq_rest/pull"}]}
{"Timestamp":"2026-09-05T06:38:16.212Z","EventId":0,"LogLevel":"Information","Category":"Microsoft.AspNetCore.Routing.EndpointMiddleware","Message":"Executing endpoint \u0027HTTP: POST /v1/db/{db}/mq/{topic}/pull\u0027","State":{"EndpointName":"HTTP: POST /v1/db/{db}/mq/{topic}/pull","{OriginalFormat}":"Executing endpoint \u0027{EndpointName}\u0027"},"Scopes":[{"Message":"SpanId:437b8c2661bd4d06, TraceId:52ab41f659bfbb2308af910e64f53261, ParentId:7d809b4a8f3817c7","SpanId":"437b8c2661bd4d06","TraceId":"52ab41f659bfbb2308af910e64f53261","ParentId":"7d809b4a8f3817c7"},{"Message":"http.request.method:POST, server.address:127.0.0.1, server.port:38211, url.scheme:http, url.path:/v1/db/transport_parity/mq/mq_rest/pull, network.protocol.version:1.1","http.request.method":"POST","server.address":"127.0.0.1","server.port":38211,"url.scheme":"http","url.path":"/v1/db/transport_parity/mq/mq_rest/pull","network.protocol.version":"1.1"},{"Message":"ConnectionId:0HNOB311VDJGN","ConnectionId":"0HNOB311VDJGN"},{"Message":"RequestPath:/v1/db/transport_parity/mq/mq_rest/pull RequestId:0HNOB311VDJGN:00000003","RequestId":"0HNOB311VDJGN:00000003","RequestPath":"/v1/db/transport_parity/mq/mq_rest/pull"}]}
[...]
{"Timestamp":"2026-09-05T06:39:38.669Z","EventId":0,"LogLevel":"Information","Category":"Microsoft.AspNetCore.Routing.EndpointMiddleware","Message":"Executing endpoint \u0027HTTP: POST /v1/db/{db}/sql\u0027","State":{"EndpointName":"HTTP: POST /v1/db/{db}/sql","{OriginalFormat}":"Executing endpoint \u0027{EndpointName}\u0027"},"Scopes":[{"Message":"SpanId:6a6206b962afa6da, TraceId:48e66c262758ff8d7f8c9ce55c3cbf2d, ParentId:ff3a04aecfede5d6","SpanId":"6a6206b962afa6da","TraceId":"48e66c262758ff8d7f8c9ce55c3cbf2d","ParentId":"ff3a04aecfede5d6"},{"Message":"http.request.method:POST, server.address:127.0.0.1, server.port:37867, url.scheme:http, url.path:/v1/db/protocol_http/sql, network.protocol.version:1.1","http.request.method":"POST","server.address":"127.0.0.1","server.port":37867,"url.scheme":"http","url.path":"/v1/db/protocol_http/sql","network.protocol.version":"1.1"},{"Message":"ConnectionId:0HNOB311VDJH6","ConnectionId":"0HNOB311VDJH6"},{"Message":"RequestPath:/v1/db/protocol_http/sql RequestId:0HNOB311VDJH6:00000001","RequestId":"0HNOB311VDJH6:00000001","RequestPath":"/v1/db/protocol_http/sql"}]}
{"Timestamp":"2026-09-05T06:39:38.670Z","EventId":1,"LogLevel":"Information","Category":"Microsoft.AspNetCore.Routing.EndpointMiddleware","Message":"Executed endpoint \u0027HTTP: POST /v1/db/{db}/sql\u0027","State":{"EndpointName":"HTTP: POST /v1/db/{db}/sql","{OriginalFormat}":"Executed endpoint \u0027{EndpointName}\u0027"},"Scopes":[{"Message":"SpanId:6a6206b962afa6da, TraceId:48e66c262758ff8d7f8c9ce55c3cbf2d, ParentId:ff3a04aecfede5d6","SpanId":"6a6206b962afa6da","TraceId":"48e66c262758ff8d7f8c9ce55c3cbf2d","ParentId":"ff3a04aecfede5d6"},{"Message":"http.request.method:POST, server.address:127.0.0.1, server.port:37867, url.scheme:http, url.path:/v1/db/protocol_http/sql, network.protocol.version:1.1","http.request.method":"POST","server.address":"127.0.0.1","server.port":37867,"url.scheme":"http","url.path":"/v1/db/protocol_http/sql","network.protocol.version":"1.1"},{"Message":"ConnectionId:0HNOB311VDJH6","ConnectionId":"0HNOB311VDJH6"},{"Message":"RequestPath:/v1/db/protocol_http/sql RequestId:0HNOB311VDJH6:00000001","RequestId":"0HNOB311VDJH6:00000001","RequestPath":"/v1/db/protocol_http/sql"}]}
{"Timestamp":"2026-09-05T06:39:38.670Z","EventId":2,"LogLevel":"Information","Category":"Microsoft.AspNetCore.Hosting.Diagnostics","Message":"Request finished HTTP/1.1 POST http://127.0.0.1:37867/v1/db/protocol_http/sql - 200 - application/x-ndjson;\u002Bcharset=utf-8 0.8673ms","State":{"ElapsedMilliseconds":0.8673,"StatusCode":200,"ContentType":"application/x-ndjson; charset=utf-8","ContentLength":null,"Protocol":"HTTP/1.1","Method":"POST","Scheme":"http","Host":"127.0.0.1:37867","PathBase":"","Path":"/v1/db/protocol_http/sql","QueryString":"","{OriginalFormat}":"Request finished {Protocol} {Method} {Scheme}://{Host}{PathBase}{Path}{QueryString} - {StatusCode} {ContentLength} {ContentType} {ElapsedMilliseconds}ms"},"Scopes":[{"Message":"SpanId:6a6206b962afa6da, TraceId:48e66c262758ff8d7f8c9ce55c3cbf2d, ParentId:ff3a04aecfede5d6","SpanId":"6a6206b962afa6da","TraceId":"48e66c262758ff8d7f8c9ce55c3cbf2d","ParentId":"ff3a04aecfede5d6"},{"Message":"http.request.method:POST, server.address:127.0.0.1, server.port:37867, url.scheme:http, url.path:/v1/db/protocol_http/sql, network.protocol.version:1.1","http.request.method":"POST","server.address":"127.0.0.1","server.port":37867,"url.scheme":"http","url.path":"/v1/db/protocol_http/sql","network.protocol.version":"1.1"},{"Message":"ConnectionId:0HNOB311VDJH6","ConnectionId":"0HNOB311VDJH6"},{"Message":"RequestPath:/v1/db/protocol_http/sql RequestId:0HNOB311VDJH6:00000001","RequestId":"0HNOB311VDJH6:00000001","RequestPath":"/v1/db/protocol_http/sql"}]}
{"Timestamp":"2026-09-05T06:39:38.671Z","EventId":1,"LogLevel":"Information","Category":"Microsoft.AspNetCore.Hosting.Diagnostics","Message":"Request starting HTTP/1.1 POST http://127.0.0.1:37867/v1/db/protocol_udp/sql - application/json;\u002Bcharset=utf-8 66","State":{"Protocol":"HTTP/1.1","Method":"POST","ContentType":"application/json; charset=utf-8","ContentLength":66,"Scheme":"http","Host":"127.0.0.1:37867","PathBase":"","Path":"/v1/db/protocol_udp/sql","QueryString":"","{OriginalFormat}":"Request starting {Protocol} {Method} {Scheme}://{Host}{PathBase}{Path}{QueryString} - {ContentType} {ContentLength}"},"Scopes":[{"Message":"SpanId:cac61bcd997051a5, TraceId:d3b6b4979a02798cb97b9e93777c2c15, ParentId:02a508329837f108","SpanId":"cac61bcd997051a5","TraceId":"d3b6b4979a02798cb97b9e93777c2c15","ParentId":"02a508329837f108"},{"Message":"http.request.method:POST, server.address:127.0.0.1, server.port:37867, url.scheme:http, url.path:/v1/db/protocol_udp/sql, network.protocol.version:1.1","http.request.method":"POST","server.address":"127.0.0.1","server.port":37867,"url.scheme":"http","url.path":"/v1/db/protocol_udp/sql","network.protocol.version":"1.1"},{"Message":"ConnectionId:0HNOB311VDJH6","ConnectionId":"0HNOB311VDJH6"},{"Message":"RequestPath:/v1/db/protocol_udp/sql RequestId:0HNOB311VDJH6:00000002","RequestId":"0HNOB311VDJH6:00000002","RequestPath":"/v1/db/protocol_udp/sql"}]}
{"Timestamp":"2026-09-05T06:39:38.671Z","EventId":0,"LogLevel":"Information","Category":"Microsoft.AspNetCore.Routing.EndpointMiddleware","Message":"Executing endpoint \u0027HTTP: POST /v1/db/{db}/sql\u0027","State":{"EndpointName":"HTTP: POST /v1/db/{db}/sql","{OriginalFormat}":"Executing endpoint \u0027{EndpointName}\u0027"},"Scopes":[{"Message":"SpanId:cac61bcd997051a5, TraceId:d3b6b4979a02798cb97b9e93777c2c15, ParentId:02a508329837f108","SpanId":"cac61bcd997051a5","TraceId":"d3b6b4979a02798cb97b9e93777c2c15","ParentId":"02a508329837f108"},{"Message":"http.request.method:POST, server.address:127.0.0.1, server.port:37867, url.scheme:http, url.path:/v1/db/protocol_udp/sql, network.protocol.version:1.1","http.request.method":"POST","server.address":"127.0.0.1","server.port":37867,"url.scheme":"http","url.path":"/v1/db/protocol_udp/sql","network.protocol.version":"1.1"},{"Message":"ConnectionId:0HNOB311VDJH6","ConnectionId":"0HNOB311VDJH6"},{"Message":"RequestPath:/v1/db/protocol_udp/sql RequestId:0HNOB311VDJH6:00000002","RequestId":"0HNOB311VDJH6:00000002","RequestPath":"/v1/db/protocol_udp/sql"}]}
{"Timestamp":"2026-09-05T06:39:38.671Z","EventId":1,"LogLevel":"Information","Category":"Microsoft.AspNetCore.Routing.EndpointMiddleware","Message":"Executed endpoint \u0027HTTP: POST /v1/db/{db}/sql\u0027","State":{"EndpointName":"HTTP: POST /v1/db/{db}/sql","{OriginalFormat}":"Executed endpoint \u0027{EndpointName}\u0027"},"Scopes":[{"Message":"SpanId:cac61bcd997051a5, TraceId:d3b6b4979a02798cb97b9e93777c2c15, ParentId:02a508329837f108","SpanId":"cac61bcd997051a5","TraceId":"d3b6b4979a02798cb97b9e93777c2c15","ParentId":"02a508329837f108"},{"Message":"http.request.method:POST, server.address:127.0.0.1, server.port:37867, url.scheme:http, url.path:/v1/db/protocol_udp/sql, network.protocol.version:1.1","http.request.method":"POST","server.address":"127.0.0.1","server.port":37867,"url.scheme":"http","url.path":"/v1/db/protocol_udp/sql","network.protocol.version":"1.1"},{"Message":"ConnectionId:0HNOB311VDJH6","ConnectionId":"0HNOB311VDJH6"},{"Message":"RequestPath:/v1/db/protocol_udp/sql RequestId:0HNOB311VDJH6:00000002","RequestId":"0HNOB311VDJH6:00000002","RequestPath":"/v1/db/protocol_udp/sql"}]}
{"Timestamp":"2026-09-05T06:39:38.672Z","EventId":2,"LogLevel":"Information","Category":"Microsoft.AspNetCore.Hosting.Diagnostics","Message":"Request finished HTTP/1.1 POST http://127.0.0.1:37867/v1/db/protocol_udp/sql - 200 - application/x-ndjson;\u002Bcharset=utf-8 0.5581ms","State":{"ElapsedMilliseconds":0.5581,"StatusCode":200,"ContentType":"application/x-ndjson; charset=utf-8","ContentLength":null,"Protocol":"HTTP/1.1","Method":"POST","Scheme":"http","Host":"127.0.0.1:37867","PathBase":"","Path":"/v1/db/protocol_udp/sql","QueryString":"","{OriginalFormat}":"Request finished {Protocol} {Method} {Scheme}://{Host}{PathBase}{Path}{QueryString} - {StatusCode} {ContentLength} {ContentType} {ElapsedMilliseconds}ms"},"Scopes":[{"Message":"SpanId:cac61bcd997051a5, TraceId:d3b6b4979a02798cb97b9e93777c2c15, ParentId:02a508329837f108","SpanId":"cac61bcd997051a5","TraceId":"d3b6b4979a02798cb97b9e93777c2c15","ParentId":"02a508329837f108"},{"Message":"http.request.method:POST, server.address:127.0.0.1, server.port:37867, url.scheme:http, url.path:/v1/db/protocol_udp/sql, network.protocol.version:1.1","http.request.method":"POST","server.address":"127.0.0.1","server.port":37867,"url.scheme":"http","url.path":"/v1/db/protocol_udp/sql","network.protocol.version":"1.1"},{"Message":"ConnectionId:0HNOB311VDJH6","ConnectionId":"0HNOB311VDJH6"},{"Message":"RequestPath:/v1/db/protocol_udp/sql RequestId:0HNOB311VDJH6:00000002","RequestId":"0HNOB311VDJH6:00000002","RequestPath":"/v1/db/protocol_udp/sql"}]}
{"Timestamp":"2026-09-05T06:39:38.672Z","EventId":1,"LogLevel":"Information","Category":"Microsoft.AspNetCore.Hosting.Diagnostics","Message":"Request starting HTTP/1.1 POST http://127.0.0.1:37867/v1/db/protocol_mqtt/sql - application/json;\u002Bcharset=utf-8 66","State":{"Protocol":"HTTP/1.1","Method":"POST","ContentType":"application/json; charset=utf-8","ContentLength":66,"Scheme":"http","Host":"127.0.0.1:37867","PathBase":"","Path":"/v1/db/protocol_mqtt/sql","QueryString":"","{OriginalFormat}":"Request starting {Protocol} {Method} {Scheme}://{Host}{PathBase}{Path}{QueryString} - {ContentType} {ContentLength}"},"Scopes":[{"Message":"SpanId:548109bb350cc0a6, TraceId:60677fc5a7e2e3b5b213deeadbb69e9b, ParentId:48e1255cd13fd470","SpanId":"548109bb350cc0a6","TraceId":"60677fc5a7e2e3b5b213deeadbb69e9b","ParentId":"48e1255cd13fd470"},{"Message":"http.request.method:POST, server.address:127.0.0.1, server.port:37867, url.scheme:http, url.path:/v1/db/protocol_mqtt/sql, network.protocol.version:1.1","http.request.method":"POST","server.address":"127.0.0.1","server.port":37867,"url.scheme":"http","url.path":"/v1/db/protocol_mqtt/sql","network.protocol.version":"1.1"},{"Message":"ConnectionId:0HNOB311VDJH6","ConnectionId":"0HNOB311VDJH6"},{"Message":"RequestPath:/v1/db/protocol_mqtt/sql RequestId:0HNOB311VDJH6:00000003","RequestId":"0HNOB311VDJH6:00000003","RequestPath":"/v1/db/protocol_mqtt/sql"}]}
{"Timestamp":"2026-09-05T06:39:38.672Z","EventId":0,"LogLevel":"Information","Category":"Microsoft.AspNetCore.Routing.EndpointMiddleware","Message":"Executing endpoint \u0027HTTP: POST /v1/db/{db}/sql\u0027","State":{"EndpointName":"HTTP: POST /v1/db/{db}/sql","{OriginalFormat}":"Executing endpoint \u0027{EndpointName}\u0027"},"Scopes":[{"Message":"SpanId:548109bb350cc0a6, TraceId:60677fc5a7e2e3b5b213deeadbb69e9b, ParentId:48e1255cd13fd470","SpanId":"548109bb350cc0a6","TraceId":"60677fc5a7e2e3b5b213deeadbb69e9b","ParentId":"48e1255cd13fd470"},{"Message":"http.request.method:POST, server.address:127.0.0.1, server.port:37867, url.scheme:http, url.path:/v1/db/protocol_mqtt/sql, network.protocol.version:1.1","http.request.method":"POST","server.address":"127.0.0.1","server.port":37867,"url.scheme":"http","url.path":"/v1/db/protocol_mqtt/sql","network.protocol.version":"1.1"},{"Message":"ConnectionId:0HNOB311VDJH6","ConnectionId":"0HNOB311VDJH6"},{"Message":"RequestPath:/v1/db/protocol_mqtt/sql RequestId:0HNOB311VDJH6:00000003","RequestId":"0HNOB311VDJH6:00000003","RequestPath":"/v1/db/protocol_mqtt/sql"}]}
{"Timestamp":"2026-09-05T06:39:38.672Z","EventId":1,"LogLevel":"Information","Category":"Microsoft.AspNetCore.Routing.EndpointMiddleware","Message":"Executed endpoint \u0027HTTP: POST /v1/db/{db}/sql\u0027","State":{"EndpointName":"HTTP: POST /v1/db/{db}/sql","{OriginalFormat}":"Executed endpoint \u0027{EndpointName}\u0027"},"Scopes":[{"Message":"SpanId:548109bb350cc0a6, TraceId:60677fc5a7e2e3b5b213deeadbb69e9b, ParentId:48e1255cd13fd470","SpanId":"548109bb350cc0a6","TraceId":"60677fc5a7e2e3b5b213deeadbb69e9b","ParentId":"48e1255cd13fd470"},{"Message":"http.request.method:POST, server.address:127.0.0.1, server.port:37867, url.scheme:http, url.path:/v1/db/protocol_mqtt/sql, network.protocol.version:1.1","http.request.method":"POST","server.address":"127.0.0.1","server.port":37867,"url.scheme":"http","url.path":"/v1/db/protocol_mqtt/sql","network.protocol.version":"1.1"},{"Message":"ConnectionId:0HNOB311VDJH6","ConnectionId":"0HNOB311VDJH6"},{"Message":"RequestPath:/v1/db/protocol_mqtt/sql RequestId:0HNOB311VDJH6:00000003","RequestId":"0HNOB311VDJH6:00000003","RequestPath":"/v1/db/protocol_mqtt/sql"}]}
{"Timestamp":"2026-09-05T06:39:38.672Z","EventId":2,"LogLevel":"Information","Category":"Microsoft.AspNetCore.Hosting.Diagnostics","Message":"Request finished HTTP/1.1 POST http://127.0.0.1:37867/v1/db/protocol_mqtt/sql - 200 - application/x-ndjson;\u002Bcharset=utf-8 0.4708ms","State":{"ElapsedMilliseconds":0.4708,"StatusCode":200,"ContentType":"application/x-ndjson; charset=utf-8","ContentLength":null,"Protocol":"HTTP/1.1","Method":"POST","Scheme":"http","Host":"127.0.0.1:37867","PathBase":"","Path":"/v1/db/protocol_mqtt/sql","QueryString":"","{OriginalFormat}":"Request finished {Protocol} {Method} {Scheme}://{Host}{PathBase}{Path}{QueryString} - {StatusCode} {ContentLength} {ContentType} {ElapsedMilliseconds}ms"},"Scopes":[{"Message":"SpanId:548109bb350cc0a6, TraceId:60677fc5a7e2e3b5b213deeadbb69e9b, ParentId:48e1255cd13fd470","SpanId":"548109bb350cc0a6","TraceId":"60677fc5a7e2e3b5b213deeadbb69e9b","ParentId":"48e1255cd13fd470"},{"Message":"http.request.method:POST, server.address:127.0.0.1, server.port:37867, url.scheme:http, url.path:/v1/db/protocol_mqtt/sql, network.protocol.version:1.1","http.request.method":"POST","server.address":"127.0.0.1","server.port":37867,"url.scheme":"http","url.path":"/v1/db/protocol_mqtt/sql","network.protocol.version":"1.1"},{"Message":"ConnectionId:0HNOB311VDJH6","ConnectionId":"0HNOB311VDJH6"},{"Message":"RequestPath:/v1/db/protocol_mqtt/sql RequestId:0HNOB311VDJH6:00000003","RequestId":"0HNOB311VDJH6:00000003","RequestPath":"/v1/db/protocol_mqtt/sql"}]}
{"Timestamp":"2026-09-05T06:39:38.673Z","EventId":1,"LogLevel":"Information","Category":"Microsoft.AspNetCore.Hosting.Diagnostics","Message":"Request starting HTTP/1.1 POST http://127.0.0.1:37867/v1/db/protocol_coap/sql - application/json;\u002Bcharset=utf-8 66","State":{"Protocol":"HTTP/1.1","Method":"POST","ContentType":"application/json; charset=utf-8","ContentLength":66,"Scheme":"http","Host":"127.0.0.1:37867","PathBase":"","Path":"/v1/db/protocol_coap/sql","QueryString":"","{OriginalFormat}":"Request starting {Protocol} {Method} {Scheme}://{Host}{PathBase}{Path}{QueryString} - {ContentType} {ContentLength}"},"Scopes":[{"Message":"SpanId:8ceee7d955905e87, TraceId:ce841bc3ea92ceceefa234c521d196b2, ParentId:6cb8675a917012ab","SpanId":"8ceee7d955905e87","TraceId":"ce841bc3ea92ceceefa234c521d196b2","ParentId":"6cb8675a917012ab"},{"Message":"http.request.method:POST, server.address:127.0.0.1, server.port:37867, url.scheme:http, url.path:/v1/db/protocol_coap/sql, network.protocol.version:1.1","http.request.method":"POST","server.address":"127.0.0.1","server.port":37867,"url.scheme":"http","url.path":"/v1/db/protocol_coap/sql","network.protocol.version":"1.1"},{"Message":"ConnectionId:0HNOB311VDJH6","ConnectionId":"0HNOB311VDJH6"},{"Message":"RequestPath:/v1/db/protocol_coap/sql RequestId:0HNOB311VDJH6:00000004","RequestId":"0HNOB311VDJH6:00000004","RequestPath":"/v1/db/protocol_coap/sql"}]}
{"Timestamp":"2026-09-05T06:39:38.673Z","EventId":0,"LogLevel":"Information","Category":"Microsoft.AspNetCore.Routing.EndpointMiddleware","Message":"Executing endpoint \u0027HTTP: POST /v1/db/{db}/sql\u0027","State":{"EndpointName":"HTTP: POST /v1/db/{db}/sql","{OriginalFormat}":"Executing endpoint \u0027{EndpointName}\u0027"},"Scopes":[{"Message":"SpanId:8ceee7d955905e87, TraceId:ce841bc3ea92ceceefa234c521d196b2, ParentId:6cb8675a917012ab","SpanId":"8ceee7d955905e87","TraceId":"ce841bc3ea92ceceefa234c521d196b2","ParentId":"6cb8675a917012ab"},{"Message":"http.request.method:POST, server.address:127.0.0.1, server.port:37867, url.scheme:http, url.path:/v1/db/protocol_coap/sql, network.protocol.version:1.1","http.request.method":"POST","server.address":"127.0.0.1","server.port":37867,"url.scheme":"http","url.path":"/v1/db/protocol_coap/sql","network.protocol.version":"1.1"},{"Message":"ConnectionId:0HNOB311VDJH6","ConnectionId":"0HNOB311VDJH6"},{"Message":"RequestPath:/v1/db/protocol_coap/sql RequestId:0HNOB311VDJH6:00000004","RequestId":"0HNOB311VDJH6:00000004","RequestPath":"/v1/db/protocol_coap/sql"}]}
{"Timestamp":"2026-09-05T06:39:38.673Z","EventId":1,"LogLevel":"Information","Category":"Microsoft.AspNetCore.Routing.EndpointMiddleware","Message":"Executed endpoint \u0027HTTP: POST /v1/db/{db}/sql\u0027","State":{"EndpointName":"HTTP: POST /v1/db/{db}/sql","{OriginalFormat}":"Executed endpoint \u0027{EndpointName}\u0027"},"Scopes":[{"Message":"SpanId:8ceee7d955905e87, TraceId:ce841bc3ea92ceceefa234c521d196b2, ParentId:6cb8675a917012ab","SpanId":"8ceee7d955905e87","TraceId":"ce841bc3ea92ceceefa234c521d196b2","ParentId":"6cb8675a917012ab"},{"Message":"http.request.method:POST, server.address:127.0.0.1, server.port:37867, url.scheme:http, url.path:/v1/db/protocol_coap/sql, network.protocol.version:1.1","http.request.method":"POST","server.address":"127.0.0.1","server.port":37867,"url.scheme":"http","url.path":"/v1/db/protocol_coap/sql","network.protocol.version":"1.1"},{"Message":"ConnectionId:0HNOB311VDJH6","ConnectionId":"0HNOB311VDJH6"},{"Message":"RequestPath:/v1/db/protocol_coap/sql RequestId:0HNOB311VDJH6:00000004","RequestId":"0HNOB311VDJH6:00000004","RequestPath":"/v1/db/protocol_coap/sql"}]}
{"Timestamp":"2026-09-05T06:39:38.673Z","EventId":2,"LogLevel":"Information","Category":"Microsoft.AspNetCore.Hosting.Diagnostics","Message":"Request finished HTTP/1.1 POST http://127.0.0.1:37867/v1/db/protocol_coap/sql - 200 - application/x-ndjson;\u002Bcharset=utf-8 0.4700ms","State":{"ElapsedMilliseconds":0.47,"StatusCode":200,"ContentType":"application/x-ndjson; charset=utf-8","ContentLength":null,"Protocol":"HTTP/1.1","Method":"POST","Scheme":"http","Host":"127.0.0.1:37867","PathBase":"","Path":"/v1/db/protocol_coap/sql","QueryString":"","{OriginalFormat}":"Request finished {Protocol} {Method} {Scheme}://{Host}{PathBase}{Path}{QueryString} - {StatusCode} {ContentLength} {ContentType} {ElapsedMilliseconds}ms"},"Scopes":[{"Message":"SpanId:8ceee7d955905e87, TraceId:ce841bc3ea92ceceefa234c521d196b2, ParentId:6cb8675a917012ab","SpanId":"8ceee7d955905e87","TraceId":"ce841bc3ea92ceceefa234c521d196b2","ParentId":"6cb8675a917012ab"},{"Message":"http.request.method:POST, server.address:127.0.0.1, server.port:37867, url.scheme:http, url.path:/v1/db/protocol_coap/sql, network.protocol.version:1.1","http.request.method":"POST","server.address":"127.0.0.1","server.port":37867,"url.scheme":"http","url.path":"/v1/db/protocol_coap/sql","network.protocol.version":"1.1"},{"Message":"ConnectionId:0HNOB311VDJH6","ConnectionId":"0HNOB311VDJH6"},{"Message":"RequestPath:/v1/db/protocol_coap/sql RequestId:0HNOB311VDJH6:00000004","RequestId":"0HNOB311VDJH6:00000004","RequestPath":"/v1/db/protocol_coap/sql"}]}
{"Timestamp":"2026-09-05T06:39:38.678Z","EventId":0,"LogLevel":"Information","Category":"Microsoft.Hosting.Lifetime","Message":"Application is shutting down...","State":{"{OriginalFormat}":"Application is shutting down..."},"Scopes":[]}
[xUnit.net 00:01:25.22]   Finished:    SonnetDB.Parity
</StdOut>
    </Output>
  </ResultSummary>
</TestRun>