<?xml version="1.0" encoding="utf-8"?>
<TestRun id="d949e0d9-3f5c-4ef8-b277-c1e854bb8196" name="@runnervmejwal 2026-09-05 06:39:42" xmlns="http://microsoft.com/schemas/VisualStudio/TeamTest/2010">
  <Times creation="2026-09-05T06:39:42.0751179+00:00" queuing="2026-09-05T06:39:42.0751180+00:00" start="2026-09-05T06:39:40.1994352+00:00" finish="2026-09-05T06:39:48.0384792+00:00" />
  <TestSettings name="default" id="502f0161-fccb-45b3-bc72-ce3e0169d00a">
    <Deployment runDeploymentRoot="_runnervmejwal_2026-09-05_06_39_42" />
  </TestSettings>
  <Results>
    <UnitTestResult executionId="2fff8504-cbc5-4119-b96a-57adcf598198" testId="719ee9c2-b843-29cb-bb45-ddae30178768" testName="SonnetDB.CrashTests.CrashReliabilityTests.power_loss_half_renamed_segment_PendingReplacementIsIgnoredOnReopen" computerName="runnervmejwal" duration="00:00:00.2447890" startTime="2026-09-05T06:39:40.7778614+00:00" endTime="2026-09-05T06:39:41.0295021+00:00" testType="13cdc9d9-ddb5-4fa4-a97d-d965ccfc6d4b" outcome="Passed" testListId="8c84fa94-04c1-424b-9868-57a2d4851a1d" relativeResultsDirectory="2fff8504-cbc5-4119-b96a-57adcf598198" />
    <UnitTestResult executionId="b2b4032d-1ce1-4314-9430-20d2f497b379" testId="3ed8f3c2-3284-1a28-63f1-358738d5a81d" testName="SonnetDB.CrashTests.CrashReliabilityTests.oom_protection_memtable_backpressure_HardCapFlushesBeforeUnboundedGrowth" computerName="runnervmejwal" duration="00:00:00.0728092" startTime="2026-09-05T06:39:44.9867982+00:00" endTime="2026-09-05T06:39:45.0594519+00:00" testType="13cdc9d9-ddb5-4fa4-a97d-d965ccfc6d4b" outcome="Passed" testListId="8c84fa94-04c1-424b-9868-57a2d4851a1d" relativeResultsDirectory="b2b4032d-1ce1-4314-9430-20d2f497b379" />
    <UnitTestResult executionId="548c97b9-3f60-48cb-83f2-901f24cc720b" testId="c69b76cf-c18e-bebd-fa50-e1cbed3f35a7" testName="SonnetDB.CrashTests.CrashReliabilityTests.crash_kill9_after_delete_DeletedRangeStaysDeleted" computerName="runnervmejwal" duration="00:00:00.7564348" startTime="2026-09-05T06:39:44.2338519+00:00" endTime="2026-09-05T06:39:44.9864997+00:00" testType="13cdc9d9-ddb5-4fa4-a97d-d965ccfc6d4b" outcome="Passed" testListId="8c84fa94-04c1-424b-9868-57a2d4851a1d" relativeResultsDirectory="548c97b9-3f60-48cb-83f2-901f24cc720b" />
    <UnitTestResult executionId="4555620a-6d40-4a7e-9547-8b1da4aaf582" testId="cf268a46-eed7-90c1-44fe-4c2f2f2de1b2" testName="SonnetDB.CrashTests.CrashReliabilityTests.GraphManager_CrossProcessLifecycleLease_RejectsConcurrentOwnerAndReopensAfterTermination" computerName="runnervmejwal" duration="00:00:00.1340854" startTime="2026-09-05T06:39:47.8306614+00:00" endTime="2026-09-05T06:39:47.9646922+00:00" testType="13cdc9d9-ddb5-4fa4-a97d-d965ccfc6d4b" outcome="Passed" testListId="8c84fa94-04c1-424b-9868-57a2d4851a1d" relativeResultsDirectory="4555620a-6d40-4a7e-9547-8b1da4aaf582" />
    <UnitTestResult executionId="bd15462f-250e-44ba-9719-3e729050ba60" testId="939f4755-8654-694a-aa27-8a1c688f8ed8" testName="SonnetDB.CrashTests.CrashReliabilityTests.crash_kill9_os_flushed_writes_AckedWritesSurviveProcessCrash" computerName="runnervmejwal" duration="00:00:00.5671231" startTime="2026-09-05T06:39:46.5023020+00:00" endTime="2026-09-05T06:39:47.0693464+00:00" testType="13cdc9d9-ddb5-4fa4-a97d-d965ccfc6d4b" outcome="Passed" testListId="8c84fa94-04c1-424b-9868-57a2d4851a1d" relativeResultsDirectory="bd15462f-250e-44ba-9719-3e729050ba60" />
    <UnitTestResult executionId="8947a190-425d-47ce-847d-bddc7b2ea4ec" testId="9150857f-c4e4-07c5-0035-9fdc417b3556" testName="SonnetDB.CrashTests.CrashReliabilityTests.disk_full_during_wal_append_PreservesPreviouslySyncedRecords" computerName="runnervmejwal" duration="00:00:00.0153475" startTime="2026-09-05T06:39:47.0695120+00:00" endTime="2026-09-05T06:39:47.0848468+00:00" testType="13cdc9d9-ddb5-4fa4-a97d-d965ccfc6d4b" outcome="Passed" testListId="8c84fa94-04c1-424b-9868-57a2d4851a1d" relativeResultsDirectory="8947a190-425d-47ce-847d-bddc7b2ea4ec" />
    <UnitTestResult executionId="f9fcb52e-c883-4a86-a1a2-e28406823c24" testId="d45c77e4-b792-6e3c-bc36-60e655cd84b1" testName="SonnetDB.CrashTests.CrashReliabilityTests.crash_kill9_betweenTriggerTableCommits_ReopenReportsMeasuredPartialPair" computerName="runnervmejwal" duration="00:00:00.4487581" startTime="2026-09-05T06:39:46.0370799+00:00" endTime="2026-09-05T06:39:46.4857897+00:00" testType="13cdc9d9-ddb5-4fa4-a97d-d965ccfc6d4b" outcome="Passed" testListId="8c84fa94-04c1-424b-9868-57a2d4851a1d" relativeResultsDirectory="f9fcb52e-c883-4a86-a1a2-e28406823c24" />
    <UnitTestResult executionId="45358413-e9e5-4c95-8e43-edc39c893b82" testId="6d2529d1-17c4-74dd-8b49-9d11989bb1d3" testName="SonnetDB.CrashTests.CrashReliabilityTests.power_loss_torn_record_ReopenIgnoresTornWalTail" computerName="runnervmejwal" duration="00:00:00.0161249" startTime="2026-09-05T06:39:46.4860039+00:00" endTime="2026-09-05T06:39:46.5020806+00:00" testType="13cdc9d9-ddb5-4fa4-a97d-d965ccfc6d4b" outcome="Passed" testListId="8c84fa94-04c1-424b-9868-57a2d4851a1d" relativeResultsDirectory="45358413-e9e5-4c95-8e43-edc39c893b82" />
    <UnitTestResult executionId="d53ecf56-d1ba-4785-a4be-0c9720bbee93" testId="0f349738-363a-8ef0-8a25-a36953b9592a" testName="SonnetDB.CrashTests.CrashReliabilityTests.crash_kill9_mid_compaction_ReopenDoesNotDuplicateCommittedSegments" computerName="runnervmejwal" duration="00:00:00.9772803" startTime="2026-09-05T06:39:45.0598178+00:00" endTime="2026-09-05T06:39:46.0368530+00:00" testType="13cdc9d9-ddb5-4fa4-a97d-d965ccfc6d4b" outcome="Passed" testListId="8c84fa94-04c1-424b-9868-57a2d4851a1d" relativeResultsDirectory="d53ecf56-d1ba-4785-a4be-0c9720bbee93" />
    <UnitTestResult executionId="7ff5581c-31a6-40cd-8c6e-29531eed2fe3" testId="cbacb637-f33d-723f-1062-c8637f0fe42b" testName="SonnetDB.CrashTests.CrashReliabilityTests.crash_kill9_during_fsync_ReopenReplaysOnlyValidWalRecords" computerName="runnervmejwal" duration="00:00:00.7454181" startTime="2026-09-05T06:39:47.0850471+00:00" endTime="2026-09-05T06:39:47.8304182+00:00" testType="13cdc9d9-ddb5-4fa4-a97d-d965ccfc6d4b" outcome="Passed" testListId="8c84fa94-04c1-424b-9868-57a2d4851a1d" relativeResultsDirectory="7ff5581c-31a6-40cd-8c6e-29531eed2fe3" />
    <UnitTestResult executionId="8b82abc3-3000-44cc-9b11-be3acea69fab" testId="4016c876-7137-477e-613d-c468d2334112" testName="SonnetDB.CrashTests.CrashReliabilityTests.crash_kill9_graph_batch_during_fsync_ReopenSeesOnlyCompletePreOrPostState" computerName="runnervmejwal" duration="00:00:03.1985467" startTime="2026-09-05T06:39:41.0434738+00:00" endTime="2026-09-05T06:39:44.2288432+00:00" testType="13cdc9d9-ddb5-4fa4-a97d-d965ccfc6d4b" outcome="Passed" testListId="8c84fa94-04c1-424b-9868-57a2d4851a1d" relativeResultsDirectory="8b82abc3-3000-44cc-9b11-be3acea69fab" />
  </Results>
  <TestDefinitions>
    <UnitTest name="SonnetDB.CrashTests.CrashReliabilityTests.crash_kill9_during_fsync_ReopenReplaysOnlyValidWalRecords" storage="/home/runner/work/sonnetdb/sonnetdb/tests/sonnetdb.crashtests/bin/release/net10.0/sonnetdb.crashtests.dll" id="cbacb637-f33d-723f-1062-c8637f0fe42b">
      <Execution id="7ff5581c-31a6-40cd-8c6e-29531eed2fe3" />
      <TestMethod codeBase="/home/runner/work/SonnetDB/SonnetDB/tests/SonnetDB.CrashTests/bin/Release/net10.0/SonnetDB.CrashTests.dll" adapterTypeName="executor://xunit/VsTestRunner3/netcore/" className="SonnetDB.CrashTests.CrashReliabilityTests" name="crash_kill9_during_fsync_ReopenReplaysOnlyValidWalRecords" />
    </UnitTest>
    <UnitTest name="SonnetDB.CrashTests.CrashReliabilityTests.oom_protection_memtable_backpressure_HardCapFlushesBeforeUnboundedGrowth" storage="/home/runner/work/sonnetdb/sonnetdb/tests/sonnetdb.crashtests/bin/release/net10.0/sonnetdb.crashtests.dll" id="3ed8f3c2-3284-1a28-63f1-358738d5a81d">
      <Execution id="b2b4032d-1ce1-4314-9430-20d2f497b379" />
      <TestMethod codeBase="/home/runner/work/SonnetDB/SonnetDB/tests/SonnetDB.CrashTests/bin/Release/net10.0/SonnetDB.CrashTests.dll" adapterTypeName="executor://xunit/VsTestRunner3/netcore/" className="SonnetDB.CrashTests.CrashReliabilityTests" name="oom_protection_memtable_backpressure_HardCapFlushesBeforeUnboundedGrowth" />
    </UnitTest>
    <UnitTest name="SonnetDB.CrashTests.CrashReliabilityTests.crash_kill9_after_delete_DeletedRangeStaysDeleted" storage="/home/runner/work/sonnetdb/sonnetdb/tests/sonnetdb.crashtests/bin/release/net10.0/sonnetdb.crashtests.dll" id="c69b76cf-c18e-bebd-fa50-e1cbed3f35a7">
      <Execution id="548c97b9-3f60-48cb-83f2-901f24cc720b" />
      <TestMethod codeBase="/home/runner/work/SonnetDB/SonnetDB/tests/SonnetDB.CrashTests/bin/Release/net10.0/SonnetDB.CrashTests.dll" adapterTypeName="executor://xunit/VsTestRunner3/netcore/" className="SonnetDB.CrashTests.CrashReliabilityTests" name="crash_kill9_after_delete_DeletedRangeStaysDeleted" />
    </UnitTest>
    <UnitTest name="SonnetDB.CrashTests.CrashReliabilityTests.crash_kill9_graph_batch_during_fsync_ReopenSeesOnlyCompletePreOrPostState" storage="/home/runner/work/sonnetdb/sonnetdb/tests/sonnetdb.crashtests/bin/release/net10.0/sonnetdb.crashtests.dll" id="4016c876-7137-477e-613d-c468d2334112">
      <Execution id="8b82abc3-3000-44cc-9b11-be3acea69fab" />
      <TestMethod codeBase="/home/runner/work/SonnetDB/SonnetDB/tests/SonnetDB.CrashTests/bin/Release/net10.0/SonnetDB.CrashTests.dll" adapterTypeName="executor://xunit/VsTestRunner3/netcore/" className="SonnetDB.CrashTests.CrashReliabilityTests" name="crash_kill9_graph_batch_during_fsync_ReopenSeesOnlyCompletePreOrPostState" />
    </UnitTest>
    <UnitTest name="SonnetDB.CrashTests.CrashReliabilityTests.GraphManager_CrossProcessLifecycleLease_RejectsConcurrentOwnerAndReopensAfterTermination" storage="/home/runner/work/sonnetdb/sonnetdb/tests/sonnetdb.crashtests/bin/release/net10.0/sonnetdb.crashtests.dll" id="cf268a46-eed7-90c1-44fe-4c2f2f2de1b2">
      <Execution id="4555620a-6d40-4a7e-9547-8b1da4aaf582" />
      <TestMethod codeBase="/home/runner/work/SonnetDB/SonnetDB/tests/SonnetDB.CrashTests/bin/Release/net10.0/SonnetDB.CrashTests.dll" adapterTypeName="executor://xunit/VsTestRunner3/netcore/" className="SonnetDB.CrashTests.CrashReliabilityTests" name="GraphManager_CrossProcessLifecycleLease_RejectsConcurrentOwnerAndReopensAfterTermination" />
    </UnitTest>
    <UnitTest name="SonnetDB.CrashTests.CrashReliabilityTests.crash_kill9_os_flushed_writes_AckedWritesSurviveProcessCrash" storage="/home/runner/work/sonnetdb/sonnetdb/tests/sonnetdb.crashtests/bin/release/net10.0/sonnetdb.crashtests.dll" id="939f4755-8654-694a-aa27-8a1c688f8ed8">
      <Execution id="bd15462f-250e-44ba-9719-3e729050ba60" />
      <TestMethod codeBase="/home/runner/work/SonnetDB/SonnetDB/tests/SonnetDB.CrashTests/bin/Release/net10.0/SonnetDB.CrashTests.dll" adapterTypeName="executor://xunit/VsTestRunner3/netcore/" className="SonnetDB.CrashTests.CrashReliabilityTests" name="crash_kill9_os_flushed_writes_AckedWritesSurviveProcessCrash" />
    </UnitTest>
    <UnitTest name="SonnetDB.CrashTests.CrashReliabilityTests.power_loss_half_renamed_segment_PendingReplacementIsIgnoredOnReopen" storage="/home/runner/work/sonnetdb/sonnetdb/tests/sonnetdb.crashtests/bin/release/net10.0/sonnetdb.crashtests.dll" id="719ee9c2-b843-29cb-bb45-ddae30178768">
      <Execution id="2fff8504-cbc5-4119-b96a-57adcf598198" />
      <TestMethod codeBase="/home/runner/work/SonnetDB/SonnetDB/tests/SonnetDB.CrashTests/bin/Release/net10.0/SonnetDB.CrashTests.dll" adapterTypeName="executor://xunit/VsTestRunner3/netcore/" className="SonnetDB.CrashTests.CrashReliabilityTests" name="power_loss_half_renamed_segment_PendingReplacementIsIgnoredOnReopen" />
    </UnitTest>
    <UnitTest name="SonnetDB.CrashTests.CrashReliabilityTests.crash_kill9_mid_compaction_ReopenDoesNotDuplicateCommittedSegments" storage="/home/runner/work/sonnetdb/sonnetdb/tests/sonnetdb.crashtests/bin/release/net10.0/sonnetdb.crashtests.dll" id="0f349738-363a-8ef0-8a25-a36953b9592a">
      <Execution id="d53ecf56-d1ba-4785-a4be-0c9720bbee93" />
      <TestMethod codeBase="/home/runner/work/SonnetDB/SonnetDB/tests/SonnetDB.CrashTests/bin/Release/net10.0/SonnetDB.CrashTests.dll" adapterTypeName="executor://xunit/VsTestRunner3/netcore/" className="SonnetDB.CrashTests.CrashReliabilityTests" name="crash_kill9_mid_compaction_ReopenDoesNotDuplicateCommittedSegments" />
    </UnitTest>
    <UnitTest name="SonnetDB.CrashTests.CrashReliabilityTests.disk_full_during_wal_append_PreservesPreviouslySyncedRecords" storage="/home/runner/work/sonnetdb/sonnetdb/tests/sonnetdb.crashtests/bin/release/net10.0/sonnetdb.crashtests.dll" id="9150857f-c4e4-07c5-0035-9fdc417b3556">
      <Execution id="8947a190-425d-47ce-847d-bddc7b2ea4ec" />
      <TestMethod codeBase="/home/runner/work/SonnetDB/SonnetDB/tests/SonnetDB.CrashTests/bin/Release/net10.0/SonnetDB.CrashTests.dll" adapterTypeName="executor://xunit/VsTestRunner3/netcore/" className="SonnetDB.CrashTests.CrashReliabilityTests" name="disk_full_during_wal_append_PreservesPreviouslySyncedRecords" />
    </UnitTest>
    <UnitTest name="SonnetDB.CrashTests.CrashReliabilityTests.crash_kill9_betweenTriggerTableCommits_ReopenReportsMeasuredPartialPair" storage="/home/runner/work/sonnetdb/sonnetdb/tests/sonnetdb.crashtests/bin/release/net10.0/sonnetdb.crashtests.dll" id="d45c77e4-b792-6e3c-bc36-60e655cd84b1">
      <Execution id="f9fcb52e-c883-4a86-a1a2-e28406823c24" />
      <TestMethod codeBase="/home/runner/work/SonnetDB/SonnetDB/tests/SonnetDB.CrashTests/bin/Release/net10.0/SonnetDB.CrashTests.dll" adapterTypeName="executor://xunit/VsTestRunner3/netcore/" className="SonnetDB.CrashTests.CrashReliabilityTests" name="crash_kill9_betweenTriggerTableCommits_ReopenReportsMeasuredPartialPair" />
    </UnitTest>
    <UnitTest name="SonnetDB.CrashTests.CrashReliabilityTests.power_loss_torn_record_ReopenIgnoresTornWalTail" storage="/home/runner/work/sonnetdb/sonnetdb/tests/sonnetdb.crashtests/bin/release/net10.0/sonnetdb.crashtests.dll" id="6d2529d1-17c4-74dd-8b49-9d11989bb1d3">
      <Execution id="45358413-e9e5-4c95-8e43-edc39c893b82" />
      <TestMethod codeBase="/home/runner/work/SonnetDB/SonnetDB/tests/SonnetDB.CrashTests/bin/Release/net10.0/SonnetDB.CrashTests.dll" adapterTypeName="executor://xunit/VsTestRunner3/netcore/" className="SonnetDB.CrashTests.CrashReliabilityTests" name="power_loss_torn_record_ReopenIgnoresTornWalTail" />
    </UnitTest>
  </TestDefinitions>
  <TestEntries>
    <TestEntry testId="719ee9c2-b843-29cb-bb45-ddae30178768" executionId="2fff8504-cbc5-4119-b96a-57adcf598198" testListId="8c84fa94-04c1-424b-9868-57a2d4851a1d" />
    <TestEntry testId="3ed8f3c2-3284-1a28-63f1-358738d5a81d" executionId="b2b4032d-1ce1-4314-9430-20d2f497b379" testListId="8c84fa94-04c1-424b-9868-57a2d4851a1d" />
    <TestEntry testId="c69b76cf-c18e-bebd-fa50-e1cbed3f35a7" executionId="548c97b9-3f60-48cb-83f2-901f24cc720b" testListId="8c84fa94-04c1-424b-9868-57a2d4851a1d" />
    <TestEntry testId="cf268a46-eed7-90c1-44fe-4c2f2f2de1b2" executionId="4555620a-6d40-4a7e-9547-8b1da4aaf582" testListId="8c84fa94-04c1-424b-9868-57a2d4851a1d" />
    <TestEntry testId="939f4755-8654-694a-aa27-8a1c688f8ed8" executionId="bd15462f-250e-44ba-9719-3e729050ba60" testListId="8c84fa94-04c1-424b-9868-57a2d4851a1d" />
    <TestEntry testId="9150857f-c4e4-07c5-0035-9fdc417b3556" executionId="8947a190-425d-47ce-847d-bddc7b2ea4ec" testListId="8c84fa94-04c1-424b-9868-57a2d4851a1d" />
    <TestEntry testId="d45c77e4-b792-6e3c-bc36-60e655cd84b1" executionId="f9fcb52e-c883-4a86-a1a2-e28406823c24" testListId="8c84fa94-04c1-424b-9868-57a2d4851a1d" />
    <TestEntry testId="6d2529d1-17c4-74dd-8b49-9d11989bb1d3" executionId="45358413-e9e5-4c95-8e43-edc39c893b82" testListId="8c84fa94-04c1-424b-9868-57a2d4851a1d" />
    <TestEntry testId="0f349738-363a-8ef0-8a25-a36953b9592a" executionId="d53ecf56-d1ba-4785-a4be-0c9720bbee93" testListId="8c84fa94-04c1-424b-9868-57a2d4851a1d" />
    <TestEntry testId="cbacb637-f33d-723f-1062-c8637f0fe42b" executionId="7ff5581c-31a6-40cd-8c6e-29531eed2fe3" testListId="8c84fa94-04c1-424b-9868-57a2d4851a1d" />
    <TestEntry testId="4016c876-7137-477e-613d-c468d2334112" executionId="8b82abc3-3000-44cc-9b11-be3acea69fab" testListId="8c84fa94-04c1-424b-9868-57a2d4851a1d" />
  </TestEntries>
  <TestLists>
    <TestList name="Results Not in a List" id="8c84fa94-04c1-424b-9868-57a2d4851a1d" />
    <TestList name="All Loaded Results" id="19431567-8539-422a-85d7-44ee4e166bda" />
  </TestLists>
  <ResultSummary outcome="Completed">
    <Counters total="11" executed="11" passed="11" failed="0" error="0" timeout="0" aborted="0" inconclusive="0" passedButRunAborted="0" notRunnable="0" notExecuted="0" disconnected="0" warning="0" completed="0" inProgress="0" pending="0" />
    <Output>
      <StdOut>[xUnit.net 00:00:00.00] xUnit.net VSTest Adapter v3.1.5+1b188a7b0a (64-bit .NET 10.0.11)
[xUnit.net 00:00:00.10]   Discovering: SonnetDB.CrashTests
[xUnit.net 00:00:00.14]   Discovered:  SonnetDB.CrashTests
[xUnit.net 00:00:00.16]   Starting:    SonnetDB.CrashTests
[xUnit.net 00:00:07.38]   Finished:    SonnetDB.CrashTests
</StdOut>
    </Output>
  </ResultSummary>
</TestRun>